0 verbose cli C:\Program Files\nodejs\node.exe C:\Program Files\nodejs\node_modules\npm\bin\npm-cli.js
1 info using npm@11.6.2
2 info using node@v25.2.1
3 silly config load:file:C:\Program Files\nodejs\node_modules\npm\npmrc
4 silly config load:file:C:\Users\BiploB\Desktop\libery\libery-server\.npmrc
5 silly config load:file:C:\Users\BiploB\.npmrc
6 silly config load:file:C:\Users\BiploB\AppData\Roaming\npm\etc\npmrc
7 verbose title npm i nodemon
8 verbose argv "i" "nodemon"
9 verbose logfile logs-max:10 dir:C:\Users\BiploB\Desktop\libery\libery-server\.npm-cache\_logs\2025-12-04T16_40_58_988Z-
10 verbose logfile C:\Users\BiploB\Desktop\libery\libery-server\.npm-cache\_logs\2025-12-04T16_40_58_988Z-debug-0.log
11 silly logfile done cleaning log files
12 silly packumentCache heap:2348810240 maxSize:587202560 maxEntrySize:293601280
13 silly idealTree buildDeps
14 silly fetch manifest nodemon@*
15 silly packumentCache full:https://registry.npmjs.org/nodemon cache-miss
16 http fetch GET 200 https://registry.npmjs.org/nodemon 378ms (cache miss)
17 silly packumentCache full:https://registry.npmjs.org/nodemon set size:undefined disposed:false
18 silly placeDep ROOT nodemon@3.1.11 OK for: server@1.0.0 want: *
19 silly fetch manifest chokidar@^3.5.2
20 silly packumentCache full:https://registry.npmjs.org/chokidar cache-miss
21 silly fetch manifest ignore-by-default@^1.0.1
22 silly packumentCache full:https://registry.npmjs.org/ignore-by-default cache-miss
23 silly fetch manifest minimatch@^3.1.2
24 silly packumentCache full:https://registry.npmjs.org/minimatch cache-miss
25 http fetch GET 200 https://registry.npmjs.org/chokidar 39ms (cache miss)
26 silly packumentCache full:https://registry.npmjs.org/chokidar set size:undefined disposed:false
27 silly fetch manifest pstree.remy@^1.1.8
28 silly packumentCache full:https://registry.npmjs.org/pstree.remy cache-miss
29 http fetch GET 200 https://registry.npmjs.org/ignore-by-default 109ms (cache miss)
30 silly packumentCache full:https://registry.npmjs.org/ignore-by-default set size:undefined disposed:false
31 silly fetch manifest simple-update-notifier@^2.0.0
32 silly packumentCache full:https://registry.npmjs.org/simple-update-notifier cache-miss
33 http fetch GET 200 https://registry.npmjs.org/minimatch 135ms (cache miss)
34 silly packumentCache full:https://registry.npmjs.org/minimatch set size:undefined disposed:false
35 silly fetch manifest supports-color@^5.5.0
36 silly packumentCache full:https://registry.npmjs.org/supports-color cache-miss
37 http fetch GET 200 https://registry.npmjs.org/simple-update-notifier 81ms (cache miss)
38 silly packumentCache full:https://registry.npmjs.org/simple-update-notifier set size:undefined disposed:false
39 silly fetch manifest touch@^3.1.0
40 silly packumentCache full:https://registry.npmjs.org/touch cache-miss
41 http fetch GET 200 https://registry.npmjs.org/supports-color 98ms (cache miss)
42 silly packumentCache full:https://registry.npmjs.org/supports-color set size:undefined disposed:false
43 silly fetch manifest undefsafe@^2.0.5
44 silly packumentCache full:https://registry.npmjs.org/undefsafe cache-miss
45 http fetch GET 200 https://registry.npmjs.org/touch 101ms (cache miss)
46 silly packumentCache full:https://registry.npmjs.org/touch set size:undefined disposed:false
47 http fetch GET 200 https://registry.npmjs.org/undefsafe 107ms (cache miss)
48 silly packumentCache full:https://registry.npmjs.org/undefsafe set size:undefined disposed:false
49 http fetch GET 200 https://registry.npmjs.org/pstree.remy 836ms (cache miss)
50 silly packumentCache full:https://registry.npmjs.org/pstree.remy set size:undefined disposed:false
51 silly placeDep ROOT chokidar@3.6.0 OK for: nodemon@3.1.11 want: ^3.5.2
52 silly placeDep ROOT ignore-by-default@1.0.1 OK for: nodemon@3.1.11 want: ^1.0.1
53 silly placeDep ROOT minimatch@3.1.2 OK for: nodemon@3.1.11 want: ^3.1.2
54 silly placeDep ROOT pstree.remy@1.1.8 OK for: nodemon@3.1.11 want: ^1.1.8
55 silly placeDep ROOT simple-update-notifier@2.0.0 OK for: nodemon@3.1.11 want: ^2.0.0
56 silly placeDep ROOT supports-color@5.5.0 OK for: nodemon@3.1.11 want: ^5.5.0
57 silly placeDep ROOT touch@3.1.1 OK for: nodemon@3.1.11 want: ^3.1.0
58 silly placeDep ROOT undefsafe@2.0.5 OK for: nodemon@3.1.11 want: ^2.0.5
59 silly fetch manifest braces@~3.0.2
60 silly packumentCache full:https://registry.npmjs.org/braces cache-miss
61 silly fetch manifest is-glob@~4.0.1
62 silly packumentCache full:https://registry.npmjs.org/is-glob cache-miss
63 silly fetch manifest anymatch@~3.1.2
64 silly packumentCache full:https://registry.npmjs.org/anymatch cache-miss
65 http fetch GET 200 https://registry.npmjs.org/is-glob 80ms (cache miss)
66 silly packumentCache full:https://registry.npmjs.org/is-glob set size:undefined disposed:false
67 silly fetch manifest readdirp@~3.6.0
68 silly packumentCache full:https://registry.npmjs.org/readdirp cache-miss
69 http fetch GET 200 https://registry.npmjs.org/anymatch 86ms (cache miss)
70 silly packumentCache full:https://registry.npmjs.org/anymatch set size:undefined disposed:false
71 silly fetch manifest glob-parent@~5.1.2
72 silly packumentCache full:https://registry.npmjs.org/glob-parent cache-miss
73 http fetch GET 200 https://registry.npmjs.org/braces 128ms (cache miss)
74 silly packumentCache full:https://registry.npmjs.org/braces set size:undefined disposed:false
75 silly fetch manifest is-binary-path@~2.1.0
76 silly packumentCache full:https://registry.npmjs.org/is-binary-path cache-miss
77 http fetch GET 200 https://registry.npmjs.org/glob-parent 34ms (cache miss)
78 silly packumentCache full:https://registry.npmjs.org/glob-parent set size:undefined disposed:false
79 silly fetch manifest normalize-path@~3.0.0
80 silly packumentCache full:https://registry.npmjs.org/normalize-path cache-miss
81 http fetch GET 200 https://registry.npmjs.org/is-binary-path 52ms (cache miss)
82 silly packumentCache full:https://registry.npmjs.org/is-binary-path set size:undefined disposed:false
83 silly fetch manifest fsevents@~2.3.2
84 silly packumentCache full:https://registry.npmjs.org/fsevents cache-miss
85 http fetch GET 200 https://registry.npmjs.org/readdirp 118ms (cache miss)
86 silly packumentCache full:https://registry.npmjs.org/readdirp set size:undefined disposed:false
87 silly fetch manifest brace-expansion@^1.1.7
88 silly packumentCache full:https://registry.npmjs.org/brace-expansion cache-miss
89 http fetch GET 200 https://registry.npmjs.org/normalize-path 69ms (cache miss)
90 silly packumentCache full:https://registry.npmjs.org/normalize-path set size:undefined disposed:false
91 silly fetch manifest has-flag@^3.0.0
92 silly packumentCache full:https://registry.npmjs.org/has-flag cache-miss
93 http fetch GET 200 https://registry.npmjs.org/fsevents 43ms (cache miss)
94 silly packumentCache full:https://registry.npmjs.org/fsevents set size:undefined disposed:false
95 http fetch GET 200 https://registry.npmjs.org/brace-expansion 47ms (cache miss)
96 silly packumentCache full:https://registry.npmjs.org/brace-expansion set size:undefined disposed:false
97 http fetch GET 200 https://registry.npmjs.org/has-flag 74ms (cache miss)
98 silly packumentCache full:https://registry.npmjs.org/has-flag set size:undefined disposed:false
99 silly placeDep ROOT anymatch@3.1.3 OK for: chokidar@3.6.0 want: ~3.1.2
100 silly placeDep ROOT braces@3.0.3 OK for: chokidar@3.6.0 want: ~3.0.2
101 silly placeDep ROOT fsevents@2.3.3 OK for: chokidar@3.6.0 want: ~2.3.2
102 silly placeDep ROOT glob-parent@5.1.2 OK for: chokidar@3.6.0 want: ~5.1.2
103 silly placeDep ROOT is-binary-path@2.1.0 OK for: chokidar@3.6.0 want: ~2.1.0
104 silly placeDep ROOT is-glob@4.0.3 OK for: chokidar@3.6.0 want: ~4.0.1
105 silly placeDep ROOT normalize-path@3.0.0 OK for: chokidar@3.6.0 want: ~3.0.0
106 silly placeDep ROOT readdirp@3.6.0 OK for: chokidar@3.6.0 want: ~3.6.0
107 silly fetch manifest picomatch@^2.0.4
108 silly packumentCache full:https://registry.npmjs.org/picomatch cache-miss
109 silly fetch manifest normalize-path@^3.0.0
110 silly packumentCache full:https://registry.npmjs.org/normalize-path cache-miss
111 silly fetch manifest fill-range@^7.1.1
112 silly packumentCache full:https://registry.npmjs.org/fill-range cache-miss
113 http cache https://registry.npmjs.org/normalize-path 10ms (cache hit)
114 silly packumentCache full:https://registry.npmjs.org/normalize-path set size:28713 disposed:false
115 silly fetch manifest is-glob@^4.0.1
116 silly packumentCache full:https://registry.npmjs.org/is-glob cache-miss
117 http cache https://registry.npmjs.org/is-glob 6ms (cache hit)
118 silly packumentCache full:https://registry.npmjs.org/is-glob set size:40530 disposed:false
119 silly fetch manifest binary-extensions@^2.0.0
120 silly packumentCache full:https://registry.npmjs.org/binary-extensions cache-miss
121 http fetch GET 200 https://registry.npmjs.org/picomatch 58ms (cache miss)
122 silly packumentCache full:https://registry.npmjs.org/picomatch set size:undefined disposed:false
123 silly fetch manifest is-extglob@^2.1.1
124 silly packumentCache full:https://registry.npmjs.org/is-extglob cache-miss
125 http fetch GET 200 https://registry.npmjs.org/binary-extensions 43ms (cache miss)
126 silly packumentCache full:https://registry.npmjs.org/binary-extensions set size:undefined disposed:false
127 silly fetch manifest picomatch@^2.2.1
128 silly packumentCache full:https://registry.npmjs.org/picomatch cache-miss
129 http cache https://registry.npmjs.org/picomatch 4ms (cache hit)
130 silly packumentCache full:https://registry.npmjs.org/picomatch set size:118818 disposed:false
131 http fetch GET 200 https://registry.npmjs.org/is-extglob 45ms (cache miss)
132 silly packumentCache full:https://registry.npmjs.org/is-extglob set size:undefined disposed:false
133 http fetch GET 200 https://registry.npmjs.org/fill-range 257ms (cache miss)
134 silly packumentCache full:https://registry.npmjs.org/fill-range set size:undefined disposed:false
135 silly placeDep ROOT picomatch@2.3.1 OK for: anymatch@3.1.3 want: ^2.0.4
136 silly placeDep ROOT fill-range@7.1.1 OK for: braces@3.0.3 want: ^7.1.1
137 silly fetch manifest to-regex-range@^5.0.1
138 silly packumentCache full:https://registry.npmjs.org/to-regex-range cache-miss
139 http fetch GET 200 https://registry.npmjs.org/to-regex-range 34ms (cache miss)
140 silly packumentCache full:https://registry.npmjs.org/to-regex-range set size:undefined disposed:false
141 silly placeDep ROOT to-regex-range@5.0.1 OK for: fill-range@7.1.1 want: ^5.0.1
142 silly fetch manifest is-number@^7.0.0
143 silly packumentCache full:https://registry.npmjs.org/is-number cache-miss
144 http fetch GET 200 https://registry.npmjs.org/is-number 32ms (cache miss)
145 silly packumentCache full:https://registry.npmjs.org/is-number set size:undefined disposed:false
146 silly placeDep ROOT binary-extensions@2.3.0 OK for: is-binary-path@2.1.0 want: ^2.0.0
147 silly placeDep ROOT is-extglob@2.1.1 OK for: is-glob@4.0.3 want: ^2.1.1
148 silly placeDep ROOT brace-expansion@1.1.12 OK for: minimatch@3.1.2 want: ^1.1.7
149 silly fetch manifest balanced-match@^1.0.0
150 silly packumentCache full:https://registry.npmjs.org/balanced-match cache-miss
151 silly fetch manifest concat-map@0.0.1
152 silly packumentCache full:https://registry.npmjs.org/concat-map cache-miss
153 http fetch GET 200 https://registry.npmjs.org/concat-map 36ms (cache miss)
154 silly packumentCache full:https://registry.npmjs.org/concat-map set size:undefined disposed:false
155 http fetch GET 200 https://registry.npmjs.org/balanced-match 96ms (cache miss)
156 silly packumentCache full:https://registry.npmjs.org/balanced-match set size:undefined disposed:false
157 silly placeDep ROOT balanced-match@1.0.2 OK for: brace-expansion@1.1.12 want: ^1.0.0
158 silly placeDep ROOT concat-map@0.0.1 OK for: brace-expansion@1.1.12 want: 0.0.1
159 silly placeDep ROOT has-flag@3.0.0 OK for: supports-color@5.5.0 want: ^3.0.0
160 silly placeDep ROOT is-number@7.0.0 OK for: to-regex-range@5.0.1 want: ^7.0.0
161 silly reify moves {}
162 silly audit bulk request {
162 silly audit   '@cspotcode/source-map-support': [ '0.8.1' ],
162 silly audit   '@epic-web/invariant': [ '1.0.0' ],
162 silly audit   '@jridgewell/resolve-uri': [ '3.1.2' ],
162 silly audit   '@jridgewell/sourcemap-codec': [ '1.5.5' ],
162 silly audit   '@jridgewell/trace-mapping': [ '0.3.9' ],
162 silly audit   '@mongodb-js/saslprep': [ '1.3.2' ],
162 silly audit   '@phc/format': [ '1.0.0' ],
162 silly audit   '@tsconfig/node10': [ '1.0.12' ],
162 silly audit   '@tsconfig/node12': [ '1.0.11' ],
162 silly audit   '@tsconfig/node14': [ '1.0.3' ],
162 silly audit   '@tsconfig/node16': [ '1.0.4' ],
162 silly audit   '@types/body-parser': [ '1.19.6' ],
162 silly audit   '@types/connect': [ '3.4.38' ],
162 silly audit   '@types/cors': [ '2.8.19' ],
162 silly audit   '@types/express': [ '5.0.5' ],
162 silly audit   '@types/express-serve-static-core': [ '5.1.0' ],
162 silly audit   '@types/http-errors': [ '2.0.5' ],
162 silly audit   '@types/jsonwebtoken': [ '9.0.10' ],
162 silly audit   '@types/mime': [ '1.3.5' ],
162 silly audit   '@types/ms': [ '2.1.0' ],
162 silly audit   '@types/node': [ '24.10.1' ],
162 silly audit   '@types/qs': [ '6.14.0' ],
162 silly audit   '@types/range-parser': [ '1.2.7' ],
162 silly audit   '@types/send': [ '1.2.1', '0.17.6' ],
162 silly audit   '@types/serve-static': [ '1.15.10' ],
162 silly audit   '@types/webidl-conversions': [ '7.0.3' ],
162 silly audit   '@types/whatwg-url': [ '13.0.0' ],
162 silly audit   accepts: [ '2.0.0' ],
162 silly audit   acorn: [ '8.15.0' ],
162 silly audit   'acorn-walk': [ '8.3.4' ],
162 silly audit   arg: [ '4.1.3' ],
162 silly audit   argon2: [ '0.44.0' ],
162 silly audit   'body-parser': [ '2.2.0' ],
162 silly audit   bson: [ '7.0.0' ],
162 silly audit   'buffer-equal-constant-time': [ '1.0.1' ],
162 silly audit   bytes: [ '3.1.2' ],
162 silly audit   'call-bind-apply-helpers': [ '1.0.2' ],
162 silly audit   'call-bound': [ '1.0.4' ],
162 silly audit   'content-disposition': [ '1.0.1' ],
162 silly audit   'content-type': [ '1.0.5' ],
162 silly audit   cookie: [ '0.7.2' ],
162 silly audit   'cookie-signature': [ '1.2.2' ],
162 silly audit   cors: [ '2.8.5' ],
162 silly audit   'create-require': [ '1.1.1' ],
162 silly audit   'cross-env': [ '10.1.0' ],
162 silly audit   'cross-spawn': [ '7.0.6' ],
162 silly audit   debug: [ '4.4.3' ],
162 silly audit   depd: [ '2.0.0' ],
162 silly audit   diff: [ '4.0.2' ],
162 silly audit   dotenv: [ '17.2.3' ],
162 silly audit   'dunder-proto': [ '1.0.1' ],
162 silly audit   'ecdsa-sig-formatter': [ '1.0.11' ],
162 silly audit   'ee-first': [ '1.1.1' ],
162 silly audit   encodeurl: [ '2.0.0' ],
162 silly audit   'es-define-property': [ '1.0.1' ],
162 silly audit   'es-errors': [ '1.3.0' ],
162 silly audit   'es-object-atoms': [ '1.1.1' ],
162 silly audit   'escape-html': [ '1.0.3' ],
162 silly audit   etag: [ '1.8.1' ],
162 silly audit   express: [ '5.1.0' ],
162 silly audit   finalhandler: [ '2.1.0' ],
162 silly audit   forwarded: [ '0.2.0' ],
162 silly audit   fresh: [ '2.0.0' ],
162 silly audit   'function-bind': [ '1.1.2' ],
162 silly audit   'get-intrinsic': [ '1.3.0' ],
162 silly audit   'get-proto': [ '1.0.1' ],
162 silly audit   gopd: [ '1.2.0' ],
162 silly audit   'has-symbols': [ '1.1.0' ],
162 silly audit   hasown: [ '2.0.2' ],
162 silly audit   'http-errors': [ '2.0.1' ],
162 silly audit   'iconv-lite': [ '0.6.3', '0.7.0' ],
162 silly audit   inherits: [ '2.0.4' ],
162 silly audit   'ipaddr.js': [ '1.9.1' ],
162 silly audit   'is-promise': [ '4.0.0' ],
162 silly audit   isexe: [ '2.0.0' ],
162 silly audit   jsonwebtoken: [ '9.0.2' ],
162 silly audit   jwa: [ '1.4.2' ],
162 silly audit   jws: [ '3.2.2' ],
162 silly audit   kareem: [ '3.0.0' ],
162 silly audit   'lodash.includes': [ '4.3.0' ],
162 silly audit   'lodash.isboolean': [ '3.0.3' ],
162 silly audit   'lodash.isinteger': [ '4.0.4' ],
162 silly audit   'lodash.isnumber': [ '3.0.3' ],
162 silly audit   'lodash.isplainobject': [ '4.0.6' ],
162 silly audit   'lodash.isstring': [ '4.0.1' ],
162 silly audit   'lodash.once': [ '4.1.1' ],
162 silly audit   'make-error': [ '1.3.6' ],
162 silly audit   'math-intrinsics': [ '1.1.0' ],
162 silly audit   'media-typer': [ '1.1.0' ],
162 silly audit   'memory-pager': [ '1.5.0' ],
162 silly audit   'merge-descriptors': [ '2.0.0' ],
162 silly audit   'mime-db': [ '1.54.0' ],
162 silly audit   'mime-types': [ '3.0.2' ],
162 silly audit   mongodb: [ '7.0.0' ],
162 silly audit   'mongodb-connection-string-url': [ '7.0.0' ],
162 silly audit   mongoose: [ '9.0.0' ],
162 silly audit   mpath: [ '0.9.0' ],
162 silly audit   mquery: [ '6.0.0' ],
162 silly audit   ms: [ '2.1.3' ],
162 silly audit   negotiator: [ '1.0.0' ],
162 silly audit   'node-addon-api': [ '8.5.0' ],
162 silly audit   'node-gyp-build': [ '4.8.4' ],
162 silly audit   'object-assign': [ '4.1.1' ],
162 silly audit   'object-inspect': [ '1.13.4' ],
162 silly audit   'on-finished': [ '2.4.1' ],
162 silly audit   once: [ '1.4.0' ],
162 silly audit   parseurl: [ '1.3.3' ],
162 silly audit   'path-key': [ '3.1.1' ],
162 silly audit   'path-to-regexp': [ '8.3.0' ],
162 silly audit   'proxy-addr': [ '2.0.7' ],
162 silly audit   punycode: [ '2.3.1' ],
162 silly audit   qs: [ '6.14.0' ],
162 silly audit   'range-parser': [ '1.2.1' ],
162 silly audit   'raw-body': [ '3.0.2' ],
162 silly audit   router: [ '2.2.0' ],
162 silly audit   'safe-buffer': [ '5.2.1' ],
162 silly audit   'safer-buffer': [ '2.1.2' ],
162 silly audit   semver: [ '7.7.3' ],
162 silly audit   send: [ '1.2.0' ],
162 silly audit   'serve-static': [ '2.2.0' ],
162 silly audit   setprototypeof: [ '1.2.0' ],
162 silly audit   'shebang-command': [ '2.0.0' ],
162 silly audit   'shebang-regex': [ '3.0.0' ],
162 silly audit   'side-channel': [ '1.1.0' ],
162 silly audit   'side-channel-list': [ '1.0.0' ],
162 silly audit   'side-channel-map': [ '1.0.1' ],
162 silly audit   'side-channel-weakmap': [ '1.0.2' ],
162 silly audit   sift: [ '17.1.3' ],
162 silly audit   'sparse-bitfield': [ '3.0.3' ],
162 silly audit   statuses: [ '2.0.2' ],
162 silly audit   toidentifier: [ '1.0.1' ],
162 silly audit   tr46: [ '5.1.1' ],
162 silly audit   'ts-node': [ '10.9.2' ],
162 silly audit   'type-is': [ '2.0.1' ],
162 silly audit   typescript: [ '5.9.3' ],
162 silly audit   'undici-types': [ '7.16.0' ],
162 silly audit   unpipe: [ '1.0.0' ],
162 silly audit   'v8-compile-cache-lib': [ '3.0.1' ],
162 silly audit   vary: [ '1.1.2' ],
162 silly audit   'webidl-conversions': [ '7.0.0' ],
162 silly audit   'whatwg-url': [ '14.2.0' ],
162 silly audit   which: [ '2.0.2' ],
162 silly audit   wrappy: [ '1.0.2' ],
162 silly audit   yn: [ '3.1.1' ],
162 silly audit   nodemon: [ '3.1.11' ],
162 silly audit   chokidar: [ '3.6.0' ],
162 silly audit   'ignore-by-default': [ '1.0.1' ],
162 silly audit   minimatch: [ '3.1.2' ],
162 silly audit   'pstree.remy': [ '1.1.8' ],
162 silly audit   'simple-update-notifier': [ '2.0.0' ],
162 silly audit   'supports-color': [ '5.5.0' ],
162 silly audit   touch: [ '3.1.1' ],
162 silly audit   undefsafe: [ '2.0.5' ],
162 silly audit   anymatch: [ '3.1.3' ],
162 silly audit   braces: [ '3.0.3' ],
162 silly audit   fsevents: [ '2.3.3' ],
162 silly audit   'glob-parent': [ '5.1.2' ],
162 silly audit   'is-binary-path': [ '2.1.0' ],
162 silly audit   'is-glob': [ '4.0.3' ],
162 silly audit   'normalize-path': [ '3.0.0' ],
162 silly audit   readdirp: [ '3.6.0' ],
162 silly audit   picomatch: [ '2.3.1' ],
162 silly audit   'fill-range': [ '7.1.1' ],
162 silly audit   'to-regex-range': [ '5.0.1' ],
162 silly audit   'binary-extensions': [ '2.3.0' ],
162 silly audit   'is-extglob': [ '2.1.1' ],
162 silly audit   'brace-expansion': [ '1.1.12' ],
162 silly audit   'balanced-match': [ '1.0.2' ],
162 silly audit   'concat-map': [ '0.0.1' ],
162 silly audit   'has-flag': [ '3.0.0' ],
162 silly audit   'is-number': [ '7.0.0' ]
162 silly audit }
163 http cache is-number@https://registry.npmjs.org/is-number/-/is-number-7.0.0.tgz 0ms (cache hit)
164 http cache has-flag@https://registry.npmjs.org/has-flag/-/has-flag-3.0.0.tgz 0ms (cache hit)
165 http cache concat-map@https://registry.npmjs.org/concat-map/-/concat-map-0.0.1.tgz 0ms (cache hit)
166 http cache balanced-match@https://registry.npmjs.org/balanced-match/-/balanced-match-1.0.2.tgz 0ms (cache hit)
167 http cache is-extglob@https://registry.npmjs.org/is-extglob/-/is-extglob-2.1.1.tgz 0ms (cache hit)
168 http cache binary-extensions@https://registry.npmjs.org/binary-extensions/-/binary-extensions-2.3.0.tgz 0ms (cache hit)
169 http cache brace-expansion@https://registry.npmjs.org/brace-expansion/-/brace-expansion-1.1.12.tgz 0ms (cache hit)
170 http cache fill-range@https://registry.npmjs.org/fill-range/-/fill-range-7.1.1.tgz 0ms (cache hit)
171 http cache picomatch@https://registry.npmjs.org/picomatch/-/picomatch-2.3.1.tgz 0ms (cache hit)
172 http cache readdirp@https://registry.npmjs.org/readdirp/-/readdirp-3.6.0.tgz 0ms (cache hit)
173 http cache normalize-path@https://registry.npmjs.org/normalize-path/-/normalize-path-3.0.0.tgz 0ms (cache hit)
174 http cache is-glob@https://registry.npmjs.org/is-glob/-/is-glob-4.0.3.tgz 0ms (cache hit)
175 http cache is-binary-path@https://registry.npmjs.org/is-binary-path/-/is-binary-path-2.1.0.tgz 0ms (cache hit)
176 http cache glob-parent@https://registry.npmjs.org/glob-parent/-/glob-parent-5.1.2.tgz 0ms (cache hit)
177 http cache braces@https://registry.npmjs.org/braces/-/braces-3.0.3.tgz 0ms (cache hit)
178 http cache anymatch@https://registry.npmjs.org/anymatch/-/anymatch-3.1.3.tgz 0ms (cache hit)
179 http cache undefsafe@https://registry.npmjs.org/undefsafe/-/undefsafe-2.0.5.tgz 0ms (cache hit)
180 http cache touch@https://registry.npmjs.org/touch/-/touch-3.1.1.tgz 0ms (cache hit)
181 http cache supports-color@https://registry.npmjs.org/supports-color/-/supports-color-5.5.0.tgz 0ms (cache hit)
182 http cache simple-update-notifier@https://registry.npmjs.org/simple-update-notifier/-/simple-update-notifier-2.0.0.tgz 0ms (cache hit)
183 http cache minimatch@https://registry.npmjs.org/minimatch/-/minimatch-3.1.2.tgz 0ms (cache hit)
184 http cache pstree.remy@https://registry.npmjs.org/pstree.remy/-/pstree.remy-1.1.8.tgz 0ms (cache hit)
185 http cache ignore-by-default@https://registry.npmjs.org/ignore-by-default/-/ignore-by-default-1.0.1.tgz 0ms (cache hit)
186 http cache chokidar@https://registry.npmjs.org/chokidar/-/chokidar-3.6.0.tgz 0ms (cache hit)
187 http cache nodemon@https://registry.npmjs.org/nodemon/-/nodemon-3.1.11.tgz 0ms (cache hit)
188 http cache yn@https://registry.npmjs.org/yn/-/yn-3.1.1.tgz 0ms (cache hit)
189 http cache wrappy@https://registry.npmjs.org/wrappy/-/wrappy-1.0.2.tgz 0ms (cache hit)
190 http cache which@https://registry.npmjs.org/which/-/which-2.0.2.tgz 0ms (cache hit)
191 http cache whatwg-url@https://registry.npmjs.org/whatwg-url/-/whatwg-url-14.2.0.tgz 0ms (cache hit)
192 http cache webidl-conversions@https://registry.npmjs.org/webidl-conversions/-/webidl-conversions-7.0.0.tgz 0ms (cache hit)
193 http cache v8-compile-cache-lib@https://registry.npmjs.org/v8-compile-cache-lib/-/v8-compile-cache-lib-3.0.1.tgz 0ms (cache hit)
194 http cache vary@https://registry.npmjs.org/vary/-/vary-1.1.2.tgz 0ms (cache hit)
195 http cache unpipe@https://registry.npmjs.org/unpipe/-/unpipe-1.0.0.tgz 0ms (cache hit)
196 http cache undici-types@https://registry.npmjs.org/undici-types/-/undici-types-7.16.0.tgz 0ms (cache hit)
197 http cache typescript@https://registry.npmjs.org/typescript/-/typescript-5.9.3.tgz 0ms (cache hit)
198 http cache type-is@https://registry.npmjs.org/type-is/-/type-is-2.0.1.tgz 0ms (cache hit)
199 http cache ts-node@https://registry.npmjs.org/ts-node/-/ts-node-10.9.2.tgz 0ms (cache hit)
200 http cache tr46@https://registry.npmjs.org/tr46/-/tr46-5.1.1.tgz 0ms (cache hit)
201 http cache toidentifier@https://registry.npmjs.org/toidentifier/-/toidentifier-1.0.1.tgz 0ms (cache hit)
202 http cache statuses@https://registry.npmjs.org/statuses/-/statuses-2.0.2.tgz 0ms (cache hit)
203 http cache sparse-bitfield@https://registry.npmjs.org/sparse-bitfield/-/sparse-bitfield-3.0.3.tgz 0ms (cache hit)
204 http cache sift@https://registry.npmjs.org/sift/-/sift-17.1.3.tgz 0ms (cache hit)
205 http cache side-channel-weakmap@https://registry.npmjs.org/side-channel-weakmap/-/side-channel-weakmap-1.0.2.tgz 0ms (cache hit)
206 http cache side-channel-map@https://registry.npmjs.org/side-channel-map/-/side-channel-map-1.0.1.tgz 1ms (cache hit)
207 http cache side-channel@https://registry.npmjs.org/side-channel/-/side-channel-1.1.0.tgz 0ms (cache hit)
208 http cache side-channel-list@https://registry.npmjs.org/side-channel-list/-/side-channel-list-1.0.0.tgz 0ms (cache hit)
209 http cache setprototypeof@https://registry.npmjs.org/setprototypeof/-/setprototypeof-1.2.0.tgz 0ms (cache hit)
210 http cache shebang-regex@https://registry.npmjs.org/shebang-regex/-/shebang-regex-3.0.0.tgz 0ms (cache hit)
211 http cache shebang-command@https://registry.npmjs.org/shebang-command/-/shebang-command-2.0.0.tgz 0ms (cache hit)
212 http cache serve-static@https://registry.npmjs.org/serve-static/-/serve-static-2.2.0.tgz 0ms (cache hit)
213 http cache semver@https://registry.npmjs.org/semver/-/semver-7.7.3.tgz 0ms (cache hit)
214 http cache send@https://registry.npmjs.org/send/-/send-1.2.0.tgz 0ms (cache hit)
215 http cache safe-buffer@https://registry.npmjs.org/safe-buffer/-/safe-buffer-5.2.1.tgz 0ms (cache hit)
216 http cache safer-buffer@https://registry.npmjs.org/safer-buffer/-/safer-buffer-2.1.2.tgz 0ms (cache hit)
217 http cache router@https://registry.npmjs.org/router/-/router-2.2.0.tgz 0ms (cache hit)
218 http cache raw-body@https://registry.npmjs.org/raw-body/-/raw-body-3.0.2.tgz 0ms (cache hit)
219 http cache range-parser@https://registry.npmjs.org/range-parser/-/range-parser-1.2.1.tgz 0ms (cache hit)
220 http cache qs@https://registry.npmjs.org/qs/-/qs-6.14.0.tgz 0ms (cache hit)
221 http cache punycode@https://registry.npmjs.org/punycode/-/punycode-2.3.1.tgz 0ms (cache hit)
222 http cache proxy-addr@https://registry.npmjs.org/proxy-addr/-/proxy-addr-2.0.7.tgz 0ms (cache hit)
223 http cache path-to-regexp@https://registry.npmjs.org/path-to-regexp/-/path-to-regexp-8.3.0.tgz 0ms (cache hit)
224 http cache path-key@https://registry.npmjs.org/path-key/-/path-key-3.1.1.tgz 0ms (cache hit)
225 http cache parseurl@https://registry.npmjs.org/parseurl/-/parseurl-1.3.3.tgz 0ms (cache hit)
226 http cache once@https://registry.npmjs.org/once/-/once-1.4.0.tgz 0ms (cache hit)
227 http cache on-finished@https://registry.npmjs.org/on-finished/-/on-finished-2.4.1.tgz 0ms (cache hit)
228 http cache object-inspect@https://registry.npmjs.org/object-inspect/-/object-inspect-1.13.4.tgz 0ms (cache hit)
229 http cache object-assign@https://registry.npmjs.org/object-assign/-/object-assign-4.1.1.tgz 0ms (cache hit)
230 http cache node-gyp-build@https://registry.npmjs.org/node-gyp-build/-/node-gyp-build-4.8.4.tgz 0ms (cache hit)
231 http cache node-addon-api@https://registry.npmjs.org/node-addon-api/-/node-addon-api-8.5.0.tgz 0ms (cache hit)
232 http cache negotiator@https://registry.npmjs.org/negotiator/-/negotiator-1.0.0.tgz 0ms (cache hit)
233 http cache ms@https://registry.npmjs.org/ms/-/ms-2.1.3.tgz 0ms (cache hit)
234 http cache mquery@https://registry.npmjs.org/mquery/-/mquery-6.0.0.tgz 0ms (cache hit)
235 http cache mpath@https://registry.npmjs.org/mpath/-/mpath-0.9.0.tgz 0ms (cache hit)
236 http cache mongoose@https://registry.npmjs.org/mongoose/-/mongoose-9.0.0.tgz 0ms (cache hit)
237 http cache mongodb-connection-string-url@https://registry.npmjs.org/mongodb-connection-string-url/-/mongodb-connection-string-url-7.0.0.tgz 0ms (cache hit)
238 http cache mongodb@https://registry.npmjs.org/mongodb/-/mongodb-7.0.0.tgz 0ms (cache hit)
239 http cache mime-types@https://registry.npmjs.org/mime-types/-/mime-types-3.0.2.tgz 0ms (cache hit)
240 http cache merge-descriptors@https://registry.npmjs.org/merge-descriptors/-/merge-descriptors-2.0.0.tgz 0ms (cache hit)
241 http cache mime-db@https://registry.npmjs.org/mime-db/-/mime-db-1.54.0.tgz 0ms (cache hit)
242 http cache memory-pager@https://registry.npmjs.org/memory-pager/-/memory-pager-1.5.0.tgz 0ms (cache hit)
243 http cache math-intrinsics@https://registry.npmjs.org/math-intrinsics/-/math-intrinsics-1.1.0.tgz 0ms (cache hit)
244 http cache media-typer@https://registry.npmjs.org/media-typer/-/media-typer-1.1.0.tgz 0ms (cache hit)
245 http cache make-error@https://registry.npmjs.org/make-error/-/make-error-1.3.6.tgz 0ms (cache hit)
246 http cache lodash.once@https://registry.npmjs.org/lodash.once/-/lodash.once-4.1.1.tgz 0ms (cache hit)
247 http cache lodash.isstring@https://registry.npmjs.org/lodash.isstring/-/lodash.isstring-4.0.1.tgz 0ms (cache hit)
248 http cache lodash.isplainobject@https://registry.npmjs.org/lodash.isplainobject/-/lodash.isplainobject-4.0.6.tgz 0ms (cache hit)
249 http cache lodash.isnumber@https://registry.npmjs.org/lodash.isnumber/-/lodash.isnumber-3.0.3.tgz 0ms (cache hit)
250 http cache lodash.isinteger@https://registry.npmjs.org/lodash.isinteger/-/lodash.isinteger-4.0.4.tgz 0ms (cache hit)
251 http cache lodash.includes@https://registry.npmjs.org/lodash.includes/-/lodash.includes-4.3.0.tgz 0ms (cache hit)
252 http cache lodash.isboolean@https://registry.npmjs.org/lodash.isboolean/-/lodash.isboolean-3.0.3.tgz 0ms (cache hit)
253 http cache kareem@https://registry.npmjs.org/kareem/-/kareem-3.0.0.tgz 0ms (cache hit)
254 http cache jws@https://registry.npmjs.org/jws/-/jws-3.2.2.tgz 0ms (cache hit)
255 http cache jwa@https://registry.npmjs.org/jwa/-/jwa-1.4.2.tgz 0ms (cache hit)
256 http cache jsonwebtoken@https://registry.npmjs.org/jsonwebtoken/-/jsonwebtoken-9.0.2.tgz 0ms (cache hit)
257 http cache isexe@https://registry.npmjs.org/isexe/-/isexe-2.0.0.tgz 0ms (cache hit)
258 http cache is-promise@https://registry.npmjs.org/is-promise/-/is-promise-4.0.0.tgz 0ms (cache hit)
259 http cache ipaddr.js@https://registry.npmjs.org/ipaddr.js/-/ipaddr.js-1.9.1.tgz 0ms (cache hit)
260 http cache inherits@https://registry.npmjs.org/inherits/-/inherits-2.0.4.tgz 0ms (cache hit)
261 http cache iconv-lite@https://registry.npmjs.org/iconv-lite/-/iconv-lite-0.6.3.tgz 0ms (cache hit)
262 http cache http-errors@https://registry.npmjs.org/http-errors/-/http-errors-2.0.1.tgz 0ms (cache hit)
263 http cache hasown@https://registry.npmjs.org/hasown/-/hasown-2.0.2.tgz 0ms (cache hit)
264 http cache has-symbols@https://registry.npmjs.org/has-symbols/-/has-symbols-1.1.0.tgz 0ms (cache hit)
265 http cache gopd@https://registry.npmjs.org/gopd/-/gopd-1.2.0.tgz 0ms (cache hit)
266 http cache get-proto@https://registry.npmjs.org/get-proto/-/get-proto-1.0.1.tgz 0ms (cache hit)
267 http cache get-intrinsic@https://registry.npmjs.org/get-intrinsic/-/get-intrinsic-1.3.0.tgz 0ms (cache hit)
268 http cache function-bind@https://registry.npmjs.org/function-bind/-/function-bind-1.1.2.tgz 0ms (cache hit)
269 http cache fresh@https://registry.npmjs.org/fresh/-/fresh-2.0.0.tgz 0ms (cache hit)
270 http cache forwarded@https://registry.npmjs.org/forwarded/-/forwarded-0.2.0.tgz 0ms (cache hit)
271 http cache finalhandler@https://registry.npmjs.org/finalhandler/-/finalhandler-2.1.0.tgz 0ms (cache hit)
272 http cache express@https://registry.npmjs.org/express/-/express-5.1.0.tgz 0ms (cache hit)
273 http cache etag@https://registry.npmjs.org/etag/-/etag-1.8.1.tgz 1ms (cache hit)
274 http cache escape-html@https://registry.npmjs.org/escape-html/-/escape-html-1.0.3.tgz 0ms (cache hit)
275 http cache es-object-atoms@https://registry.npmjs.org/es-object-atoms/-/es-object-atoms-1.1.1.tgz 0ms (cache hit)
276 http cache es-errors@https://registry.npmjs.org/es-errors/-/es-errors-1.3.0.tgz 0ms (cache hit)
277 http cache es-define-property@https://registry.npmjs.org/es-define-property/-/es-define-property-1.0.1.tgz 0ms (cache hit)
278 http cache encodeurl@https://registry.npmjs.org/encodeurl/-/encodeurl-2.0.0.tgz 0ms (cache hit)
279 http cache ecdsa-sig-formatter@https://registry.npmjs.org/ecdsa-sig-formatter/-/ecdsa-sig-formatter-1.0.11.tgz 0ms (cache hit)
280 http cache ee-first@https://registry.npmjs.org/ee-first/-/ee-first-1.1.1.tgz 0ms (cache hit)
281 http cache dunder-proto@https://registry.npmjs.org/dunder-proto/-/dunder-proto-1.0.1.tgz 0ms (cache hit)
282 http cache dotenv@https://registry.npmjs.org/dotenv/-/dotenv-17.2.3.tgz 0ms (cache hit)
283 http cache diff@https://registry.npmjs.org/diff/-/diff-4.0.2.tgz 0ms (cache hit)
284 http cache depd@https://registry.npmjs.org/depd/-/depd-2.0.0.tgz 0ms (cache hit)
285 http cache debug@https://registry.npmjs.org/debug/-/debug-4.4.3.tgz 0ms (cache hit)
286 http cache cross-env@https://registry.npmjs.org/cross-env/-/cross-env-10.1.0.tgz 0ms (cache hit)
287 http cache cross-spawn@https://registry.npmjs.org/cross-spawn/-/cross-spawn-7.0.6.tgz 0ms (cache hit)
288 http cache create-require@https://registry.npmjs.org/create-require/-/create-require-1.1.1.tgz 0ms (cache hit)
289 http cache cors@https://registry.npmjs.org/cors/-/cors-2.8.5.tgz 0ms (cache hit)
290 http cache cookie@https://registry.npmjs.org/cookie/-/cookie-0.7.2.tgz 0ms (cache hit)
291 http cache cookie-signature@https://registry.npmjs.org/cookie-signature/-/cookie-signature-1.2.2.tgz 0ms (cache hit)
292 http cache content-type@https://registry.npmjs.org/content-type/-/content-type-1.0.5.tgz 0ms (cache hit)
293 http cache content-disposition@https://registry.npmjs.org/content-disposition/-/content-disposition-1.0.1.tgz 0ms (cache hit)
294 http cache call-bound@https://registry.npmjs.org/call-bound/-/call-bound-1.0.4.tgz 0ms (cache hit)
295 http cache call-bind-apply-helpers@https://registry.npmjs.org/call-bind-apply-helpers/-/call-bind-apply-helpers-1.0.2.tgz 1ms (cache hit)
296 http cache bytes@https://registry.npmjs.org/bytes/-/bytes-3.1.2.tgz 0ms (cache hit)
297 http cache buffer-equal-constant-time@https://registry.npmjs.org/buffer-equal-constant-time/-/buffer-equal-constant-time-1.0.1.tgz 0ms (cache hit)
298 http cache bson@https://registry.npmjs.org/bson/-/bson-7.0.0.tgz 0ms (cache hit)
299 http cache body-parser@https://registry.npmjs.org/body-parser/-/body-parser-2.2.0.tgz 0ms (cache hit)
300 http cache argon2@https://registry.npmjs.org/argon2/-/argon2-0.44.0.tgz 0ms (cache hit)
301 http cache arg@https://registry.npmjs.org/arg/-/arg-4.1.3.tgz 0ms (cache hit)
302 http cache @types/whatwg-url@https://registry.npmjs.org/@types/whatwg-url/-/whatwg-url-13.0.0.tgz 0ms (cache hit)
303 http cache acorn@https://registry.npmjs.org/acorn/-/acorn-8.15.0.tgz 0ms (cache hit)
304 http cache acorn-walk@https://registry.npmjs.org/acorn-walk/-/acorn-walk-8.3.4.tgz 0ms (cache hit)
305 http cache accepts@https://registry.npmjs.org/accepts/-/accepts-2.0.0.tgz 0ms (cache hit)
306 http cache @types/webidl-conversions@https://registry.npmjs.org/@types/webidl-conversions/-/webidl-conversions-7.0.3.tgz 0ms (cache hit)
307 http cache @types/serve-static@https://registry.npmjs.org/@types/serve-static/-/serve-static-1.15.10.tgz 0ms (cache hit)
308 http cache @types/send@https://registry.npmjs.org/@types/send/-/send-1.2.1.tgz 0ms (cache hit)
309 http cache @types/range-parser@https://registry.npmjs.org/@types/range-parser/-/range-parser-1.2.7.tgz 0ms (cache hit)
310 http cache @types/qs@https://registry.npmjs.org/@types/qs/-/qs-6.14.0.tgz 0ms (cache hit)
311 http cache @types/node@https://registry.npmjs.org/@types/node/-/node-24.10.1.tgz 0ms (cache hit)
312 http cache @types/ms@https://registry.npmjs.org/@types/ms/-/ms-2.1.0.tgz 0ms (cache hit)
313 http cache @types/mime@https://registry.npmjs.org/@types/mime/-/mime-1.3.5.tgz 0ms (cache hit)
314 http cache @types/jsonwebtoken@https://registry.npmjs.org/@types/jsonwebtoken/-/jsonwebtoken-9.0.10.tgz 0ms (cache hit)
315 http cache @types/http-errors@https://registry.npmjs.org/@types/http-errors/-/http-errors-2.0.5.tgz 0ms (cache hit)
316 http cache @types/express-serve-static-core@https://registry.npmjs.org/@types/express-serve-static-core/-/express-serve-static-core-5.1.0.tgz 0ms (cache hit)
317 http cache @types/express@https://registry.npmjs.org/@types/express/-/express-5.0.5.tgz 0ms (cache hit)
318 http cache @types/cors@https://registry.npmjs.org/@types/cors/-/cors-2.8.19.tgz 0ms (cache hit)
319 http cache @types/connect@https://registry.npmjs.org/@types/connect/-/connect-3.4.38.tgz 0ms (cache hit)
320 http cache @types/body-parser@https://registry.npmjs.org/@types/body-parser/-/body-parser-1.19.6.tgz 0ms (cache hit)
321 http cache @tsconfig/node16@https://registry.npmjs.org/@tsconfig/node16/-/node16-1.0.4.tgz 0ms (cache hit)
322 http cache @phc/format@https://registry.npmjs.org/@phc/format/-/format-1.0.0.tgz 0ms (cache hit)
323 http cache @tsconfig/node14@https://registry.npmjs.org/@tsconfig/node14/-/node14-1.0.3.tgz 0ms (cache hit)
324 http cache @tsconfig/node12@https://registry.npmjs.org/@tsconfig/node12/-/node12-1.0.11.tgz 0ms (cache hit)
325 http cache @tsconfig/node10@https://registry.npmjs.org/@tsconfig/node10/-/node10-1.0.12.tgz 0ms (cache hit)
326 http cache @mongodb-js/saslprep@https://registry.npmjs.org/@mongodb-js/saslprep/-/saslprep-1.3.2.tgz 0ms (cache hit)
327 http cache @jridgewell/trace-mapping@https://registry.npmjs.org/@jridgewell/trace-mapping/-/trace-mapping-0.3.9.tgz 0ms (cache hit)
328 http cache @jridgewell/resolve-uri@https://registry.npmjs.org/@jridgewell/resolve-uri/-/resolve-uri-3.1.2.tgz 0ms (cache hit)
329 http cache @epic-web/invariant@https://registry.npmjs.org/@epic-web/invariant/-/invariant-1.0.0.tgz 0ms (cache hit)
330 http cache @jridgewell/sourcemap-codec@https://registry.npmjs.org/@jridgewell/sourcemap-codec/-/sourcemap-codec-1.5.5.tgz 0ms (cache hit)
331 http cache iconv-lite@https://registry.npmjs.org/iconv-lite/-/iconv-lite-0.7.0.tgz 0ms (cache hit)
332 http cache @cspotcode/source-map-support@https://registry.npmjs.org/@cspotcode/source-map-support/-/source-map-support-0.8.1.tgz 0ms (cache hit)
333 http cache to-regex-range@https://registry.npmjs.org/to-regex-range/-/to-regex-range-5.0.1.tgz 0ms (cache hit)
334 silly tarball no local data for is-number@https://registry.npmjs.org/is-number/-/is-number-7.0.0.tgz. Extracting by manifest.
335 silly tarball no local data for has-flag@https://registry.npmjs.org/has-flag/-/has-flag-3.0.0.tgz. Extracting by manifest.
336 http cache @types/send@https://registry.npmjs.org/@types/send/-/send-0.17.6.tgz 0ms (cache hit)
337 silly tarball no local data for concat-map@https://registry.npmjs.org/concat-map/-/concat-map-0.0.1.tgz. Extracting by manifest.
338 silly tarball no local data for balanced-match@https://registry.npmjs.org/balanced-match/-/balanced-match-1.0.2.tgz. Extracting by manifest.
339 silly tarball no local data for is-extglob@https://registry.npmjs.org/is-extglob/-/is-extglob-2.1.1.tgz. Extracting by manifest.
340 silly tarball no local data for binary-extensions@https://registry.npmjs.org/binary-extensions/-/binary-extensions-2.3.0.tgz. Extracting by manifest.
341 silly tarball no local data for brace-expansion@https://registry.npmjs.org/brace-expansion/-/brace-expansion-1.1.12.tgz. Extracting by manifest.
342 silly tarball no local data for fill-range@https://registry.npmjs.org/fill-range/-/fill-range-7.1.1.tgz. Extracting by manifest.
343 silly tarball no local data for picomatch@https://registry.npmjs.org/picomatch/-/picomatch-2.3.1.tgz. Extracting by manifest.
344 silly tarball no local data for readdirp@https://registry.npmjs.org/readdirp/-/readdirp-3.6.0.tgz. Extracting by manifest.
345 silly tarball no local data for normalize-path@https://registry.npmjs.org/normalize-path/-/normalize-path-3.0.0.tgz. Extracting by manifest.
346 silly tarball no local data for is-glob@https://registry.npmjs.org/is-glob/-/is-glob-4.0.3.tgz. Extracting by manifest.
347 silly tarball no local data for is-binary-path@https://registry.npmjs.org/is-binary-path/-/is-binary-path-2.1.0.tgz. Extracting by manifest.
348 silly tarball no local data for glob-parent@https://registry.npmjs.org/glob-parent/-/glob-parent-5.1.2.tgz. Extracting by manifest.
349 silly tarball no local data for braces@https://registry.npmjs.org/braces/-/braces-3.0.3.tgz. Extracting by manifest.
350 silly tarball no local data for anymatch@https://registry.npmjs.org/anymatch/-/anymatch-3.1.3.tgz. Extracting by manifest.
351 silly tarball no local data for undefsafe@https://registry.npmjs.org/undefsafe/-/undefsafe-2.0.5.tgz. Extracting by manifest.
352 silly tarball no local data for touch@https://registry.npmjs.org/touch/-/touch-3.1.1.tgz. Extracting by manifest.
353 silly tarball no local data for supports-color@https://registry.npmjs.org/supports-color/-/supports-color-5.5.0.tgz. Extracting by manifest.
354 silly tarball no local data for simple-update-notifier@https://registry.npmjs.org/simple-update-notifier/-/simple-update-notifier-2.0.0.tgz. Extracting by manifest.
355 silly tarball no local data for minimatch@https://registry.npmjs.org/minimatch/-/minimatch-3.1.2.tgz. Extracting by manifest.
356 silly tarball no local data for pstree.remy@https://registry.npmjs.org/pstree.remy/-/pstree.remy-1.1.8.tgz. Extracting by manifest.
357 silly tarball no local data for ignore-by-default@https://registry.npmjs.org/ignore-by-default/-/ignore-by-default-1.0.1.tgz. Extracting by manifest.
358 silly tarball no local data for chokidar@https://registry.npmjs.org/chokidar/-/chokidar-3.6.0.tgz. Extracting by manifest.
359 silly tarball no local data for nodemon@https://registry.npmjs.org/nodemon/-/nodemon-3.1.11.tgz. Extracting by manifest.
360 silly tarball no local data for yn@https://registry.npmjs.org/yn/-/yn-3.1.1.tgz. Extracting by manifest.
361 silly tarball no local data for wrappy@https://registry.npmjs.org/wrappy/-/wrappy-1.0.2.tgz. Extracting by manifest.
362 silly tarball no local data for which@https://registry.npmjs.org/which/-/which-2.0.2.tgz. Extracting by manifest.
363 silly tarball no local data for whatwg-url@https://registry.npmjs.org/whatwg-url/-/whatwg-url-14.2.0.tgz. Extracting by manifest.
364 silly tarball no local data for webidl-conversions@https://registry.npmjs.org/webidl-conversions/-/webidl-conversions-7.0.0.tgz. Extracting by manifest.
365 silly tarball no local data for v8-compile-cache-lib@https://registry.npmjs.org/v8-compile-cache-lib/-/v8-compile-cache-lib-3.0.1.tgz. Extracting by manifest.
366 silly tarball no local data for vary@https://registry.npmjs.org/vary/-/vary-1.1.2.tgz. Extracting by manifest.
367 silly tarball no local data for unpipe@https://registry.npmjs.org/unpipe/-/unpipe-1.0.0.tgz. Extracting by manifest.
368 silly tarball no local data for undici-types@https://registry.npmjs.org/undici-types/-/undici-types-7.16.0.tgz. Extracting by manifest.
369 silly tarball no local data for typescript@https://registry.npmjs.org/typescript/-/typescript-5.9.3.tgz. Extracting by manifest.
370 silly tarball no local data for type-is@https://registry.npmjs.org/type-is/-/type-is-2.0.1.tgz. Extracting by manifest.
371 silly tarball no local data for ts-node@https://registry.npmjs.org/ts-node/-/ts-node-10.9.2.tgz. Extracting by manifest.
372 silly tarball no local data for tr46@https://registry.npmjs.org/tr46/-/tr46-5.1.1.tgz. Extracting by manifest.
373 silly tarball no local data for toidentifier@https://registry.npmjs.org/toidentifier/-/toidentifier-1.0.1.tgz. Extracting by manifest.
374 silly tarball no local data for statuses@https://registry.npmjs.org/statuses/-/statuses-2.0.2.tgz. Extracting by manifest.
375 silly tarball no local data for sparse-bitfield@https://registry.npmjs.org/sparse-bitfield/-/sparse-bitfield-3.0.3.tgz. Extracting by manifest.
376 silly tarball no local data for sift@https://registry.npmjs.org/sift/-/sift-17.1.3.tgz. Extracting by manifest.
377 silly tarball no local data for side-channel-weakmap@https://registry.npmjs.org/side-channel-weakmap/-/side-channel-weakmap-1.0.2.tgz. Extracting by manifest.
378 silly tarball no local data for side-channel-map@https://registry.npmjs.org/side-channel-map/-/side-channel-map-1.0.1.tgz. Extracting by manifest.
379 silly tarball no local data for side-channel@https://registry.npmjs.org/side-channel/-/side-channel-1.1.0.tgz. Extracting by manifest.
380 silly tarball no local data for side-channel-list@https://registry.npmjs.org/side-channel-list/-/side-channel-list-1.0.0.tgz. Extracting by manifest.
381 silly tarball no local data for setprototypeof@https://registry.npmjs.org/setprototypeof/-/setprototypeof-1.2.0.tgz. Extracting by manifest.
382 silly tarball no local data for shebang-regex@https://registry.npmjs.org/shebang-regex/-/shebang-regex-3.0.0.tgz. Extracting by manifest.
383 silly tarball no local data for shebang-command@https://registry.npmjs.org/shebang-command/-/shebang-command-2.0.0.tgz. Extracting by manifest.
384 silly tarball no local data for serve-static@https://registry.npmjs.org/serve-static/-/serve-static-2.2.0.tgz. Extracting by manifest.
385 silly tarball no local data for semver@https://registry.npmjs.org/semver/-/semver-7.7.3.tgz. Extracting by manifest.
386 silly tarball no local data for send@https://registry.npmjs.org/send/-/send-1.2.0.tgz. Extracting by manifest.
387 silly tarball no local data for safe-buffer@https://registry.npmjs.org/safe-buffer/-/safe-buffer-5.2.1.tgz. Extracting by manifest.
388 silly tarball no local data for safer-buffer@https://registry.npmjs.org/safer-buffer/-/safer-buffer-2.1.2.tgz. Extracting by manifest.
389 silly tarball no local data for router@https://registry.npmjs.org/router/-/router-2.2.0.tgz. Extracting by manifest.
390 silly tarball no local data for raw-body@https://registry.npmjs.org/raw-body/-/raw-body-3.0.2.tgz. Extracting by manifest.
391 silly tarball no local data for range-parser@https://registry.npmjs.org/range-parser/-/range-parser-1.2.1.tgz. Extracting by manifest.
392 silly tarball no local data for qs@https://registry.npmjs.org/qs/-/qs-6.14.0.tgz. Extracting by manifest.
393 silly tarball no local data for punycode@https://registry.npmjs.org/punycode/-/punycode-2.3.1.tgz. Extracting by manifest.
394 silly tarball no local data for proxy-addr@https://registry.npmjs.org/proxy-addr/-/proxy-addr-2.0.7.tgz. Extracting by manifest.
395 silly tarball no local data for path-to-regexp@https://registry.npmjs.org/path-to-regexp/-/path-to-regexp-8.3.0.tgz. Extracting by manifest.
396 silly tarball no local data for path-key@https://registry.npmjs.org/path-key/-/path-key-3.1.1.tgz. Extracting by manifest.
397 silly tarball no local data for parseurl@https://registry.npmjs.org/parseurl/-/parseurl-1.3.3.tgz. Extracting by manifest.
398 silly tarball no local data for once@https://registry.npmjs.org/once/-/once-1.4.0.tgz. Extracting by manifest.
399 silly tarball no local data for on-finished@https://registry.npmjs.org/on-finished/-/on-finished-2.4.1.tgz. Extracting by manifest.
400 silly tarball no local data for object-inspect@https://registry.npmjs.org/object-inspect/-/object-inspect-1.13.4.tgz. Extracting by manifest.
401 silly tarball no local data for object-assign@https://registry.npmjs.org/object-assign/-/object-assign-4.1.1.tgz. Extracting by manifest.
402 silly tarball no local data for node-gyp-build@https://registry.npmjs.org/node-gyp-build/-/node-gyp-build-4.8.4.tgz. Extracting by manifest.
403 silly tarball no local data for node-addon-api@https://registry.npmjs.org/node-addon-api/-/node-addon-api-8.5.0.tgz. Extracting by manifest.
404 silly tarball no local data for negotiator@https://registry.npmjs.org/negotiator/-/negotiator-1.0.0.tgz. Extracting by manifest.
405 silly tarball no local data for ms@https://registry.npmjs.org/ms/-/ms-2.1.3.tgz. Extracting by manifest.
406 silly tarball no local data for mquery@https://registry.npmjs.org/mquery/-/mquery-6.0.0.tgz. Extracting by manifest.
407 silly tarball no local data for mpath@https://registry.npmjs.org/mpath/-/mpath-0.9.0.tgz. Extracting by manifest.
408 silly tarball no local data for mongoose@https://registry.npmjs.org/mongoose/-/mongoose-9.0.0.tgz. Extracting by manifest.
409 silly tarball no local data for mongodb-connection-string-url@https://registry.npmjs.org/mongodb-connection-string-url/-/mongodb-connection-string-url-7.0.0.tgz. Extracting by manifest.
410 silly tarball no local data for mongodb@https://registry.npmjs.org/mongodb/-/mongodb-7.0.0.tgz. Extracting by manifest.
411 silly tarball no local data for mime-types@https://registry.npmjs.org/mime-types/-/mime-types-3.0.2.tgz. Extracting by manifest.
412 silly tarball no local data for merge-descriptors@https://registry.npmjs.org/merge-descriptors/-/merge-descriptors-2.0.0.tgz. Extracting by manifest.
413 silly tarball no local data for mime-db@https://registry.npmjs.org/mime-db/-/mime-db-1.54.0.tgz. Extracting by manifest.
414 silly tarball no local data for memory-pager@https://registry.npmjs.org/memory-pager/-/memory-pager-1.5.0.tgz. Extracting by manifest.
415 silly tarball no local data for math-intrinsics@https://registry.npmjs.org/math-intrinsics/-/math-intrinsics-1.1.0.tgz. Extracting by manifest.
416 silly tarball no local data for media-typer@https://registry.npmjs.org/media-typer/-/media-typer-1.1.0.tgz. Extracting by manifest.
417 silly tarball no local data for make-error@https://registry.npmjs.org/make-error/-/make-error-1.3.6.tgz. Extracting by manifest.
418 silly tarball no local data for lodash.once@https://registry.npmjs.org/lodash.once/-/lodash.once-4.1.1.tgz. Extracting by manifest.
419 silly tarball no local data for lodash.isstring@https://registry.npmjs.org/lodash.isstring/-/lodash.isstring-4.0.1.tgz. Extracting by manifest.
420 silly tarball no local data for lodash.isplainobject@https://registry.npmjs.org/lodash.isplainobject/-/lodash.isplainobject-4.0.6.tgz. Extracting by manifest.
421 silly tarball no local data for lodash.isnumber@https://registry.npmjs.org/lodash.isnumber/-/lodash.isnumber-3.0.3.tgz. Extracting by manifest.
422 silly tarball no local data for lodash.isinteger@https://registry.npmjs.org/lodash.isinteger/-/lodash.isinteger-4.0.4.tgz. Extracting by manifest.
423 silly tarball no local data for lodash.includes@https://registry.npmjs.org/lodash.includes/-/lodash.includes-4.3.0.tgz. Extracting by manifest.
424 silly tarball no local data for lodash.isboolean@https://registry.npmjs.org/lodash.isboolean/-/lodash.isboolean-3.0.3.tgz. Extracting by manifest.
425 silly tarball no local data for kareem@https://registry.npmjs.org/kareem/-/kareem-3.0.0.tgz. Extracting by manifest.
426 silly tarball no local data for jws@https://registry.npmjs.org/jws/-/jws-3.2.2.tgz. Extracting by manifest.
427 silly tarball no local data for jwa@https://registry.npmjs.org/jwa/-/jwa-1.4.2.tgz. Extracting by manifest.
428 silly tarball no local data for jsonwebtoken@https://registry.npmjs.org/jsonwebtoken/-/jsonwebtoken-9.0.2.tgz. Extracting by manifest.
429 silly tarball no local data for isexe@https://registry.npmjs.org/isexe/-/isexe-2.0.0.tgz. Extracting by manifest.
430 silly tarball no local data for is-promise@https://registry.npmjs.org/is-promise/-/is-promise-4.0.0.tgz. Extracting by manifest.
431 silly tarball no local data for ipaddr.js@https://registry.npmjs.org/ipaddr.js/-/ipaddr.js-1.9.1.tgz. Extracting by manifest.
432 silly tarball no local data for inherits@https://registry.npmjs.org/inherits/-/inherits-2.0.4.tgz. Extracting by manifest.
433 silly tarball no local data for iconv-lite@https://registry.npmjs.org/iconv-lite/-/iconv-lite-0.6.3.tgz. Extracting by manifest.
434 silly tarball no local data for http-errors@https://registry.npmjs.org/http-errors/-/http-errors-2.0.1.tgz. Extracting by manifest.
435 silly tarball no local data for hasown@https://registry.npmjs.org/hasown/-/hasown-2.0.2.tgz. Extracting by manifest.
436 silly tarball no local data for has-symbols@https://registry.npmjs.org/has-symbols/-/has-symbols-1.1.0.tgz. Extracting by manifest.
437 silly tarball no local data for gopd@https://registry.npmjs.org/gopd/-/gopd-1.2.0.tgz. Extracting by manifest.
438 silly tarball no local data for get-proto@https://registry.npmjs.org/get-proto/-/get-proto-1.0.1.tgz. Extracting by manifest.
439 silly tarball no local data for get-intrinsic@https://registry.npmjs.org/get-intrinsic/-/get-intrinsic-1.3.0.tgz. Extracting by manifest.
440 silly tarball no local data for function-bind@https://registry.npmjs.org/function-bind/-/function-bind-1.1.2.tgz. Extracting by manifest.
441 silly tarball no local data for fresh@https://registry.npmjs.org/fresh/-/fresh-2.0.0.tgz. Extracting by manifest.
442 silly tarball no local data for forwarded@https://registry.npmjs.org/forwarded/-/forwarded-0.2.0.tgz. Extracting by manifest.
443 silly tarball no local data for finalhandler@https://registry.npmjs.org/finalhandler/-/finalhandler-2.1.0.tgz. Extracting by manifest.
444 silly tarball no local data for express@https://registry.npmjs.org/express/-/express-5.1.0.tgz. Extracting by manifest.
445 silly tarball no local data for etag@https://registry.npmjs.org/etag/-/etag-1.8.1.tgz. Extracting by manifest.
446 silly tarball no local data for escape-html@https://registry.npmjs.org/escape-html/-/escape-html-1.0.3.tgz. Extracting by manifest.
447 silly tarball no local data for es-object-atoms@https://registry.npmjs.org/es-object-atoms/-/es-object-atoms-1.1.1.tgz. Extracting by manifest.
448 silly tarball no local data for es-errors@https://registry.npmjs.org/es-errors/-/es-errors-1.3.0.tgz. Extracting by manifest.
449 silly tarball no local data for es-define-property@https://registry.npmjs.org/es-define-property/-/es-define-property-1.0.1.tgz. Extracting by manifest.
450 silly tarball no local data for encodeurl@https://registry.npmjs.org/encodeurl/-/encodeurl-2.0.0.tgz. Extracting by manifest.
451 silly tarball no local data for ecdsa-sig-formatter@https://registry.npmjs.org/ecdsa-sig-formatter/-/ecdsa-sig-formatter-1.0.11.tgz. Extracting by manifest.
452 silly tarball no local data for ee-first@https://registry.npmjs.org/ee-first/-/ee-first-1.1.1.tgz. Extracting by manifest.
453 silly tarball no local data for dunder-proto@https://registry.npmjs.org/dunder-proto/-/dunder-proto-1.0.1.tgz. Extracting by manifest.
454 silly tarball no local data for dotenv@https://registry.npmjs.org/dotenv/-/dotenv-17.2.3.tgz. Extracting by manifest.
455 silly tarball no local data for diff@https://registry.npmjs.org/diff/-/diff-4.0.2.tgz. Extracting by manifest.
456 silly tarball no local data for depd@https://registry.npmjs.org/depd/-/depd-2.0.0.tgz. Extracting by manifest.
457 silly tarball no local data for debug@https://registry.npmjs.org/debug/-/debug-4.4.3.tgz. Extracting by manifest.
458 silly tarball no local data for cross-env@https://registry.npmjs.org/cross-env/-/cross-env-10.1.0.tgz. Extracting by manifest.
459 silly tarball no local data for cross-spawn@https://registry.npmjs.org/cross-spawn/-/cross-spawn-7.0.6.tgz. Extracting by manifest.
460 silly tarball no local data for create-require@https://registry.npmjs.org/create-require/-/create-require-1.1.1.tgz. Extracting by manifest.
461 silly tarball no local data for cors@https://registry.npmjs.org/cors/-/cors-2.8.5.tgz. Extracting by manifest.
462 silly tarball no local data for cookie@https://registry.npmjs.org/cookie/-/cookie-0.7.2.tgz. Extracting by manifest.
463 silly tarball no local data for cookie-signature@https://registry.npmjs.org/cookie-signature/-/cookie-signature-1.2.2.tgz. Extracting by manifest.
464 silly tarball no local data for content-type@https://registry.npmjs.org/content-type/-/content-type-1.0.5.tgz. Extracting by manifest.
465 silly tarball no local data for content-disposition@https://registry.npmjs.org/content-disposition/-/content-disposition-1.0.1.tgz. Extracting by manifest.
466 silly tarball no local data for call-bound@https://registry.npmjs.org/call-bound/-/call-bound-1.0.4.tgz. Extracting by manifest.
467 silly tarball no local data for call-bind-apply-helpers@https://registry.npmjs.org/call-bind-apply-helpers/-/call-bind-apply-helpers-1.0.2.tgz. Extracting by manifest.
468 silly tarball no local data for bytes@https://registry.npmjs.org/bytes/-/bytes-3.1.2.tgz. Extracting by manifest.
469 silly tarball no local data for buffer-equal-constant-time@https://registry.npmjs.org/buffer-equal-constant-time/-/buffer-equal-constant-time-1.0.1.tgz. Extracting by manifest.
470 silly tarball no local data for bson@https://registry.npmjs.org/bson/-/bson-7.0.0.tgz. Extracting by manifest.
471 silly tarball no local data for body-parser@https://registry.npmjs.org/body-parser/-/body-parser-2.2.0.tgz. Extracting by manifest.
472 silly tarball no local data for argon2@https://registry.npmjs.org/argon2/-/argon2-0.44.0.tgz. Extracting by manifest.
473 silly tarball no local data for arg@https://registry.npmjs.org/arg/-/arg-4.1.3.tgz. Extracting by manifest.
474 silly tarball no local data for @types/whatwg-url@https://registry.npmjs.org/@types/whatwg-url/-/whatwg-url-13.0.0.tgz. Extracting by manifest.
475 silly tarball no local data for acorn@https://registry.npmjs.org/acorn/-/acorn-8.15.0.tgz. Extracting by manifest.
476 silly tarball no local data for acorn-walk@https://registry.npmjs.org/acorn-walk/-/acorn-walk-8.3.4.tgz. Extracting by manifest.
477 silly tarball no local data for accepts@https://registry.npmjs.org/accepts/-/accepts-2.0.0.tgz. Extracting by manifest.
478 silly tarball no local data for @types/webidl-conversions@https://registry.npmjs.org/@types/webidl-conversions/-/webidl-conversions-7.0.3.tgz. Extracting by manifest.
479 silly tarball no local data for @types/serve-static@https://registry.npmjs.org/@types/serve-static/-/serve-static-1.15.10.tgz. Extracting by manifest.
480 silly tarball no local data for @types/send@https://registry.npmjs.org/@types/send/-/send-1.2.1.tgz. Extracting by manifest.
481 silly tarball no local data for @types/range-parser@https://registry.npmjs.org/@types/range-parser/-/range-parser-1.2.7.tgz. Extracting by manifest.
482 silly tarball no local data for @types/qs@https://registry.npmjs.org/@types/qs/-/qs-6.14.0.tgz. Extracting by manifest.
483 silly tarball no local data for @types/node@https://registry.npmjs.org/@types/node/-/node-24.10.1.tgz. Extracting by manifest.
484 silly tarball no local data for @types/ms@https://registry.npmjs.org/@types/ms/-/ms-2.1.0.tgz. Extracting by manifest.
485 silly tarball no local data for @types/mime@https://registry.npmjs.org/@types/mime/-/mime-1.3.5.tgz. Extracting by manifest.
486 silly tarball no local data for @types/jsonwebtoken@https://registry.npmjs.org/@types/jsonwebtoken/-/jsonwebtoken-9.0.10.tgz. Extracting by manifest.
487 silly tarball no local data for @types/http-errors@https://registry.npmjs.org/@types/http-errors/-/http-errors-2.0.5.tgz. Extracting by manifest.
488 silly tarball no local data for @types/express-serve-static-core@https://registry.npmjs.org/@types/express-serve-static-core/-/express-serve-static-core-5.1.0.tgz. Extracting by manifest.
489 silly tarball no local data for @types/express@https://registry.npmjs.org/@types/express/-/express-5.0.5.tgz. Extracting by manifest.
490 silly tarball no local data for @types/cors@https://registry.npmjs.org/@types/cors/-/cors-2.8.19.tgz. Extracting by manifest.
491 silly tarball no local data for @types/connect@https://registry.npmjs.org/@types/connect/-/connect-3.4.38.tgz. Extracting by manifest.
492 silly tarball no local data for @types/body-parser@https://registry.npmjs.org/@types/body-parser/-/body-parser-1.19.6.tgz. Extracting by manifest.
493 silly tarball no local data for @tsconfig/node16@https://registry.npmjs.org/@tsconfig/node16/-/node16-1.0.4.tgz. Extracting by manifest.
494 silly tarball no local data for @phc/format@https://registry.npmjs.org/@phc/format/-/format-1.0.0.tgz. Extracting by manifest.
495 silly tarball no local data for @tsconfig/node14@https://registry.npmjs.org/@tsconfig/node14/-/node14-1.0.3.tgz. Extracting by manifest.
496 silly tarball no local data for @tsconfig/node12@https://registry.npmjs.org/@tsconfig/node12/-/node12-1.0.11.tgz. Extracting by manifest.
497 silly tarball no local data for @tsconfig/node10@https://registry.npmjs.org/@tsconfig/node10/-/node10-1.0.12.tgz. Extracting by manifest.
498 silly tarball no local data for @mongodb-js/saslprep@https://registry.npmjs.org/@mongodb-js/saslprep/-/saslprep-1.3.2.tgz. Extracting by manifest.
499 silly tarball no local data for @jridgewell/trace-mapping@https://registry.npmjs.org/@jridgewell/trace-mapping/-/trace-mapping-0.3.9.tgz. Extracting by manifest.
500 silly tarball no local data for @jridgewell/resolve-uri@https://registry.npmjs.org/@jridgewell/resolve-uri/-/resolve-uri-3.1.2.tgz. Extracting by manifest.
501 silly tarball no local data for @epic-web/invariant@https://registry.npmjs.org/@epic-web/invariant/-/invariant-1.0.0.tgz. Extracting by manifest.
502 silly tarball no local data for @jridgewell/sourcemap-codec@https://registry.npmjs.org/@jridgewell/sourcemap-codec/-/sourcemap-codec-1.5.5.tgz. Extracting by manifest.
503 silly tarball no local data for iconv-lite@https://registry.npmjs.org/iconv-lite/-/iconv-lite-0.7.0.tgz. Extracting by manifest.
504 silly tarball no local data for @cspotcode/source-map-support@https://registry.npmjs.org/@cspotcode/source-map-support/-/source-map-support-0.8.1.tgz. Extracting by manifest.
505 silly tarball no local data for to-regex-range@https://registry.npmjs.org/to-regex-range/-/to-regex-range-5.0.1.tgz. Extracting by manifest.
506 silly tarball no local data for @types/send@https://registry.npmjs.org/@types/send/-/send-0.17.6.tgz. Extracting by manifest.
507 http fetch POST 200 https://registry.npmjs.org/-/npm/v1/security/advisories/bulk 319ms
508 silly audit report {
508 silly audit report   'body-parser': [
508 silly audit report     {
508 silly audit report       id: 1110858,
508 silly audit report       url: 'https://github.com/advisories/GHSA-wqch-xfxh-vrr4',
508 silly audit report       title: 'body-parser is vulnerable to denial of service when url encoding is used',
508 silly audit report       severity: 'moderate',
508 silly audit report       vulnerable_versions: '>=2.2.0 <2.2.1',
508 silly audit report       cwe: [Array],
508 silly audit report       cvss: [Object]
508 silly audit report     }
508 silly audit report   ]
508 silly audit report }
509 silly packumentCache corgi:https://registry.npmjs.org/body-parser cache-miss
510 http fetch GET 200 https://registry.npmjs.org/is-number/-/is-number-7.0.0.tgz 475ms (cache miss)
511 http fetch GET 200 https://registry.npmjs.org/has-flag/-/has-flag-3.0.0.tgz 475ms (cache miss)
512 http fetch GET 200 https://registry.npmjs.org/anymatch/-/anymatch-3.1.3.tgz 491ms (cache miss)
513 http fetch GET 200 https://registry.npmjs.org/braces/-/braces-3.0.3.tgz 597ms (cache miss)
514 http fetch GET 200 https://registry.npmjs.org/undefsafe/-/undefsafe-2.0.5.tgz 621ms (cache miss)
515 http fetch GET 200 https://registry.npmjs.org/is-extglob/-/is-extglob-2.1.1.tgz 649ms (cache miss)
516 http fetch GET 200 https://registry.npmjs.org/touch/-/touch-3.1.1.tgz 641ms (cache miss)
517 http fetch GET 200 https://registry.npmjs.org/balanced-match/-/balanced-match-1.0.2.tgz 657ms (cache miss)
518 http fetch GET 200 https://registry.npmjs.org/glob-parent/-/glob-parent-5.1.2.tgz 651ms (cache miss)
519 http fetch GET 200 https://registry.npmjs.org/supports-color/-/supports-color-5.5.0.tgz 649ms (cache miss)
520 http fetch GET 200 https://registry.npmjs.org/is-binary-path/-/is-binary-path-2.1.0.tgz 653ms (cache miss)
521 http fetch GET 200 https://registry.npmjs.org/normalize-path/-/normalize-path-3.0.0.tgz 663ms (cache miss)
522 http fetch GET 200 https://registry.npmjs.org/ignore-by-default/-/ignore-by-default-1.0.1.tgz 660ms (cache miss)
523 http fetch GET 200 https://registry.npmjs.org/brace-expansion/-/brace-expansion-1.1.12.tgz 676ms (cache miss)
524 http fetch GET 200 https://registry.npmjs.org/wrappy/-/wrappy-1.0.2.tgz 669ms (cache miss)
525 http fetch GET 200 https://registry.npmjs.org/is-glob/-/is-glob-4.0.3.tgz 691ms (cache miss)
526 http fetch GET 200 https://registry.npmjs.org/which/-/which-2.0.2.tgz 682ms (cache miss)
527 http fetch GET 200 https://registry.npmjs.org/vary/-/vary-1.1.2.tgz 694ms (cache miss)
528 http fetch GET 200 https://registry.npmjs.org/unpipe/-/unpipe-1.0.0.tgz 698ms (cache miss)
529 http fetch GET 200 https://registry.npmjs.org/side-channel-list/-/side-channel-list-1.0.0.tgz 693ms (cache miss)
530 http fetch GET 200 https://registry.npmjs.org/binary-extensions/-/binary-extensions-2.3.0.tgz 718ms (cache miss)
531 http fetch GET 200 https://registry.npmjs.org/yn/-/yn-3.1.1.tgz 721ms (cache miss)
532 http fetch GET 200 https://registry.npmjs.org/concat-map/-/concat-map-0.0.1.tgz 741ms (cache miss)
533 http fetch GET 200 https://registry.npmjs.org/fill-range/-/fill-range-7.1.1.tgz 739ms (cache miss)
534 http fetch GET 200 https://registry.npmjs.org/sparse-bitfield/-/sparse-bitfield-3.0.3.tgz 727ms (cache miss)
535 http fetch GET 200 https://registry.npmjs.org/once/-/once-1.4.0.tgz 715ms (cache miss)
536 http fetch GET 200 https://registry.npmjs.org/send/-/send-1.2.0.tgz 729ms (cache miss)
537 http fetch GET 200 https://registry.npmjs.org/safe-buffer/-/safe-buffer-5.2.1.tgz 729ms (cache miss)
538 http fetch GET 200 https://registry.npmjs.org/toidentifier/-/toidentifier-1.0.1.tgz 740ms (cache miss)
539 http fetch GET 200 https://registry.npmjs.org/parseurl/-/parseurl-1.3.3.tgz 736ms (cache miss)
540 http fetch GET 200 https://registry.npmjs.org/shebang-command/-/shebang-command-2.0.0.tgz 746ms (cache miss)
541 http fetch GET 200 https://registry.npmjs.org/shebang-regex/-/shebang-regex-3.0.0.tgz 754ms (cache miss)
542 http fetch GET 200 https://registry.npmjs.org/raw-body/-/raw-body-3.0.2.tgz 754ms (cache miss)
543 http fetch GET 200 https://registry.npmjs.org/proxy-addr/-/proxy-addr-2.0.7.tgz 752ms (cache miss)
544 http fetch GET 200 https://registry.npmjs.org/path-key/-/path-key-3.1.1.tgz 753ms (cache miss)
545 http fetch GET 200 https://registry.npmjs.org/object-assign/-/object-assign-4.1.1.tgz 751ms (cache miss)
546 http fetch GET 200 https://registry.npmjs.org/path-to-regexp/-/path-to-regexp-8.3.0.tgz 756ms (cache miss)
547 http fetch GET 200 https://registry.npmjs.org/range-parser/-/range-parser-1.2.1.tgz 759ms (cache miss)
548 http fetch GET 200 https://registry.npmjs.org/statuses/-/statuses-2.0.2.tgz 780ms (cache miss)
549 http fetch GET 200 https://registry.npmjs.org/setprototypeof/-/setprototypeof-1.2.0.tgz 784ms (cache miss)
550 http fetch GET 200 https://registry.npmjs.org/punycode/-/punycode-2.3.1.tgz 779ms (cache miss)
551 http fetch GET 200 https://registry.npmjs.org/type-is/-/type-is-2.0.1.tgz 818ms (cache miss)
552 http fetch GET 200 https://registry.npmjs.org/webidl-conversions/-/webidl-conversions-7.0.0.tgz 837ms (cache miss)
553 http fetch GET 200 https://registry.npmjs.org/ms/-/ms-2.1.3.tgz 817ms (cache miss)
554 http fetch GET 200 https://registry.npmjs.org/minimatch/-/minimatch-3.1.2.tgz 847ms (cache miss)
555 http fetch GET 200 https://registry.npmjs.org/v8-compile-cache-lib/-/v8-compile-cache-lib-3.0.1.tgz 843ms (cache miss)
556 http fetch GET 200 https://registry.npmjs.org/on-finished/-/on-finished-2.4.1.tgz 860ms (cache miss)
557 http fetch GET 200 https://registry.npmjs.org/router/-/router-2.2.0.tgz 866ms (cache miss)
558 http fetch GET 200 https://registry.npmjs.org/serve-static/-/serve-static-2.2.0.tgz 873ms (cache miss)
559 http fetch GET 200 https://registry.npmjs.org/readdirp/-/readdirp-3.6.0.tgz 912ms (cache miss)
560 http fetch GET 200 https://registry.npmjs.org/merge-descriptors/-/merge-descriptors-2.0.0.tgz 890ms (cache miss)
561 http fetch GET 200 https://registry.npmjs.org/math-intrinsics/-/math-intrinsics-1.1.0.tgz 890ms (cache miss)
562 http fetch GET 200 https://registry.npmjs.org/memory-pager/-/memory-pager-1.5.0.tgz 955ms (cache miss)
563 http fetch GET 200 https://registry.npmjs.org/negotiator/-/negotiator-1.0.0.tgz 966ms (cache miss)
564 http fetch GET 200 https://registry.npmjs.org/node-gyp-build/-/node-gyp-build-4.8.4.tgz 975ms (cache miss)
565 http fetch GET 200 https://registry.npmjs.org/media-typer/-/media-typer-1.1.0.tgz 966ms (cache miss)
566 http fetch GET 200 https://registry.npmjs.org/make-error/-/make-error-1.3.6.tgz 972ms (cache miss)
567 http fetch GET 200 https://registry.npmjs.org/lodash.once/-/lodash.once-4.1.1.tgz 972ms (cache miss)
568 http fetch GET 200 https://registry.npmjs.org/safer-buffer/-/safer-buffer-2.1.2.tgz 990ms (cache miss)
569 http fetch GET 200 https://registry.npmjs.org/side-channel-map/-/side-channel-map-1.0.1.tgz 1040ms (cache miss)
570 http fetch GET 200 https://registry.npmjs.org/lodash.isplainobject/-/lodash.isplainobject-4.0.6.tgz 1017ms (cache miss)
571 http fetch GET 200 https://registry.npmjs.org/lodash.includes/-/lodash.includes-4.3.0.tgz 1016ms (cache miss)
572 http fetch GET 200 https://registry.npmjs.org/side-channel-weakmap/-/side-channel-weakmap-1.0.2.tgz 1044ms (cache miss)
573 http fetch GET 200 https://registry.npmjs.org/lodash.isnumber/-/lodash.isnumber-3.0.3.tgz 1034ms (cache miss)
574 http fetch GET 200 https://registry.npmjs.org/lodash.isinteger/-/lodash.isinteger-4.0.4.tgz 1034ms (cache miss)
575 http fetch GET 200 https://registry.npmjs.org/pstree.remy/-/pstree.remy-1.1.8.tgz 1076ms (cache miss)
576 http fetch GET 200 https://registry.npmjs.org/lodash.isboolean/-/lodash.isboolean-3.0.3.tgz 1040ms (cache miss)
577 http fetch GET 200 https://registry.npmjs.org/tr46/-/tr46-5.1.1.tgz 1074ms (cache miss)
578 http fetch GET 200 https://registry.npmjs.org/side-channel/-/side-channel-1.1.0.tgz 1074ms (cache miss)
579 http fetch GET 200 https://registry.npmjs.org/is-promise/-/is-promise-4.0.0.tgz 1088ms (cache miss)
580 http fetch GET 200 https://registry.npmjs.org/jwa/-/jwa-1.4.2.tgz 1090ms (cache miss)
581 http fetch GET 200 https://registry.npmjs.org/lodash.isstring/-/lodash.isstring-4.0.1.tgz 1094ms (cache miss)
582 http fetch GET 200 https://registry.npmjs.org/inherits/-/inherits-2.0.4.tgz 1090ms (cache miss)
583 http fetch GET 200 https://registry.npmjs.org/http-errors/-/http-errors-2.0.1.tgz 1091ms (cache miss)
584 http fetch GET 200 https://registry.npmjs.org/hasown/-/hasown-2.0.2.tgz 1099ms (cache miss)
585 http fetch GET 200 https://registry.npmjs.org/mongodb-connection-string-url/-/mongodb-connection-string-url-7.0.0.tgz 1124ms (cache miss)
586 http fetch GET 200 https://registry.npmjs.org/ipaddr.js/-/ipaddr.js-1.9.1.tgz 1116ms (cache miss)
587 http fetch GET 200 https://registry.npmjs.org/mime-types/-/mime-types-3.0.2.tgz 1130ms (cache miss)
588 http fetch GET 200 https://registry.npmjs.org/chokidar/-/chokidar-3.6.0.tgz 1181ms (cache miss)
589 http fetch GET 200 https://registry.npmjs.org/mpath/-/mpath-0.9.0.tgz 1164ms (cache miss)
590 http fetch GET 200 https://registry.npmjs.org/mime-db/-/mime-db-1.54.0.tgz 1162ms (cache miss)
591 http fetch GET 200 https://registry.npmjs.org/isexe/-/isexe-2.0.0.tgz 1169ms (cache miss)
592 http fetch GET 200 https://registry.npmjs.org/fresh/-/fresh-2.0.0.tgz 1162ms (cache miss)
593 http fetch GET 200 https://registry.npmjs.org/finalhandler/-/finalhandler-2.1.0.tgz 1171ms (cache miss)
594 http fetch GET 200 https://registry.npmjs.org/forwarded/-/forwarded-0.2.0.tgz 1173ms (cache miss)
595 http fetch GET 200 https://registry.npmjs.org/picomatch/-/picomatch-2.3.1.tgz 1236ms (cache miss)
596 http fetch GET 200 https://registry.npmjs.org/jws/-/jws-3.2.2.tgz 1205ms (cache miss)
597 http fetch GET 200 https://registry.npmjs.org/escape-html/-/escape-html-1.0.3.tgz 1202ms (cache miss)
598 http fetch GET 200 https://registry.npmjs.org/encodeurl/-/encodeurl-2.0.0.tgz 1202ms (cache miss)
599 http fetch GET 200 https://registry.npmjs.org/etag/-/etag-1.8.1.tgz 1209ms (cache miss)
600 http fetch GET 200 https://registry.npmjs.org/simple-update-notifier/-/simple-update-notifier-2.0.0.tgz 1262ms (cache miss)
601 http fetch GET 200 https://registry.npmjs.org/ee-first/-/ee-first-1.1.1.tgz 1230ms (cache miss)
602 http fetch GET 200 https://registry.npmjs.org/es-define-property/-/es-define-property-1.0.1.tgz 1234ms (cache miss)
603 http fetch GET 200 https://registry.npmjs.org/dunder-proto/-/dunder-proto-1.0.1.tgz 1240ms (cache miss)
604 http fetch GET 200 https://registry.npmjs.org/gopd/-/gopd-1.2.0.tgz 1266ms (cache miss)
605 http fetch GET 200 https://registry.npmjs.org/depd/-/depd-2.0.0.tgz 1284ms (cache miss)
606 http fetch GET 200 https://registry.npmjs.org/ecdsa-sig-formatter/-/ecdsa-sig-formatter-1.0.11.tgz 1291ms (cache miss)
607 http fetch GET 200 https://registry.npmjs.org/content-type/-/content-type-1.0.5.tgz 1305ms (cache miss)
608 http fetch GET 200 https://registry.npmjs.org/mquery/-/mquery-6.0.0.tgz 1342ms (cache miss)
609 http fetch GET 200 https://registry.npmjs.org/cors/-/cors-2.8.5.tgz 1314ms (cache miss)
610 http fetch GET 200 https://registry.npmjs.org/whatwg-url/-/whatwg-url-14.2.0.tgz 1379ms (cache miss)
611 http fetch GET 200 https://registry.npmjs.org/function-bind/-/function-bind-1.1.2.tgz 1336ms (cache miss)
612 http fetch GET 200 https://registry.npmjs.org/cookie-signature/-/cookie-signature-1.2.2.tgz 1329ms (cache miss)
613 http fetch GET 200 https://registry.npmjs.org/create-require/-/create-require-1.1.1.tgz 1333ms (cache miss)
614 http fetch GET 200 https://registry.npmjs.org/bytes/-/bytes-3.1.2.tgz 1333ms (cache miss)
615 http fetch GET 200 https://registry.npmjs.org/call-bind-apply-helpers/-/call-bind-apply-helpers-1.0.2.tgz 1335ms (cache miss)
616 http fetch GET 200 https://registry.npmjs.org/get-proto/-/get-proto-1.0.1.tgz 1357ms (cache miss)
617 http fetch GET 200 https://registry.npmjs.org/get-intrinsic/-/get-intrinsic-1.3.0.tgz 1358ms (cache miss)
618 http fetch GET 200 https://registry.npmjs.org/content-disposition/-/content-disposition-1.0.1.tgz 1356ms (cache miss)
619 http fetch GET 200 https://registry.npmjs.org/buffer-equal-constant-time/-/buffer-equal-constant-time-1.0.1.tgz 1361ms (cache miss)
620 http fetch GET 200 https://registry.npmjs.org/node-addon-api/-/node-addon-api-8.5.0.tgz 1399ms (cache miss)
621 http fetch GET 200 https://registry.npmjs.org/cookie/-/cookie-0.7.2.tgz 1377ms (cache miss)
622 http fetch GET 200 https://registry.npmjs.org/debug/-/debug-4.4.3.tgz 1401ms (cache miss)
623 http fetch GET 200 https://registry.npmjs.org/cross-spawn/-/cross-spawn-7.0.6.tgz 1406ms (cache miss)
624 http fetch GET 200 https://registry.npmjs.org/qs/-/qs-6.14.0.tgz 1444ms (cache miss)
625 http fetch GET 200 https://registry.npmjs.org/es-object-atoms/-/es-object-atoms-1.1.1.tgz 1418ms (cache miss)
626 http fetch GET 200 https://registry.npmjs.org/dotenv/-/dotenv-17.2.3.tgz 1417ms (cache miss)
627 http fetch GET 200 https://registry.npmjs.org/has-symbols/-/has-symbols-1.1.0.tgz 1434ms (cache miss)
628 http fetch GET 200 https://registry.npmjs.org/jsonwebtoken/-/jsonwebtoken-9.0.2.tgz 1449ms (cache miss)
629 http fetch GET 200 https://registry.npmjs.org/express/-/express-5.1.0.tgz 1445ms (cache miss)
630 http fetch GET 200 https://registry.npmjs.org/accepts/-/accepts-2.0.0.tgz 1433ms (cache miss)
631 http fetch GET 200 https://registry.npmjs.org/call-bound/-/call-bound-1.0.4.tgz 1460ms (cache miss)
632 http fetch GET 200 https://registry.npmjs.org/sift/-/sift-17.1.3.tgz 1532ms (cache miss)
633 http fetch GET 200 https://registry.npmjs.org/es-errors/-/es-errors-1.3.0.tgz 1500ms (cache miss)
634 http fetch GET 200 https://registry.npmjs.org/@types/whatwg-url/-/whatwg-url-13.0.0.tgz 1494ms (cache miss)
635 http fetch GET 200 https://registry.npmjs.org/@types/webidl-conversions/-/webidl-conversions-7.0.3.tgz 1495ms (cache miss)
636 http fetch GET 200 https://registry.npmjs.org/@types/range-parser/-/range-parser-1.2.7.tgz 1494ms (cache miss)
637 http fetch GET 200 https://registry.npmjs.org/body-parser/-/body-parser-2.2.0.tgz 1504ms (cache miss)
638 http fetch GET 200 https://registry.npmjs.org/arg/-/arg-4.1.3.tgz 1503ms (cache miss)
639 http fetch GET 200 https://registry.npmjs.org/acorn-walk/-/acorn-walk-8.3.4.tgz 1508ms (cache miss)
640 http fetch GET 200 https://registry.npmjs.org/kareem/-/kareem-3.0.0.tgz 1538ms (cache miss)
641 http fetch GET 200 https://registry.npmjs.org/cross-env/-/cross-env-10.1.0.tgz 1522ms (cache miss)
642 http fetch GET 200 https://registry.npmjs.org/@types/qs/-/qs-6.14.0.tgz 1518ms (cache miss)
643 http fetch GET 200 https://registry.npmjs.org/@types/send/-/send-1.2.1.tgz 1520ms (cache miss)
644 http fetch GET 200 https://registry.npmjs.org/@types/serve-static/-/serve-static-1.15.10.tgz 1526ms (cache miss)
645 http fetch GET 200 https://registry.npmjs.org/undici-types/-/undici-types-7.16.0.tgz 1612ms (cache miss)
646 http fetch GET 200 https://registry.npmjs.org/object-inspect/-/object-inspect-1.13.4.tgz 1605ms (cache miss)
647 http fetch GET 200 https://registry.npmjs.org/acorn/-/acorn-8.15.0.tgz 1663ms (cache miss)
648 http fetch GET 200 https://registry.npmjs.org/@types/jsonwebtoken/-/jsonwebtoken-9.0.10.tgz 1704ms (cache miss)
649 http fetch GET 200 https://registry.npmjs.org/@types/mime/-/mime-1.3.5.tgz 1707ms (cache miss)
650 http fetch GET 200 https://registry.npmjs.org/@types/http-errors/-/http-errors-2.0.5.tgz 1725ms (cache miss)
651 http fetch GET 200 https://registry.npmjs.org/@types/connect/-/connect-3.4.38.tgz 1726ms (cache miss)
652 http fetch GET 200 https://registry.npmjs.org/@types/ms/-/ms-2.1.0.tgz 1740ms (cache miss)
653 http fetch GET 200 https://registry.npmjs.org/@types/express/-/express-5.0.5.tgz 1739ms (cache miss)
654 http fetch GET 200 https://registry.npmjs.org/@types/body-parser/-/body-parser-1.19.6.tgz 1742ms (cache miss)
655 http fetch GET 200 https://registry.npmjs.org/@types/cors/-/cors-2.8.19.tgz 1746ms (cache miss)
656 http fetch GET 200 https://registry.npmjs.org/@types/express-serve-static-core/-/express-serve-static-core-5.1.0.tgz 1760ms (cache miss)
657 http fetch GET 200 https://registry.npmjs.org/iconv-lite/-/iconv-lite-0.6.3.tgz 1822ms (cache miss)
658 http fetch GET 200 https://registry.npmjs.org/diff/-/diff-4.0.2.tgz 1821ms (cache miss)
659 http fetch GET 200 https://registry.npmjs.org/nodemon/-/nodemon-3.1.11.tgz 1913ms (cache miss)
660 http fetch GET 200 https://registry.npmjs.org/semver/-/semver-7.7.3.tgz 2036ms (cache miss)
661 http fetch GET 200 https://registry.npmjs.org/to-regex-range/-/to-regex-range-5.0.1.tgz 2013ms (cache miss)
662 http fetch GET 200 https://registry.npmjs.org/@phc/format/-/format-1.0.0.tgz 2023ms (cache miss)
663 http fetch GET 200 https://registry.npmjs.org/@tsconfig/node10/-/node10-1.0.12.tgz 2022ms (cache miss)
664 http fetch GET 200 https://registry.npmjs.org/@tsconfig/node16/-/node16-1.0.4.tgz 2024ms (cache miss)
665 http fetch GET 200 https://registry.npmjs.org/@types/send/-/send-0.17.6.tgz 2026ms (cache miss)
666 http fetch GET 200 https://registry.npmjs.org/body-parser 1879ms (cache miss)
667 silly packumentCache corgi:https://registry.npmjs.org/body-parser set size:undefined disposed:false
668 http fetch GET 200 https://registry.npmjs.org/@epic-web/invariant/-/invariant-1.0.0.tgz 2045ms (cache miss)
669 silly packumentCache corgi:https://registry.npmjs.org/express cache-miss
670 http fetch GET 200 https://registry.npmjs.org/@jridgewell/resolve-uri/-/resolve-uri-3.1.2.tgz 2059ms (cache miss)
671 http fetch GET 200 https://registry.npmjs.org/@tsconfig/node14/-/node14-1.0.3.tgz 2115ms (cache miss)
672 http fetch GET 200 https://registry.npmjs.org/@jridgewell/trace-mapping/-/trace-mapping-0.3.9.tgz 2116ms (cache miss)
673 http fetch GET 200 https://registry.npmjs.org/iconv-lite/-/iconv-lite-0.7.0.tgz 2141ms (cache miss)
674 http fetch GET 200 https://registry.npmjs.org/express 133ms (cache miss)
675 silly packumentCache corgi:https://registry.npmjs.org/express set size:undefined disposed:false
676 http fetch GET 200 https://registry.npmjs.org/argon2/-/argon2-0.44.0.tgz 2209ms (cache miss)
677 http fetch GET 200 https://registry.npmjs.org/bson/-/bson-7.0.0.tgz 2257ms (cache miss)
678 http fetch GET 200 https://registry.npmjs.org/@mongodb-js/saslprep/-/saslprep-1.3.2.tgz 2250ms (cache miss)
679 http fetch GET 200 https://registry.npmjs.org/@jridgewell/sourcemap-codec/-/sourcemap-codec-1.5.5.tgz 2274ms (cache miss)
680 http fetch GET 200 https://registry.npmjs.org/@cspotcode/source-map-support/-/source-map-support-0.8.1.tgz 2310ms (cache miss)
681 http fetch GET 200 https://registry.npmjs.org/@types/node/-/node-24.10.1.tgz 2325ms (cache miss)
682 http fetch GET 200 https://registry.npmjs.org/@tsconfig/node12/-/node12-1.0.11.tgz 2320ms (cache miss)
683 http fetch GET 200 https://registry.npmjs.org/ts-node/-/ts-node-10.9.2.tgz 2419ms (cache miss)
684 http fetch GET 200 https://registry.npmjs.org/typescript/-/typescript-5.9.3.tgz 3116ms (cache miss)
685 http fetch GET 200 https://registry.npmjs.org/mongoose/-/mongoose-9.0.0.tgz 3103ms (cache miss)
686 http fetch GET 200 https://registry.npmjs.org/mongodb/-/mongodb-7.0.0.tgz 3290ms (cache miss)
687 info run argon2@0.44.0 install node_modules/argon2 cross-env ZERO_AR_DATE=1 node-gyp-build
688 info run argon2@0.44.0 install { code: 0, signal: null }
689 silly ADD node_modules/is-number
690 silly ADD node_modules/has-flag
691 silly ADD node_modules/concat-map
692 silly ADD node_modules/balanced-match
693 silly ADD node_modules/brace-expansion
694 silly ADD node_modules/is-extglob
695 silly ADD node_modules/binary-extensions
696 silly ADD node_modules/to-regex-range
697 silly ADD node_modules/fill-range
698 silly ADD node_modules/picomatch
699 silly ADD node_modules/readdirp
700 silly ADD node_modules/normalize-path
701 silly ADD node_modules/is-glob
702 silly ADD node_modules/is-binary-path
703 silly ADD node_modules/glob-parent
704 silly ADD node_modules/braces
705 silly ADD node_modules/anymatch
706 silly ADD node_modules/undefsafe
707 silly ADD node_modules/touch
708 silly ADD node_modules/supports-color
709 silly ADD node_modules/simple-update-notifier
710 silly ADD node_modules/pstree.remy
711 silly ADD node_modules/minimatch
712 silly ADD node_modules/ignore-by-default
713 silly ADD node_modules/chokidar
714 silly ADD node_modules/nodemon
715 silly ADD node_modules/yn
716 silly ADD node_modules/wrappy
717 silly ADD node_modules/which
718 silly ADD node_modules/whatwg-url
719 silly ADD node_modules/webidl-conversions
720 silly ADD node_modules/vary
721 silly ADD node_modules/v8-compile-cache-lib
722 silly ADD node_modules/unpipe
723 silly ADD node_modules/undici-types
724 silly ADD node_modules/typescript
725 silly ADD node_modules/type-is
726 silly ADD node_modules/ts-node
727 silly ADD node_modules/tr46
728 silly ADD node_modules/toidentifier
729 silly ADD node_modules/statuses
730 silly ADD node_modules/sparse-bitfield
731 silly ADD node_modules/sift
732 silly ADD node_modules/side-channel-weakmap
733 silly ADD node_modules/side-channel-map
734 silly ADD node_modules/side-channel-list
735 silly ADD node_modules/side-channel
736 silly ADD node_modules/shebang-regex
737 silly ADD node_modules/shebang-command
738 silly ADD node_modules/setprototypeof
739 silly ADD node_modules/serve-static
740 silly ADD node_modules/send
741 silly ADD node_modules/semver
742 silly ADD node_modules/safer-buffer
743 silly ADD node_modules/safe-buffer
744 silly ADD node_modules/router
745 silly ADD node_modules/raw-body
746 silly ADD node_modules/raw-body/node_modules/iconv-lite
747 silly ADD node_modules/range-parser
748 silly ADD node_modules/qs
749 silly ADD node_modules/punycode
750 silly ADD node_modules/proxy-addr
751 silly ADD node_modules/path-to-regexp
752 silly ADD node_modules/path-key
753 silly ADD node_modules/parseurl
754 silly ADD node_modules/once
755 silly ADD node_modules/on-finished
756 silly ADD node_modules/object-inspect
757 silly ADD node_modules/object-assign
758 silly ADD node_modules/node-gyp-build
759 silly ADD node_modules/node-addon-api
760 silly ADD node_modules/negotiator
761 silly ADD node_modules/ms
762 silly ADD node_modules/mquery
763 silly ADD node_modules/mpath
764 silly ADD node_modules/mongoose
765 silly ADD node_modules/mongodb-connection-string-url
766 silly ADD node_modules/mongodb
767 silly ADD node_modules/mime-types
768 silly ADD node_modules/mime-db
769 silly ADD node_modules/merge-descriptors
770 silly ADD node_modules/memory-pager
771 silly ADD node_modules/media-typer
772 silly ADD node_modules/math-intrinsics
773 silly ADD node_modules/make-error
774 silly ADD node_modules/lodash.once
775 silly ADD node_modules/lodash.isstring
776 silly ADD node_modules/lodash.isplainobject
777 silly ADD node_modules/lodash.isnumber
778 silly ADD node_modules/lodash.isinteger
779 silly ADD node_modules/lodash.isboolean
780 silly ADD node_modules/lodash.includes
781 silly ADD node_modules/kareem
782 silly ADD node_modules/jws
783 silly ADD node_modules/jwa
784 silly ADD node_modules/jsonwebtoken
785 silly ADD node_modules/isexe
786 silly ADD node_modules/is-promise
787 silly ADD node_modules/ipaddr.js
788 silly ADD node_modules/inherits
789 silly ADD node_modules/iconv-lite
790 silly ADD node_modules/http-errors
791 silly ADD node_modules/hasown
792 silly ADD node_modules/has-symbols
793 silly ADD node_modules/gopd
794 silly ADD node_modules/get-proto
795 silly ADD node_modules/get-intrinsic
796 silly ADD node_modules/function-bind
797 silly ADD node_modules/fresh
798 silly ADD node_modules/forwarded
799 silly ADD node_modules/finalhandler
800 silly ADD node_modules/express
801 silly ADD node_modules/etag
802 silly ADD node_modules/escape-html
803 silly ADD node_modules/es-object-atoms
804 silly ADD node_modules/es-errors
805 silly ADD node_modules/es-define-property
806 silly ADD node_modules/encodeurl
807 silly ADD node_modules/ee-first
808 silly ADD node_modules/ecdsa-sig-formatter
809 silly ADD node_modules/dunder-proto
810 silly ADD node_modules/dotenv
811 silly ADD node_modules/diff
812 silly ADD node_modules/depd
813 silly ADD node_modules/debug
814 silly ADD node_modules/cross-spawn
815 silly ADD node_modules/cross-env
816 silly ADD node_modules/create-require
817 silly ADD node_modules/cors
818 silly ADD node_modules/cookie-signature
819 silly ADD node_modules/cookie
820 silly ADD node_modules/content-type
821 silly ADD node_modules/content-disposition
822 silly ADD node_modules/call-bound
823 silly ADD node_modules/call-bind-apply-helpers
824 silly ADD node_modules/bytes
825 silly ADD node_modules/buffer-equal-constant-time
826 silly ADD node_modules/bson
827 silly ADD node_modules/body-parser
828 silly ADD node_modules/argon2
829 silly ADD node_modules/arg
830 silly ADD node_modules/acorn-walk
831 silly ADD node_modules/acorn
832 silly ADD node_modules/accepts
833 silly ADD node_modules/@types/whatwg-url
834 silly ADD node_modules/@types/webidl-conversions
835 silly ADD node_modules/@types/serve-static
836 silly ADD node_modules/@types/serve-static/node_modules/@types/send
837 silly ADD node_modules/@types/send
838 silly ADD node_modules/@types/range-parser
839 silly ADD node_modules/@types/qs
840 silly ADD node_modules/@types/node
841 silly ADD node_modules/@types/ms
842 silly ADD node_modules/@types/mime
843 silly ADD node_modules/@types/jsonwebtoken
844 silly ADD node_modules/@types/http-errors
845 silly ADD node_modules/@types/express-serve-static-core
846 silly ADD node_modules/@types/express
847 silly ADD node_modules/@types/cors
848 silly ADD node_modules/@types/connect
849 silly ADD node_modules/@types/body-parser
850 silly ADD node_modules/@tsconfig/node16
851 silly ADD node_modules/@tsconfig/node14
852 silly ADD node_modules/@tsconfig/node12
853 silly ADD node_modules/@tsconfig/node10
854 silly ADD node_modules/@phc/format
855 silly ADD node_modules/@mongodb-js/saslprep
856 silly ADD node_modules/@jridgewell/trace-mapping
857 silly ADD node_modules/@jridgewell/sourcemap-codec
858 silly ADD node_modules/@jridgewell/resolve-uri
859 silly ADD node_modules/@epic-web/invariant
860 silly ADD node_modules/@cspotcode/source-map-support
861 verbose cwd C:\Users\BiploB\Desktop\libery\libery-server
862 verbose os Windows_NT 10.0.19045
863 verbose node v25.2.1
864 verbose npm  v11.6.2
865 verbose exit 0
866 info ok
