0 verbose cli /usr/local/bin/node /usr/local/bin/npm
1 info using npm@10.9.3
2 info using node@v22.20.0
3 silly config load:file:/usr/local/lib/node_modules/npm/npmrc
4 silly config load:file:/Users/macbookair/Documents/antigravity/server/.npmrc
5 silly config load:file:/Users/macbookair/.npmrc
6 silly config load:file:/usr/local/etc/npmrc
7 verbose title npm install express cors dotenv mongoose
8 verbose argv "install" "express" "cors" "dotenv" "mongoose"
9 verbose logfile logs-max:10 dir:/Users/macbookair/Documents/antigravity/server/.npm-cache/_logs/2025-11-23T18_24_53_520Z-
10 verbose logfile /Users/macbookair/Documents/antigravity/server/.npm-cache/_logs/2025-11-23T18_24_53_520Z-debug-0.log
11 silly logfile done cleaning log files
12 silly packumentCache heap:2197815296 maxSize:549453824 maxEntrySize:274726912
13 silly idealTree buildDeps
14 silly fetch manifest express@*
15 silly packumentCache full:https://registry.npmjs.org/express cache-miss
16 http fetch GET 200 https://registry.npmjs.org/express 149ms (cache miss)
17 silly packumentCache full:https://registry.npmjs.org/express set size:undefined disposed:false
18 silly fetch manifest cors@*
19 silly packumentCache full:https://registry.npmjs.org/cors cache-miss
20 http fetch GET 200 https://registry.npmjs.org/cors 69ms (cache miss)
21 silly packumentCache full:https://registry.npmjs.org/cors set size:undefined disposed:false
22 silly fetch manifest dotenv@*
23 silly packumentCache full:https://registry.npmjs.org/dotenv cache-miss
24 http fetch GET 200 https://registry.npmjs.org/dotenv 34ms (cache miss)
25 silly packumentCache full:https://registry.npmjs.org/dotenv set size:undefined disposed:false
26 silly fetch manifest mongoose@*
27 silly packumentCache full:https://registry.npmjs.org/mongoose cache-miss
28 http fetch GET 200 https://registry.npmjs.org/mongoose 362ms (cache miss)
29 silly packumentCache full:https://registry.npmjs.org/mongoose set size:undefined disposed:false
30 silly placeDep ROOT cors@2.8.5 OK for: server@1.0.0 want: *
31 silly placeDep ROOT dotenv@17.2.3 OK for: server@1.0.0 want: *
32 silly placeDep ROOT express@5.1.0 OK for: server@1.0.0 want: *
33 silly placeDep ROOT mongoose@9.0.0 OK for: server@1.0.0 want: *
34 silly fetch manifest vary@^1
35 silly packumentCache full:https://registry.npmjs.org/vary cache-miss
36 silly fetch manifest object-assign@^4
37 silly packumentCache full:https://registry.npmjs.org/object-assign cache-miss
38 silly fetch manifest qs@^6.14.0
39 silly packumentCache full:https://registry.npmjs.org/qs cache-miss
40 silly fetch manifest etag@^1.8.1
41 silly packumentCache full:https://registry.npmjs.org/etag cache-miss
42 silly fetch manifest once@^1.4.0
43 silly packumentCache full:https://registry.npmjs.org/once cache-miss
44 silly fetch manifest send@^1.1.0
45 silly packumentCache full:https://registry.npmjs.org/send cache-miss
46 silly fetch manifest vary@^1.1.2
47 silly packumentCache full:https://registry.npmjs.org/vary cache-miss
48 http fetch GET 200 https://registry.npmjs.org/vary 30ms (cache miss)
49 silly packumentCache full:https://registry.npmjs.org/vary set size:undefined disposed:false
50 silly fetch manifest debug@^4.4.0
51 silly packumentCache full:https://registry.npmjs.org/debug cache-miss
52 http fetch GET 200 https://registry.npmjs.org/vary 49ms (cache miss)
53 silly packumentCache full:https://registry.npmjs.org/vary set size:undefined disposed:false
54 silly fetch manifest fresh@^2.0.0
55 silly packumentCache full:https://registry.npmjs.org/fresh cache-miss
56 http fetch GET 200 https://registry.npmjs.org/once 58ms (cache miss)
57 silly packumentCache full:https://registry.npmjs.org/once set size:undefined disposed:false
58 silly fetch manifest cookie@^0.7.1
59 silly packumentCache full:https://registry.npmjs.org/cookie cache-miss
60 http fetch GET 200 https://registry.npmjs.org/object-assign 61ms (cache miss)
61 silly packumentCache full:https://registry.npmjs.org/object-assign set size:undefined disposed:false
62 silly fetch manifest router@^2.2.0
63 silly packumentCache full:https://registry.npmjs.org/router cache-miss
64 http fetch GET 200 https://registry.npmjs.org/debug 33ms (cache miss)
65 silly packumentCache full:https://registry.npmjs.org/debug set size:undefined disposed:false
66 silly fetch manifest accepts@^2.0.0
67 silly packumentCache full:https://registry.npmjs.org/accepts cache-miss
68 http fetch GET 200 https://registry.npmjs.org/accepts 20ms (cache miss)
69 silly packumentCache full:https://registry.npmjs.org/accepts set size:undefined disposed:false
70 silly fetch manifest type-is@^2.0.1
71 silly packumentCache full:https://registry.npmjs.org/type-is cache-miss
72 http fetch GET 200 https://registry.npmjs.org/fresh 47ms (cache miss)
73 silly packumentCache full:https://registry.npmjs.org/fresh set size:undefined disposed:false
74 silly fetch manifest parseurl@^1.3.3
75 silly packumentCache full:https://registry.npmjs.org/parseurl cache-miss
76 http fetch GET 200 https://registry.npmjs.org/parseurl 21ms (cache miss)
77 silly packumentCache full:https://registry.npmjs.org/parseurl set size:undefined disposed:false
78 silly fetch manifest statuses@^2.0.1
79 silly packumentCache full:https://registry.npmjs.org/statuses cache-miss
80 http fetch GET 200 https://registry.npmjs.org/statuses 25ms (cache miss)
81 silly packumentCache full:https://registry.npmjs.org/statuses set size:undefined disposed:false
82 silly fetch manifest encodeurl@^2.0.0
83 silly packumentCache full:https://registry.npmjs.org/encodeurl cache-miss
84 http fetch GET 200 https://registry.npmjs.org/encodeurl 24ms (cache miss)
85 silly packumentCache full:https://registry.npmjs.org/encodeurl set size:undefined disposed:false
86 silly fetch manifest mime-types@^3.0.0
87 silly packumentCache full:https://registry.npmjs.org/mime-types cache-miss
88 http fetch GET 200 https://registry.npmjs.org/cookie 123ms (cache miss)
89 silly packumentCache full:https://registry.npmjs.org/cookie set size:undefined disposed:false
90 silly fetch manifest proxy-addr@^2.0.7
91 silly packumentCache full:https://registry.npmjs.org/proxy-addr cache-miss
92 http fetch GET 200 https://registry.npmjs.org/router 131ms (cache miss)
93 silly packumentCache full:https://registry.npmjs.org/router set size:undefined disposed:false
94 silly fetch manifest body-parser@^2.2.0
95 silly packumentCache full:https://registry.npmjs.org/body-parser cache-miss
96 http fetch GET 200 https://registry.npmjs.org/type-is 112ms (cache miss)
97 silly packumentCache full:https://registry.npmjs.org/type-is set size:undefined disposed:false
98 silly fetch manifest escape-html@^1.0.3
99 silly packumentCache full:https://registry.npmjs.org/escape-html cache-miss
100 http fetch GET 200 https://registry.npmjs.org/mime-types 36ms (cache miss)
101 silly packumentCache full:https://registry.npmjs.org/mime-types set size:undefined disposed:false
102 silly fetch manifest http-errors@^2.0.0
103 silly packumentCache full:https://registry.npmjs.org/http-errors cache-miss
104 http fetch GET 200 https://registry.npmjs.org/escape-html 30ms (cache miss)
105 silly packumentCache full:https://registry.npmjs.org/escape-html set size:undefined disposed:false
106 silly fetch manifest on-finished@^2.4.1
107 silly packumentCache full:https://registry.npmjs.org/on-finished cache-miss
108 http fetch GET 200 https://registry.npmjs.org/http-errors 41ms (cache miss)
109 silly packumentCache full:https://registry.npmjs.org/http-errors set size:undefined disposed:false
110 silly fetch manifest content-type@^1.0.5
111 silly packumentCache full:https://registry.npmjs.org/content-type cache-miss
112 http fetch GET 200 https://registry.npmjs.org/on-finished 28ms (cache miss)
113 silly packumentCache full:https://registry.npmjs.org/on-finished set size:undefined disposed:false
114 silly fetch manifest finalhandler@^2.1.0
115 silly packumentCache full:https://registry.npmjs.org/finalhandler cache-miss
116 http fetch GET 200 https://registry.npmjs.org/qs 278ms (cache miss)
117 silly packumentCache full:https://registry.npmjs.org/qs set size:undefined disposed:false
118 silly fetch manifest range-parser@^1.2.1
119 silly packumentCache full:https://registry.npmjs.org/range-parser cache-miss
120 http fetch GET 200 https://registry.npmjs.org/etag 283ms (cache miss)
121 silly packumentCache full:https://registry.npmjs.org/etag set size:undefined disposed:false
122 silly fetch manifest serve-static@^2.2.0
123 silly packumentCache full:https://registry.npmjs.org/serve-static cache-miss
124 http fetch GET 200 https://registry.npmjs.org/finalhandler 29ms (cache miss)
125 silly packumentCache full:https://registry.npmjs.org/finalhandler set size:undefined disposed:false
126 silly fetch manifest cookie-signature@^1.2.1
127 silly packumentCache full:https://registry.npmjs.org/cookie-signature cache-miss
128 http fetch GET 200 https://registry.npmjs.org/body-parser 113ms (cache miss)
129 silly packumentCache full:https://registry.npmjs.org/body-parser set size:undefined disposed:false
130 silly fetch manifest merge-descriptors@^2.0.0
131 silly packumentCache full:https://registry.npmjs.org/merge-descriptors cache-miss
132 http fetch GET 200 https://registry.npmjs.org/proxy-addr 129ms (cache miss)
133 silly packumentCache full:https://registry.npmjs.org/proxy-addr set size:undefined disposed:false
134 silly fetch manifest content-disposition@^1.0.0
135 silly packumentCache full:https://registry.npmjs.org/content-disposition cache-miss
136 http fetch GET 200 https://registry.npmjs.org/send 312ms (cache miss)
137 silly packumentCache full:https://registry.npmjs.org/send set size:undefined disposed:false
138 silly fetch manifest kareem@3.0.0
139 silly packumentCache full:https://registry.npmjs.org/kareem cache-miss
140 http fetch GET 200 https://registry.npmjs.org/range-parser 49ms (cache miss)
141 silly packumentCache full:https://registry.npmjs.org/range-parser set size:undefined disposed:false
142 silly fetch manifest mongodb@~7.0
143 silly packumentCache full:https://registry.npmjs.org/mongodb cache-miss
144 http fetch GET 200 https://registry.npmjs.org/serve-static 47ms (cache miss)
145 silly packumentCache full:https://registry.npmjs.org/serve-static set size:undefined disposed:false
146 silly fetch manifest mpath@0.9.0
147 silly packumentCache full:https://registry.npmjs.org/mpath cache-miss
148 http fetch GET 200 https://registry.npmjs.org/cookie-signature 66ms (cache miss)
149 silly packumentCache full:https://registry.npmjs.org/cookie-signature set size:undefined disposed:false
150 silly fetch manifest mquery@6.0.0
151 silly packumentCache full:https://registry.npmjs.org/mquery cache-miss
152 http fetch GET 200 https://registry.npmjs.org/mpath 67ms (cache miss)
153 silly packumentCache full:https://registry.npmjs.org/mpath set size:undefined disposed:false
154 silly fetch manifest ms@2.1.3
155 silly packumentCache full:https://registry.npmjs.org/ms cache-miss
156 http fetch GET 200 https://registry.npmjs.org/merge-descriptors 114ms (cache miss)
157 silly packumentCache full:https://registry.npmjs.org/merge-descriptors set size:undefined disposed:false
158 silly fetch manifest sift@17.1.3
159 silly packumentCache full:https://registry.npmjs.org/sift cache-miss
160 http fetch GET 200 https://registry.npmjs.org/kareem 118ms (cache miss)
161 silly packumentCache full:https://registry.npmjs.org/kareem set size:undefined disposed:false
162 http fetch GET 200 https://registry.npmjs.org/mquery 83ms (cache miss)
163 silly packumentCache full:https://registry.npmjs.org/mquery set size:undefined disposed:false
164 http fetch GET 200 https://registry.npmjs.org/ms 40ms (cache miss)
165 silly packumentCache full:https://registry.npmjs.org/ms set size:undefined disposed:false
166 http fetch GET 200 https://registry.npmjs.org/content-disposition 129ms (cache miss)
167 silly packumentCache full:https://registry.npmjs.org/content-disposition set size:undefined disposed:false
168 http fetch GET 200 https://registry.npmjs.org/mongodb 189ms (cache miss)
169 silly packumentCache full:https://registry.npmjs.org/mongodb set size:undefined disposed:false
170 http fetch GET 200 https://registry.npmjs.org/sift 133ms (cache miss)
171 silly packumentCache full:https://registry.npmjs.org/sift set size:undefined disposed:false
172 http fetch GET 200 https://registry.npmjs.org/content-type 371ms (cache miss)
173 silly packumentCache full:https://registry.npmjs.org/content-type set size:undefined disposed:false
174 silly placeDep ROOT object-assign@4.1.1 OK for: cors@2.8.5 want: ^4
175 silly placeDep ROOT vary@1.1.2 OK for: cors@2.8.5 want: ^1
176 silly placeDep ROOT accepts@2.0.0 OK for: express@5.1.0 want: ^2.0.0
177 silly placeDep ROOT body-parser@2.2.0 OK for: express@5.1.0 want: ^2.2.0
178 silly placeDep ROOT content-disposition@1.0.1 OK for: express@5.1.0 want: ^1.0.0
179 silly placeDep ROOT content-type@1.0.5 OK for: express@5.1.0 want: ^1.0.5
180 silly placeDep ROOT cookie@0.7.2 OK for: express@5.1.0 want: ^0.7.1
181 silly placeDep ROOT cookie-signature@1.2.2 OK for: express@5.1.0 want: ^1.2.1
182 silly placeDep ROOT debug@4.4.3 OK for: express@5.1.0 want: ^4.4.0
183 silly placeDep ROOT encodeurl@2.0.0 OK for: express@5.1.0 want: ^2.0.0
184 silly placeDep ROOT escape-html@1.0.3 OK for: express@5.1.0 want: ^1.0.3
185 silly placeDep ROOT etag@1.8.1 OK for: express@5.1.0 want: ^1.8.1
186 silly placeDep ROOT finalhandler@2.1.0 OK for: express@5.1.0 want: ^2.1.0
187 silly placeDep ROOT fresh@2.0.0 OK for: express@5.1.0 want: ^2.0.0
188 silly placeDep ROOT http-errors@2.0.1 OK for: express@5.1.0 want: ^2.0.0
189 silly placeDep ROOT merge-descriptors@2.0.0 OK for: express@5.1.0 want: ^2.0.0
190 silly placeDep ROOT mime-types@3.0.2 OK for: express@5.1.0 want: ^3.0.0
191 silly placeDep ROOT on-finished@2.4.1 OK for: express@5.1.0 want: ^2.4.1
192 silly placeDep ROOT once@1.4.0 OK for: express@5.1.0 want: ^1.4.0
193 silly placeDep ROOT parseurl@1.3.3 OK for: express@5.1.0 want: ^1.3.3
194 silly placeDep ROOT proxy-addr@2.0.7 OK for: express@5.1.0 want: ^2.0.7
195 silly placeDep ROOT qs@6.14.0 OK for: express@5.1.0 want: ^6.14.0
196 silly placeDep ROOT range-parser@1.2.1 OK for: express@5.1.0 want: ^1.2.1
197 silly placeDep ROOT router@2.2.0 OK for: express@5.1.0 want: ^2.2.0
198 silly placeDep ROOT send@1.2.0 OK for: express@5.1.0 want: ^1.1.0
199 silly placeDep ROOT serve-static@2.2.0 OK for: express@5.1.0 want: ^2.2.0
200 silly placeDep ROOT statuses@2.0.2 OK for: express@5.1.0 want: ^2.0.1
201 silly placeDep ROOT type-is@2.0.1 OK for: express@5.1.0 want: ^2.0.1
202 silly fetch manifest negotiator@^1.0.0
203 silly packumentCache full:https://registry.npmjs.org/negotiator cache-miss
204 silly fetch manifest bytes@^3.1.2
205 silly packumentCache full:https://registry.npmjs.org/bytes cache-miss
206 silly fetch manifest type-is@^2.0.0
207 silly packumentCache full:https://registry.npmjs.org/type-is cache-miss
208 silly fetch manifest raw-body@^3.0.0
209 silly packumentCache full:https://registry.npmjs.org/raw-body cache-miss
210 silly fetch manifest iconv-lite@^0.6.3
211 silly packumentCache full:https://registry.npmjs.org/iconv-lite cache-miss
212 silly fetch manifest ms@^2.1.3
213 silly packumentCache full:https://registry.npmjs.org/ms cache-miss
214 silly fetch manifest depd@~2.0.0
215 silly packumentCache full:https://registry.npmjs.org/depd cache-miss
216 http cache https://registry.npmjs.org/type-is 6ms (cache hit)
217 silly packumentCache full:https://registry.npmjs.org/type-is set size:86196 disposed:false
218 silly fetch manifest inherits@~2.0.4
219 silly packumentCache full:https://registry.npmjs.org/inherits cache-miss
220 http cache https://registry.npmjs.org/ms 6ms (cache hit)
221 silly packumentCache full:https://registry.npmjs.org/ms set size:92208 disposed:false
222 silly fetch manifest setprototypeof@~1.2.0
223 silly packumentCache full:https://registry.npmjs.org/setprototypeof cache-miss
224 http fetch GET 200 https://registry.npmjs.org/bytes 36ms (cache miss)
225 silly packumentCache full:https://registry.npmjs.org/bytes set size:undefined disposed:false
226 silly fetch manifest statuses@~2.0.2
227 silly packumentCache full:https://registry.npmjs.org/statuses cache-miss
228 http fetch GET 200 https://registry.npmjs.org/negotiator 40ms (cache miss)
229 silly packumentCache full:https://registry.npmjs.org/negotiator set size:undefined disposed:false
230 silly fetch manifest toidentifier@~1.0.1
231 silly packumentCache full:https://registry.npmjs.org/toidentifier cache-miss
232 http cache https://registry.npmjs.org/statuses 4ms (cache hit)
233 silly packumentCache full:https://registry.npmjs.org/statuses set size:37117 disposed:false
234 silly fetch manifest mime-db@^1.54.0
235 silly packumentCache full:https://registry.npmjs.org/mime-db cache-miss
236 http fetch GET 200 https://registry.npmjs.org/inherits 35ms (cache miss)
237 silly packumentCache full:https://registry.npmjs.org/inherits set size:undefined disposed:false
238 silly fetch manifest ee-first@1.1.1
239 silly packumentCache full:https://registry.npmjs.org/ee-first cache-miss
240 http fetch GET 200 https://registry.npmjs.org/setprototypeof 35ms (cache miss)
241 silly packumentCache full:https://registry.npmjs.org/setprototypeof set size:undefined disposed:false
242 silly fetch manifest wrappy@1
243 silly packumentCache full:https://registry.npmjs.org/wrappy cache-miss
244 http fetch GET 200 https://registry.npmjs.org/depd 51ms (cache miss)
245 silly packumentCache full:https://registry.npmjs.org/depd set size:undefined disposed:false
246 silly fetch manifest forwarded@0.2.0
247 silly packumentCache full:https://registry.npmjs.org/forwarded cache-miss
248 http fetch GET 200 https://registry.npmjs.org/toidentifier 21ms (cache miss)
249 silly packumentCache full:https://registry.npmjs.org/toidentifier set size:undefined disposed:false
250 silly fetch manifest ipaddr.js@1.9.1
251 silly packumentCache full:https://registry.npmjs.org/ipaddr.js cache-miss
252 http fetch GET 200 https://registry.npmjs.org/wrappy 24ms (cache miss)
253 silly packumentCache full:https://registry.npmjs.org/wrappy set size:undefined disposed:false
254 silly fetch manifest side-channel@^1.1.0
255 silly packumentCache full:https://registry.npmjs.org/side-channel cache-miss
256 http fetch GET 200 https://registry.npmjs.org/ee-first 32ms (cache miss)
257 silly packumentCache full:https://registry.npmjs.org/ee-first set size:undefined disposed:false
258 silly fetch manifest depd@^2.0.0
259 silly packumentCache full:https://registry.npmjs.org/depd cache-miss
260 http fetch GET 200 https://registry.npmjs.org/mime-db 34ms (cache miss)
261 silly packumentCache full:https://registry.npmjs.org/mime-db set size:undefined disposed:false
262 silly fetch manifest is-promise@^4.0.0
263 silly packumentCache full:https://registry.npmjs.org/is-promise cache-miss
264 http cache https://registry.npmjs.org/depd 2ms (cache hit)
265 silly packumentCache full:https://registry.npmjs.org/depd set size:40182 disposed:false
266 silly fetch manifest path-to-regexp@^8.0.0
267 silly packumentCache full:https://registry.npmjs.org/path-to-regexp cache-miss
268 http fetch GET 200 https://registry.npmjs.org/side-channel 32ms (cache miss)
269 silly packumentCache full:https://registry.npmjs.org/side-channel set size:undefined disposed:false
270 silly fetch manifest media-typer@^1.1.0
271 silly packumentCache full:https://registry.npmjs.org/media-typer cache-miss
272 http fetch GET 200 https://registry.npmjs.org/iconv-lite 142ms (cache miss)
273 silly packumentCache full:https://registry.npmjs.org/iconv-lite set size:undefined disposed:false
274 http fetch GET 200 https://registry.npmjs.org/is-promise 107ms (cache miss)
275 silly packumentCache full:https://registry.npmjs.org/is-promise set size:undefined disposed:false
276 http fetch GET 200 https://registry.npmjs.org/raw-body 204ms (cache miss)
277 silly packumentCache full:https://registry.npmjs.org/raw-body set size:undefined disposed:false
278 http fetch GET 200 https://registry.npmjs.org/forwarded 153ms (cache miss)
279 silly packumentCache full:https://registry.npmjs.org/forwarded set size:undefined disposed:false
280 http fetch GET 200 https://registry.npmjs.org/ipaddr.js 145ms (cache miss)
281 silly packumentCache full:https://registry.npmjs.org/ipaddr.js set size:undefined disposed:false
282 http fetch GET 200 https://registry.npmjs.org/path-to-regexp 142ms (cache miss)
283 silly packumentCache full:https://registry.npmjs.org/path-to-regexp set size:undefined disposed:false
284 http fetch GET 200 https://registry.npmjs.org/media-typer 144ms (cache miss)
285 silly packumentCache full:https://registry.npmjs.org/media-typer set size:undefined disposed:false
286 silly placeDep ROOT negotiator@1.0.0 OK for: accepts@2.0.0 want: ^1.0.0
287 silly placeDep ROOT bytes@3.1.2 OK for: body-parser@2.2.0 want: ^3.1.2
288 silly placeDep ROOT iconv-lite@0.6.3 OK for: body-parser@2.2.0 want: ^0.6.3
289 silly placeDep ROOT raw-body@3.0.2 OK for: body-parser@2.2.0 want: ^3.0.0
290 silly fetch manifest safer-buffer@>= 2.1.2 < 3.0.0
291 silly packumentCache full:https://registry.npmjs.org/safer-buffer cache-miss
292 silly fetch manifest iconv-lite@~0.7.0
293 silly packumentCache full:https://registry.npmjs.org/iconv-lite cache-miss
294 silly fetch manifest unpipe@~1.0.0
295 silly packumentCache full:https://registry.npmjs.org/unpipe cache-miss
296 http cache https://registry.npmjs.org/iconv-lite 3ms (cache hit)
297 silly packumentCache full:https://registry.npmjs.org/iconv-lite set size:118890 disposed:false
298 http fetch GET 200 https://registry.npmjs.org/safer-buffer 22ms (cache miss)
299 silly packumentCache full:https://registry.npmjs.org/safer-buffer set size:undefined disposed:false
300 http fetch GET 200 https://registry.npmjs.org/unpipe 27ms (cache miss)
301 silly packumentCache full:https://registry.npmjs.org/unpipe set size:undefined disposed:false
302 silly placeDep ROOT ms@2.1.3 OK for: debug@4.4.3 want: ^2.1.3
303 silly placeDep ROOT depd@2.0.0 OK for: http-errors@2.0.1 want: ~2.0.0
304 silly placeDep ROOT inherits@2.0.4 OK for: http-errors@2.0.1 want: ~2.0.4
305 silly placeDep ROOT setprototypeof@1.2.0 OK for: http-errors@2.0.1 want: ~1.2.0
306 silly placeDep ROOT toidentifier@1.0.1 OK for: http-errors@2.0.1 want: ~1.0.1
307 silly placeDep ROOT safer-buffer@2.1.2 OK for: iconv-lite@0.6.3 want: >= 2.1.2 < 3.0.0
308 silly placeDep ROOT mime-db@1.54.0 OK for: mime-types@3.0.2 want: ^1.54.0
309 silly fetch manifest @aws-sdk/credential-providers@^3.806.0
310 silly packumentCache full:https://registry.npmjs.org/@aws-sdk%2fcredential-providers cache-miss
311 http fetch GET 200 https://registry.npmjs.org/@aws-sdk%2fcredential-providers 1188ms (cache miss)
312 silly packumentCache full:https://registry.npmjs.org/@aws-sdk%2fcredential-providers set size:undefined disposed:false
313 silly fetch manifest @mongodb-js/zstd@^7.0.0
314 silly packumentCache full:https://registry.npmjs.org/@mongodb-js%2fzstd cache-miss
315 http fetch GET 200 https://registry.npmjs.org/@mongodb-js%2fzstd 332ms (cache miss)
316 silly packumentCache full:https://registry.npmjs.org/@mongodb-js%2fzstd set size:undefined disposed:false
317 silly fetch manifest gcp-metadata@^7.0.1
318 silly packumentCache full:https://registry.npmjs.org/gcp-metadata cache-miss
319 http fetch GET 200 https://registry.npmjs.org/gcp-metadata 136ms (cache miss)
320 silly packumentCache full:https://registry.npmjs.org/gcp-metadata set size:undefined disposed:false
321 silly fetch manifest kerberos@^7.0.0
322 silly packumentCache full:https://registry.npmjs.org/kerberos cache-miss
323 http fetch GET 200 https://registry.npmjs.org/kerberos 75ms (cache miss)
324 silly packumentCache full:https://registry.npmjs.org/kerberos set size:undefined disposed:false
325 silly fetch manifest mongodb-client-encryption@>=7.0.0 <7.1.0
326 silly packumentCache full:https://registry.npmjs.org/mongodb-client-encryption cache-miss
327 http fetch GET 200 https://registry.npmjs.org/mongodb-client-encryption 136ms (cache miss)
328 silly packumentCache full:https://registry.npmjs.org/mongodb-client-encryption set size:undefined disposed:false
329 silly fetch manifest snappy@^7.3.2
330 silly packumentCache full:https://registry.npmjs.org/snappy cache-miss
331 http fetch GET 200 https://registry.npmjs.org/snappy 129ms (cache miss)
332 silly packumentCache full:https://registry.npmjs.org/snappy set size:undefined disposed:false
333 silly fetch manifest socks@^2.8.6
334 silly packumentCache full:https://registry.npmjs.org/socks cache-miss
335 http fetch GET 200 https://registry.npmjs.org/socks 300ms (cache miss)
336 silly packumentCache full:https://registry.npmjs.org/socks set size:undefined disposed:false
337 silly placeDep ROOT kareem@3.0.0 OK for: mongoose@9.0.0 want: 3.0.0
338 silly placeDep ROOT mongodb@7.0.0 OK for: mongoose@9.0.0 want: ~7.0
339 silly placeDep ROOT mpath@0.9.0 OK for: mongoose@9.0.0 want: 0.9.0
340 silly placeDep ROOT mquery@6.0.0 OK for: mongoose@9.0.0 want: 6.0.0
341 silly placeDep ROOT sift@17.1.3 OK for: mongoose@9.0.0 want: 17.1.3
342 silly fetch manifest bson@^7.0.0
343 silly packumentCache full:https://registry.npmjs.org/bson cache-miss
344 silly fetch manifest @mongodb-js/saslprep@^1.3.0
345 silly packumentCache full:https://registry.npmjs.org/@mongodb-js%2fsaslprep cache-miss
346 silly fetch manifest mongodb-connection-string-url@^7.0.0
347 silly packumentCache full:https://registry.npmjs.org/mongodb-connection-string-url cache-miss
348 http fetch GET 200 https://registry.npmjs.org/mongodb-connection-string-url 133ms (cache miss)
349 silly packumentCache full:https://registry.npmjs.org/mongodb-connection-string-url set size:undefined disposed:false
350 http fetch GET 200 https://registry.npmjs.org/bson 135ms (cache miss)
351 silly packumentCache full:https://registry.npmjs.org/bson set size:undefined disposed:false
352 http fetch GET 200 https://registry.npmjs.org/@mongodb-js%2fsaslprep 748ms (cache miss)
353 silly packumentCache full:https://registry.npmjs.org/@mongodb-js%2fsaslprep set size:undefined disposed:false
354 silly placeDep ROOT @mongodb-js/saslprep@1.3.2 OK for: mongodb@7.0.0 want: ^1.3.0
355 silly placeDep ROOT bson@7.0.0 OK for: mongodb@7.0.0 want: ^7.0.0
356 silly placeDep ROOT mongodb-connection-string-url@7.0.0 OK for: mongodb@7.0.0 want: ^7.0.0
357 silly fetch manifest sparse-bitfield@^3.0.3
358 silly packumentCache full:https://registry.npmjs.org/sparse-bitfield cache-miss
359 silly fetch manifest @types/whatwg-url@^13.0.0
360 silly packumentCache full:https://registry.npmjs.org/@types%2fwhatwg-url cache-miss
361 silly fetch manifest whatwg-url@^14.1.0
362 silly packumentCache full:https://registry.npmjs.org/whatwg-url cache-miss
363 http fetch GET 200 https://registry.npmjs.org/whatwg-url 45ms (cache miss)
364 silly packumentCache full:https://registry.npmjs.org/whatwg-url set size:undefined disposed:false
365 http fetch GET 200 https://registry.npmjs.org/sparse-bitfield 112ms (cache miss)
366 silly packumentCache full:https://registry.npmjs.org/sparse-bitfield set size:undefined disposed:false
367 http fetch GET 200 https://registry.npmjs.org/@types%2fwhatwg-url 129ms (cache miss)
368 silly packumentCache full:https://registry.npmjs.org/@types%2fwhatwg-url set size:undefined disposed:false
369 silly placeDep ROOT sparse-bitfield@3.0.3 OK for: @mongodb-js/saslprep@1.3.2 want: ^3.0.3
370 silly fetch manifest memory-pager@^1.0.2
371 silly packumentCache full:https://registry.npmjs.org/memory-pager cache-miss
372 http fetch GET 200 https://registry.npmjs.org/memory-pager 135ms (cache miss)
373 silly packumentCache full:https://registry.npmjs.org/memory-pager set size:undefined disposed:false
374 silly placeDep ROOT @types/whatwg-url@13.0.0 OK for: mongodb-connection-string-url@7.0.0 want: ^13.0.0
375 silly placeDep ROOT whatwg-url@14.2.0 OK for: mongodb-connection-string-url@7.0.0 want: ^14.1.0
376 silly fetch manifest @types/webidl-conversions@*
377 silly packumentCache full:https://registry.npmjs.org/@types%2fwebidl-conversions cache-miss
378 silly fetch manifest tr46@^5.1.0
379 silly packumentCache full:https://registry.npmjs.org/tr46 cache-miss
380 silly fetch manifest webidl-conversions@^7.0.0
381 silly packumentCache full:https://registry.npmjs.org/webidl-conversions cache-miss
382 http fetch GET 200 https://registry.npmjs.org/webidl-conversions 36ms (cache miss)
383 silly packumentCache full:https://registry.npmjs.org/webidl-conversions set size:undefined disposed:false
384 http fetch GET 200 https://registry.npmjs.org/tr46 42ms (cache miss)
385 silly packumentCache full:https://registry.npmjs.org/tr46 set size:undefined disposed:false
386 http fetch GET 200 https://registry.npmjs.org/@types%2fwebidl-conversions 132ms (cache miss)
387 silly packumentCache full:https://registry.npmjs.org/@types%2fwebidl-conversions set size:undefined disposed:false
388 silly placeDep ROOT @types/webidl-conversions@7.0.3 OK for: @types/whatwg-url@13.0.0 want: *
389 silly placeDep ROOT ee-first@1.1.1 OK for: on-finished@2.4.1 want: 1.1.1
390 silly placeDep ROOT wrappy@1.0.2 OK for: once@1.4.0 want: 1
391 silly placeDep ROOT forwarded@0.2.0 OK for: proxy-addr@2.0.7 want: 0.2.0
392 silly placeDep ROOT ipaddr.js@1.9.1 OK for: proxy-addr@2.0.7 want: 1.9.1
393 silly placeDep ROOT side-channel@1.1.0 OK for: qs@6.14.0 want: ^1.1.0
394 silly fetch manifest es-errors@^1.3.0
395 silly packumentCache full:https://registry.npmjs.org/es-errors cache-miss
396 silly fetch manifest object-inspect@^1.13.3
397 silly packumentCache full:https://registry.npmjs.org/object-inspect cache-miss
398 silly fetch manifest side-channel-list@^1.0.0
399 silly packumentCache full:https://registry.npmjs.org/side-channel-list cache-miss
400 silly fetch manifest side-channel-map@^1.0.1
401 silly packumentCache full:https://registry.npmjs.org/side-channel-map cache-miss
402 silly fetch manifest side-channel-weakmap@^1.0.2
403 silly packumentCache full:https://registry.npmjs.org/side-channel-weakmap cache-miss
404 http fetch GET 200 https://registry.npmjs.org/es-errors 31ms (cache miss)
405 silly packumentCache full:https://registry.npmjs.org/es-errors set size:undefined disposed:false
406 http fetch GET 200 https://registry.npmjs.org/side-channel-map 30ms (cache miss)
407 silly packumentCache full:https://registry.npmjs.org/side-channel-map set size:undefined disposed:false
408 http fetch GET 200 https://registry.npmjs.org/side-channel-list 32ms (cache miss)
409 silly packumentCache full:https://registry.npmjs.org/side-channel-list set size:undefined disposed:false
410 http fetch GET 200 https://registry.npmjs.org/object-inspect 36ms (cache miss)
411 silly packumentCache full:https://registry.npmjs.org/object-inspect set size:undefined disposed:false
412 http fetch GET 200 https://registry.npmjs.org/side-channel-weakmap 38ms (cache miss)
413 silly packumentCache full:https://registry.npmjs.org/side-channel-weakmap set size:undefined disposed:false
414 silly placeDep node_modules/raw-body iconv-lite@0.7.0 OK for: raw-body@3.0.2 want: ~0.7.0
415 silly placeDep ROOT unpipe@1.0.0 OK for: raw-body@3.0.2 want: ~1.0.0
416 silly placeDep ROOT is-promise@4.0.0 OK for: router@2.2.0 want: ^4.0.0
417 silly placeDep ROOT path-to-regexp@8.3.0 OK for: router@2.2.0 want: ^8.0.0
418 silly placeDep ROOT es-errors@1.3.0 OK for: side-channel@1.1.0 want: ^1.3.0
419 silly placeDep ROOT object-inspect@1.13.4 OK for: side-channel@1.1.0 want: ^1.13.3
420 silly placeDep ROOT side-channel-list@1.0.0 OK for: side-channel@1.1.0 want: ^1.0.0
421 silly placeDep ROOT side-channel-map@1.0.1 OK for: side-channel@1.1.0 want: ^1.0.1
422 silly placeDep ROOT side-channel-weakmap@1.0.2 OK for: side-channel@1.1.0 want: ^1.0.2
423 silly fetch manifest call-bound@^1.0.2
424 silly packumentCache full:https://registry.npmjs.org/call-bound cache-miss
425 silly fetch manifest get-intrinsic@^1.2.5
426 silly packumentCache full:https://registry.npmjs.org/get-intrinsic cache-miss
427 silly fetch manifest call-bound@^1.0.2
428 silly packumentCache full:https://registry.npmjs.org/call-bound cache-miss
429 silly fetch manifest get-intrinsic@^1.2.5
430 silly packumentCache full:https://registry.npmjs.org/get-intrinsic cache-miss
431 http fetch GET 200 https://registry.npmjs.org/get-intrinsic 25ms (cache miss)
432 silly packumentCache full:https://registry.npmjs.org/get-intrinsic set size:undefined disposed:false
433 http fetch GET 200 https://registry.npmjs.org/call-bound 27ms (cache miss)
434 silly packumentCache full:https://registry.npmjs.org/call-bound set size:undefined disposed:false
435 http fetch GET 200 https://registry.npmjs.org/get-intrinsic 37ms (cache miss)
436 silly packumentCache full:https://registry.npmjs.org/get-intrinsic set size:undefined disposed:false
437 http fetch GET 200 https://registry.npmjs.org/call-bound 38ms (cache miss)
438 silly packumentCache full:https://registry.npmjs.org/call-bound set size:undefined disposed:false
439 silly placeDep ROOT call-bound@1.0.4 OK for: side-channel-map@1.0.1 want: ^1.0.2
440 silly placeDep ROOT get-intrinsic@1.3.0 OK for: side-channel-map@1.0.1 want: ^1.2.5
441 silly fetch manifest call-bind-apply-helpers@^1.0.2
442 silly packumentCache full:https://registry.npmjs.org/call-bind-apply-helpers cache-miss
443 silly fetch manifest get-intrinsic@^1.3.0
444 silly packumentCache full:https://registry.npmjs.org/get-intrinsic cache-miss
445 silly fetch manifest gopd@^1.2.0
446 silly packumentCache full:https://registry.npmjs.org/gopd cache-miss
447 silly fetch manifest hasown@^2.0.2
448 silly packumentCache full:https://registry.npmjs.org/hasown cache-miss
449 silly fetch manifest get-proto@^1.0.1
450 silly packumentCache full:https://registry.npmjs.org/get-proto cache-miss
451 silly fetch manifest has-symbols@^1.1.0
452 silly packumentCache full:https://registry.npmjs.org/has-symbols cache-miss
453 silly fetch manifest function-bind@^1.1.2
454 silly packumentCache full:https://registry.npmjs.org/function-bind cache-miss
455 http cache https://registry.npmjs.org/get-intrinsic 4ms (cache hit)
456 silly packumentCache full:https://registry.npmjs.org/get-intrinsic set size:60985 disposed:false
457 silly fetch manifest es-object-atoms@^1.1.1
458 silly packumentCache full:https://registry.npmjs.org/es-object-atoms cache-miss
459 http fetch GET 200 https://registry.npmjs.org/function-bind 26ms (cache miss)
460 silly packumentCache full:https://registry.npmjs.org/function-bind set size:undefined disposed:false
461 silly fetch manifest math-intrinsics@^1.1.0
462 silly packumentCache full:https://registry.npmjs.org/math-intrinsics cache-miss
463 http fetch GET 200 https://registry.npmjs.org/es-object-atoms 28ms (cache miss)
464 silly packumentCache full:https://registry.npmjs.org/es-object-atoms set size:undefined disposed:false
465 silly fetch manifest es-define-property@^1.0.1
466 silly packumentCache full:https://registry.npmjs.org/es-define-property cache-miss
467 http fetch GET 200 https://registry.npmjs.org/call-bind-apply-helpers 36ms (cache miss)
468 silly packumentCache full:https://registry.npmjs.org/call-bind-apply-helpers set size:undefined disposed:false
469 http fetch GET 200 https://registry.npmjs.org/get-proto 36ms (cache miss)
470 silly packumentCache full:https://registry.npmjs.org/get-proto set size:undefined disposed:false
471 http fetch GET 200 https://registry.npmjs.org/gopd 37ms (cache miss)
472 silly packumentCache full:https://registry.npmjs.org/gopd set size:undefined disposed:false
473 http fetch GET 200 https://registry.npmjs.org/has-symbols 37ms (cache miss)
474 silly packumentCache full:https://registry.npmjs.org/has-symbols set size:undefined disposed:false
475 http fetch GET 200 https://registry.npmjs.org/hasown 39ms (cache miss)
476 silly packumentCache full:https://registry.npmjs.org/hasown set size:undefined disposed:false
477 http fetch GET 200 https://registry.npmjs.org/math-intrinsics 27ms (cache miss)
478 silly packumentCache full:https://registry.npmjs.org/math-intrinsics set size:undefined disposed:false
479 http fetch GET 200 https://registry.npmjs.org/es-define-property 26ms (cache miss)
480 silly packumentCache full:https://registry.npmjs.org/es-define-property set size:undefined disposed:false
481 silly placeDep ROOT call-bind-apply-helpers@1.0.2 OK for: call-bound@1.0.4 want: ^1.0.2
482 silly placeDep ROOT function-bind@1.1.2 OK for: call-bind-apply-helpers@1.0.2 want: ^1.1.2
483 silly placeDep ROOT es-define-property@1.0.1 OK for: get-intrinsic@1.3.0 want: ^1.0.1
484 silly placeDep ROOT es-object-atoms@1.1.1 OK for: get-intrinsic@1.3.0 want: ^1.1.1
485 silly placeDep ROOT get-proto@1.0.1 OK for: get-intrinsic@1.3.0 want: ^1.0.1
486 silly placeDep ROOT gopd@1.2.0 OK for: get-intrinsic@1.3.0 want: ^1.2.0
487 silly placeDep ROOT has-symbols@1.1.0 OK for: get-intrinsic@1.3.0 want: ^1.1.0
488 silly placeDep ROOT hasown@2.0.2 OK for: get-intrinsic@1.3.0 want: ^2.0.2
489 silly placeDep ROOT math-intrinsics@1.1.0 OK for: get-intrinsic@1.3.0 want: ^1.1.0
490 silly fetch manifest dunder-proto@^1.0.1
491 silly packumentCache full:https://registry.npmjs.org/dunder-proto cache-miss
492 http fetch GET 200 https://registry.npmjs.org/dunder-proto 25ms (cache miss)
493 silly packumentCache full:https://registry.npmjs.org/dunder-proto set size:undefined disposed:false
494 silly placeDep ROOT dunder-proto@1.0.1 OK for: get-proto@1.0.1 want: ^1.0.1
495 silly placeDep ROOT memory-pager@1.5.0 OK for: sparse-bitfield@3.0.3 want: ^1.0.2
496 silly placeDep ROOT media-typer@1.1.0 OK for: type-is@2.0.1 want: ^1.1.0
497 silly placeDep ROOT tr46@5.1.1 OK for: whatwg-url@14.2.0 want: ^5.1.0
498 silly placeDep ROOT webidl-conversions@7.0.0 OK for: whatwg-url@14.2.0 want: ^7.0.0
499 silly fetch manifest punycode@^2.3.1
500 silly packumentCache full:https://registry.npmjs.org/punycode cache-miss
501 http fetch GET 200 https://registry.npmjs.org/punycode 31ms (cache miss)
502 silly packumentCache full:https://registry.npmjs.org/punycode set size:undefined disposed:false
503 silly placeDep ROOT punycode@2.3.1 OK for: tr46@5.1.1 want: ^2.3.1
504 silly reify moves {}
505 silly audit bulk request {
505 silly audit   cors: [ '2.8.5' ],
505 silly audit   dotenv: [ '17.2.3' ],
505 silly audit   express: [ '5.1.0' ],
505 silly audit   mongoose: [ '9.0.0' ],
505 silly audit   'object-assign': [ '4.1.1' ],
505 silly audit   vary: [ '1.1.2' ],
505 silly audit   accepts: [ '2.0.0' ],
505 silly audit   'body-parser': [ '2.2.0' ],
505 silly audit   'content-disposition': [ '1.0.1' ],
505 silly audit   'content-type': [ '1.0.5' ],
505 silly audit   cookie: [ '0.7.2' ],
505 silly audit   'cookie-signature': [ '1.2.2' ],
505 silly audit   debug: [ '4.4.3' ],
505 silly audit   encodeurl: [ '2.0.0' ],
505 silly audit   'escape-html': [ '1.0.3' ],
505 silly audit   etag: [ '1.8.1' ],
505 silly audit   finalhandler: [ '2.1.0' ],
505 silly audit   fresh: [ '2.0.0' ],
505 silly audit   'http-errors': [ '2.0.1' ],
505 silly audit   'merge-descriptors': [ '2.0.0' ],
505 silly audit   'mime-types': [ '3.0.2' ],
505 silly audit   'on-finished': [ '2.4.1' ],
505 silly audit   once: [ '1.4.0' ],
505 silly audit   parseurl: [ '1.3.3' ],
505 silly audit   'proxy-addr': [ '2.0.7' ],
505 silly audit   qs: [ '6.14.0' ],
505 silly audit   'range-parser': [ '1.2.1' ],
505 silly audit   router: [ '2.2.0' ],
505 silly audit   send: [ '1.2.0' ],
505 silly audit   'serve-static': [ '2.2.0' ],
505 silly audit   statuses: [ '2.0.2' ],
505 silly audit   'type-is': [ '2.0.1' ],
505 silly audit   negotiator: [ '1.0.0' ],
505 silly audit   bytes: [ '3.1.2' ],
505 silly audit   'iconv-lite': [ '0.6.3', '0.7.0' ],
505 silly audit   'raw-body': [ '3.0.2' ],
505 silly audit   ms: [ '2.1.3' ],
505 silly audit   depd: [ '2.0.0' ],
505 silly audit   inherits: [ '2.0.4' ],
505 silly audit   setprototypeof: [ '1.2.0' ],
505 silly audit   toidentifier: [ '1.0.1' ],
505 silly audit   'safer-buffer': [ '2.1.2' ],
505 silly audit   'mime-db': [ '1.54.0' ],
505 silly audit   kareem: [ '3.0.0' ],
505 silly audit   mongodb: [ '7.0.0' ],
505 silly audit   mpath: [ '0.9.0' ],
505 silly audit   mquery: [ '6.0.0' ],
505 silly audit   sift: [ '17.1.3' ],
505 silly audit   '@mongodb-js/saslprep': [ '1.3.2' ],
505 silly audit   bson: [ '7.0.0' ],
505 silly audit   'mongodb-connection-string-url': [ '7.0.0' ],
505 silly audit   'sparse-bitfield': [ '3.0.3' ],
505 silly audit   '@types/whatwg-url': [ '13.0.0' ],
505 silly audit   'whatwg-url': [ '14.2.0' ],
505 silly audit   '@types/webidl-conversions': [ '7.0.3' ],
505 silly audit   'ee-first': [ '1.1.1' ],
505 silly audit   wrappy: [ '1.0.2' ],
505 silly audit   forwarded: [ '0.2.0' ],
505 silly audit   'ipaddr.js': [ '1.9.1' ],
505 silly audit   'side-channel': [ '1.1.0' ],
505 silly audit   unpipe: [ '1.0.0' ],
505 silly audit   'is-promise': [ '4.0.0' ],
505 silly audit   'path-to-regexp': [ '8.3.0' ],
505 silly audit   'es-errors': [ '1.3.0' ],
505 silly audit   'object-inspect': [ '1.13.4' ],
505 silly audit   'side-channel-list': [ '1.0.0' ],
505 silly audit   'side-channel-map': [ '1.0.1' ],
505 silly audit   'side-channel-weakmap': [ '1.0.2' ],
505 silly audit   'call-bound': [ '1.0.4' ],
505 silly audit   'get-intrinsic': [ '1.3.0' ],
505 silly audit   'call-bind-apply-helpers': [ '1.0.2' ],
505 silly audit   'function-bind': [ '1.1.2' ],
505 silly audit   'es-define-property': [ '1.0.1' ],
505 silly audit   'es-object-atoms': [ '1.1.1' ],
505 silly audit   'get-proto': [ '1.0.1' ],
505 silly audit   gopd: [ '1.2.0' ],
505 silly audit   'has-symbols': [ '1.1.0' ],
505 silly audit   hasown: [ '2.0.2' ],
505 silly audit   'math-intrinsics': [ '1.1.0' ],
505 silly audit   'dunder-proto': [ '1.0.1' ],
505 silly audit   'memory-pager': [ '1.5.0' ],
505 silly audit   'media-typer': [ '1.1.0' ],
505 silly audit   tr46: [ '5.1.1' ],
505 silly audit   'webidl-conversions': [ '7.0.0' ],
505 silly audit   punycode: [ '2.3.1' ]
505 silly audit }
506 http cache punycode@https://registry.npmjs.org/punycode/-/punycode-2.3.1.tgz 0ms (cache hit)
507 http cache webidl-conversions@https://registry.npmjs.org/webidl-conversions/-/webidl-conversions-7.0.0.tgz 0ms (cache hit)
508 http cache media-typer@https://registry.npmjs.org/media-typer/-/media-typer-1.1.0.tgz 0ms (cache hit)
509 http cache memory-pager@https://registry.npmjs.org/memory-pager/-/memory-pager-1.5.0.tgz 0ms (cache hit)
510 http cache hasown@https://registry.npmjs.org/hasown/-/hasown-2.0.2.tgz 0ms (cache hit)
511 http cache has-symbols@https://registry.npmjs.org/has-symbols/-/has-symbols-1.1.0.tgz 0ms (cache hit)
512 http cache dunder-proto@https://registry.npmjs.org/dunder-proto/-/dunder-proto-1.0.1.tgz 0ms (cache hit)
513 http cache math-intrinsics@https://registry.npmjs.org/math-intrinsics/-/math-intrinsics-1.1.0.tgz 0ms (cache hit)
514 http cache gopd@https://registry.npmjs.org/gopd/-/gopd-1.2.0.tgz 0ms (cache hit)
515 http cache get-proto@https://registry.npmjs.org/get-proto/-/get-proto-1.0.1.tgz 0ms (cache hit)
516 http cache es-object-atoms@https://registry.npmjs.org/es-object-atoms/-/es-object-atoms-1.1.1.tgz 0ms (cache hit)
517 http cache tr46@https://registry.npmjs.org/tr46/-/tr46-5.1.1.tgz 0ms (cache hit)
518 http cache es-define-property@https://registry.npmjs.org/es-define-property/-/es-define-property-1.0.1.tgz 0ms (cache hit)
519 http cache function-bind@https://registry.npmjs.org/function-bind/-/function-bind-1.1.2.tgz 0ms (cache hit)
520 http cache get-intrinsic@https://registry.npmjs.org/get-intrinsic/-/get-intrinsic-1.3.0.tgz 0ms (cache hit)
521 http cache side-channel-weakmap@https://registry.npmjs.org/side-channel-weakmap/-/side-channel-weakmap-1.0.2.tgz 0ms (cache hit)
522 http cache call-bound@https://registry.npmjs.org/call-bound/-/call-bound-1.0.4.tgz 0ms (cache hit)
523 http cache side-channel-map@https://registry.npmjs.org/side-channel-map/-/side-channel-map-1.0.1.tgz 0ms (cache hit)
524 http cache side-channel-list@https://registry.npmjs.org/side-channel-list/-/side-channel-list-1.0.0.tgz 0ms (cache hit)
525 http cache call-bind-apply-helpers@https://registry.npmjs.org/call-bind-apply-helpers/-/call-bind-apply-helpers-1.0.2.tgz 0ms (cache hit)
526 http cache object-inspect@https://registry.npmjs.org/object-inspect/-/object-inspect-1.13.4.tgz 0ms (cache hit)
527 http cache path-to-regexp@https://registry.npmjs.org/path-to-regexp/-/path-to-regexp-8.3.0.tgz 0ms (cache hit)
528 http cache is-promise@https://registry.npmjs.org/is-promise/-/is-promise-4.0.0.tgz 0ms (cache hit)
529 http cache side-channel@https://registry.npmjs.org/side-channel/-/side-channel-1.1.0.tgz 0ms (cache hit)
530 http cache unpipe@https://registry.npmjs.org/unpipe/-/unpipe-1.0.0.tgz 0ms (cache hit)
531 http cache wrappy@https://registry.npmjs.org/wrappy/-/wrappy-1.0.2.tgz 0ms (cache hit)
532 http cache ipaddr.js@https://registry.npmjs.org/ipaddr.js/-/ipaddr.js-1.9.1.tgz 0ms (cache hit)
533 http cache ee-first@https://registry.npmjs.org/ee-first/-/ee-first-1.1.1.tgz 0ms (cache hit)
534 http cache @types/webidl-conversions@https://registry.npmjs.org/@types/webidl-conversions/-/webidl-conversions-7.0.3.tgz 0ms (cache hit)
535 http cache whatwg-url@https://registry.npmjs.org/whatwg-url/-/whatwg-url-14.2.0.tgz 0ms (cache hit)
536 http cache @types/whatwg-url@https://registry.npmjs.org/@types/whatwg-url/-/whatwg-url-13.0.0.tgz 0ms (cache hit)
537 http cache sparse-bitfield@https://registry.npmjs.org/sparse-bitfield/-/sparse-bitfield-3.0.3.tgz 0ms (cache hit)
538 http cache es-errors@https://registry.npmjs.org/es-errors/-/es-errors-1.3.0.tgz 0ms (cache hit)
539 http cache forwarded@https://registry.npmjs.org/forwarded/-/forwarded-0.2.0.tgz 0ms (cache hit)
540 http cache mongodb-connection-string-url@https://registry.npmjs.org/mongodb-connection-string-url/-/mongodb-connection-string-url-7.0.0.tgz 0ms (cache hit)
541 http cache bson@https://registry.npmjs.org/bson/-/bson-7.0.0.tgz 0ms (cache hit)
542 http cache mpath@https://registry.npmjs.org/mpath/-/mpath-0.9.0.tgz 0ms (cache hit)
543 http cache mquery@https://registry.npmjs.org/mquery/-/mquery-6.0.0.tgz 0ms (cache hit)
544 http cache sift@https://registry.npmjs.org/sift/-/sift-17.1.3.tgz 0ms (cache hit)
545 http cache @mongodb-js/saslprep@https://registry.npmjs.org/@mongodb-js/saslprep/-/saslprep-1.3.2.tgz 0ms (cache hit)
546 http cache kareem@https://registry.npmjs.org/kareem/-/kareem-3.0.0.tgz 0ms (cache hit)
547 http cache mime-db@https://registry.npmjs.org/mime-db/-/mime-db-1.54.0.tgz 0ms (cache hit)
548 http cache safer-buffer@https://registry.npmjs.org/safer-buffer/-/safer-buffer-2.1.2.tgz 0ms (cache hit)
549 http cache mongodb@https://registry.npmjs.org/mongodb/-/mongodb-7.0.0.tgz 0ms (cache hit)
550 http cache toidentifier@https://registry.npmjs.org/toidentifier/-/toidentifier-1.0.1.tgz 0ms (cache hit)
551 http cache setprototypeof@https://registry.npmjs.org/setprototypeof/-/setprototypeof-1.2.0.tgz 0ms (cache hit)
552 http cache inherits@https://registry.npmjs.org/inherits/-/inherits-2.0.4.tgz 0ms (cache hit)
553 http cache depd@https://registry.npmjs.org/depd/-/depd-2.0.0.tgz 0ms (cache hit)
554 http cache ms@https://registry.npmjs.org/ms/-/ms-2.1.3.tgz 0ms (cache hit)
555 http cache bytes@https://registry.npmjs.org/bytes/-/bytes-3.1.2.tgz 0ms (cache hit)
556 http cache negotiator@https://registry.npmjs.org/negotiator/-/negotiator-1.0.0.tgz 0ms (cache hit)
557 http cache raw-body@https://registry.npmjs.org/raw-body/-/raw-body-3.0.2.tgz 0ms (cache hit)
558 http cache type-is@https://registry.npmjs.org/type-is/-/type-is-2.0.1.tgz 0ms (cache hit)
559 http cache statuses@https://registry.npmjs.org/statuses/-/statuses-2.0.2.tgz 0ms (cache hit)
560 http cache serve-static@https://registry.npmjs.org/serve-static/-/serve-static-2.2.0.tgz 0ms (cache hit)
561 http cache send@https://registry.npmjs.org/send/-/send-1.2.0.tgz 0ms (cache hit)
562 http cache router@https://registry.npmjs.org/router/-/router-2.2.0.tgz 0ms (cache hit)
563 http cache range-parser@https://registry.npmjs.org/range-parser/-/range-parser-1.2.1.tgz 0ms (cache hit)
564 http cache proxy-addr@https://registry.npmjs.org/proxy-addr/-/proxy-addr-2.0.7.tgz 0ms (cache hit)
565 http cache qs@https://registry.npmjs.org/qs/-/qs-6.14.0.tgz 0ms (cache hit)
566 http cache parseurl@https://registry.npmjs.org/parseurl/-/parseurl-1.3.3.tgz 0ms (cache hit)
567 http cache once@https://registry.npmjs.org/once/-/once-1.4.0.tgz 0ms (cache hit)
568 http cache on-finished@https://registry.npmjs.org/on-finished/-/on-finished-2.4.1.tgz 0ms (cache hit)
569 http cache mime-types@https://registry.npmjs.org/mime-types/-/mime-types-3.0.2.tgz 0ms (cache hit)
570 http cache merge-descriptors@https://registry.npmjs.org/merge-descriptors/-/merge-descriptors-2.0.0.tgz 0ms (cache hit)
571 http cache iconv-lite@https://registry.npmjs.org/iconv-lite/-/iconv-lite-0.6.3.tgz 0ms (cache hit)
572 http cache finalhandler@https://registry.npmjs.org/finalhandler/-/finalhandler-2.1.0.tgz 0ms (cache hit)
573 http cache etag@https://registry.npmjs.org/etag/-/etag-1.8.1.tgz 0ms (cache hit)
574 http cache http-errors@https://registry.npmjs.org/http-errors/-/http-errors-2.0.1.tgz 0ms (cache hit)
575 http cache escape-html@https://registry.npmjs.org/escape-html/-/escape-html-1.0.3.tgz 0ms (cache hit)
576 http cache encodeurl@https://registry.npmjs.org/encodeurl/-/encodeurl-2.0.0.tgz 0ms (cache hit)
577 http cache debug@https://registry.npmjs.org/debug/-/debug-4.4.3.tgz 0ms (cache hit)
578 http cache cookie-signature@https://registry.npmjs.org/cookie-signature/-/cookie-signature-1.2.2.tgz 0ms (cache hit)
579 http cache cookie@https://registry.npmjs.org/cookie/-/cookie-0.7.2.tgz 0ms (cache hit)
580 http cache content-type@https://registry.npmjs.org/content-type/-/content-type-1.0.5.tgz 0ms (cache hit)
581 http cache content-disposition@https://registry.npmjs.org/content-disposition/-/content-disposition-1.0.1.tgz 0ms (cache hit)
582 http cache body-parser@https://registry.npmjs.org/body-parser/-/body-parser-2.2.0.tgz 0ms (cache hit)
583 http cache accepts@https://registry.npmjs.org/accepts/-/accepts-2.0.0.tgz 0ms (cache hit)
584 http cache object-assign@https://registry.npmjs.org/object-assign/-/object-assign-4.1.1.tgz 0ms (cache hit)
585 http cache mongoose@https://registry.npmjs.org/mongoose/-/mongoose-9.0.0.tgz 0ms (cache hit)
586 http cache fresh@https://registry.npmjs.org/fresh/-/fresh-2.0.0.tgz 0ms (cache hit)
587 http cache vary@https://registry.npmjs.org/vary/-/vary-1.1.2.tgz 0ms (cache hit)
588 http cache express@https://registry.npmjs.org/express/-/express-5.1.0.tgz 0ms (cache hit)
589 http cache dotenv@https://registry.npmjs.org/dotenv/-/dotenv-17.2.3.tgz 0ms (cache hit)
590 http cache cors@https://registry.npmjs.org/cors/-/cors-2.8.5.tgz 0ms (cache hit)
591 silly tarball no local data for punycode@https://registry.npmjs.org/punycode/-/punycode-2.3.1.tgz. Extracting by manifest.
592 http cache iconv-lite@https://registry.npmjs.org/iconv-lite/-/iconv-lite-0.7.0.tgz 0ms (cache hit)
593 silly tarball no local data for webidl-conversions@https://registry.npmjs.org/webidl-conversions/-/webidl-conversions-7.0.0.tgz. Extracting by manifest.
594 silly tarball no local data for media-typer@https://registry.npmjs.org/media-typer/-/media-typer-1.1.0.tgz. Extracting by manifest.
595 silly tarball no local data for memory-pager@https://registry.npmjs.org/memory-pager/-/memory-pager-1.5.0.tgz. Extracting by manifest.
596 silly tarball no local data for hasown@https://registry.npmjs.org/hasown/-/hasown-2.0.2.tgz. Extracting by manifest.
597 silly tarball no local data for has-symbols@https://registry.npmjs.org/has-symbols/-/has-symbols-1.1.0.tgz. Extracting by manifest.
598 silly tarball no local data for dunder-proto@https://registry.npmjs.org/dunder-proto/-/dunder-proto-1.0.1.tgz. Extracting by manifest.
599 silly tarball no local data for math-intrinsics@https://registry.npmjs.org/math-intrinsics/-/math-intrinsics-1.1.0.tgz. Extracting by manifest.
600 silly tarball no local data for gopd@https://registry.npmjs.org/gopd/-/gopd-1.2.0.tgz. Extracting by manifest.
601 silly tarball no local data for get-proto@https://registry.npmjs.org/get-proto/-/get-proto-1.0.1.tgz. Extracting by manifest.
602 silly tarball no local data for es-object-atoms@https://registry.npmjs.org/es-object-atoms/-/es-object-atoms-1.1.1.tgz. Extracting by manifest.
603 silly tarball no local data for tr46@https://registry.npmjs.org/tr46/-/tr46-5.1.1.tgz. Extracting by manifest.
604 silly tarball no local data for es-define-property@https://registry.npmjs.org/es-define-property/-/es-define-property-1.0.1.tgz. Extracting by manifest.
605 silly tarball no local data for function-bind@https://registry.npmjs.org/function-bind/-/function-bind-1.1.2.tgz. Extracting by manifest.
606 silly tarball no local data for get-intrinsic@https://registry.npmjs.org/get-intrinsic/-/get-intrinsic-1.3.0.tgz. Extracting by manifest.
607 silly tarball no local data for side-channel-weakmap@https://registry.npmjs.org/side-channel-weakmap/-/side-channel-weakmap-1.0.2.tgz. Extracting by manifest.
608 silly tarball no local data for call-bound@https://registry.npmjs.org/call-bound/-/call-bound-1.0.4.tgz. Extracting by manifest.
609 silly tarball no local data for side-channel-map@https://registry.npmjs.org/side-channel-map/-/side-channel-map-1.0.1.tgz. Extracting by manifest.
610 silly tarball no local data for side-channel-list@https://registry.npmjs.org/side-channel-list/-/side-channel-list-1.0.0.tgz. Extracting by manifest.
611 silly tarball no local data for call-bind-apply-helpers@https://registry.npmjs.org/call-bind-apply-helpers/-/call-bind-apply-helpers-1.0.2.tgz. Extracting by manifest.
612 silly tarball no local data for object-inspect@https://registry.npmjs.org/object-inspect/-/object-inspect-1.13.4.tgz. Extracting by manifest.
613 silly tarball no local data for path-to-regexp@https://registry.npmjs.org/path-to-regexp/-/path-to-regexp-8.3.0.tgz. Extracting by manifest.
614 silly tarball no local data for is-promise@https://registry.npmjs.org/is-promise/-/is-promise-4.0.0.tgz. Extracting by manifest.
615 silly tarball no local data for side-channel@https://registry.npmjs.org/side-channel/-/side-channel-1.1.0.tgz. Extracting by manifest.
616 silly tarball no local data for unpipe@https://registry.npmjs.org/unpipe/-/unpipe-1.0.0.tgz. Extracting by manifest.
617 silly tarball no local data for wrappy@https://registry.npmjs.org/wrappy/-/wrappy-1.0.2.tgz. Extracting by manifest.
618 silly tarball no local data for ipaddr.js@https://registry.npmjs.org/ipaddr.js/-/ipaddr.js-1.9.1.tgz. Extracting by manifest.
619 silly tarball no local data for ee-first@https://registry.npmjs.org/ee-first/-/ee-first-1.1.1.tgz. Extracting by manifest.
620 silly tarball no local data for @types/webidl-conversions@https://registry.npmjs.org/@types/webidl-conversions/-/webidl-conversions-7.0.3.tgz. Extracting by manifest.
621 silly tarball no local data for whatwg-url@https://registry.npmjs.org/whatwg-url/-/whatwg-url-14.2.0.tgz. Extracting by manifest.
622 silly tarball no local data for @types/whatwg-url@https://registry.npmjs.org/@types/whatwg-url/-/whatwg-url-13.0.0.tgz. Extracting by manifest.
623 silly tarball no local data for sparse-bitfield@https://registry.npmjs.org/sparse-bitfield/-/sparse-bitfield-3.0.3.tgz. Extracting by manifest.
624 silly tarball no local data for es-errors@https://registry.npmjs.org/es-errors/-/es-errors-1.3.0.tgz. Extracting by manifest.
625 silly tarball no local data for forwarded@https://registry.npmjs.org/forwarded/-/forwarded-0.2.0.tgz. Extracting by manifest.
626 silly tarball no local data for mongodb-connection-string-url@https://registry.npmjs.org/mongodb-connection-string-url/-/mongodb-connection-string-url-7.0.0.tgz. Extracting by manifest.
627 silly tarball no local data for bson@https://registry.npmjs.org/bson/-/bson-7.0.0.tgz. Extracting by manifest.
628 silly tarball no local data for mpath@https://registry.npmjs.org/mpath/-/mpath-0.9.0.tgz. Extracting by manifest.
629 silly tarball no local data for mquery@https://registry.npmjs.org/mquery/-/mquery-6.0.0.tgz. Extracting by manifest.
630 silly tarball no local data for sift@https://registry.npmjs.org/sift/-/sift-17.1.3.tgz. Extracting by manifest.
631 silly tarball no local data for @mongodb-js/saslprep@https://registry.npmjs.org/@mongodb-js/saslprep/-/saslprep-1.3.2.tgz. Extracting by manifest.
632 silly tarball no local data for kareem@https://registry.npmjs.org/kareem/-/kareem-3.0.0.tgz. Extracting by manifest.
633 silly tarball no local data for mime-db@https://registry.npmjs.org/mime-db/-/mime-db-1.54.0.tgz. Extracting by manifest.
634 silly tarball no local data for safer-buffer@https://registry.npmjs.org/safer-buffer/-/safer-buffer-2.1.2.tgz. Extracting by manifest.
635 silly tarball no local data for mongodb@https://registry.npmjs.org/mongodb/-/mongodb-7.0.0.tgz. Extracting by manifest.
636 silly tarball no local data for toidentifier@https://registry.npmjs.org/toidentifier/-/toidentifier-1.0.1.tgz. Extracting by manifest.
637 silly tarball no local data for setprototypeof@https://registry.npmjs.org/setprototypeof/-/setprototypeof-1.2.0.tgz. Extracting by manifest.
638 silly tarball no local data for inherits@https://registry.npmjs.org/inherits/-/inherits-2.0.4.tgz. Extracting by manifest.
639 silly tarball no local data for depd@https://registry.npmjs.org/depd/-/depd-2.0.0.tgz. Extracting by manifest.
640 silly tarball no local data for ms@https://registry.npmjs.org/ms/-/ms-2.1.3.tgz. Extracting by manifest.
641 silly tarball no local data for bytes@https://registry.npmjs.org/bytes/-/bytes-3.1.2.tgz. Extracting by manifest.
642 silly tarball no local data for negotiator@https://registry.npmjs.org/negotiator/-/negotiator-1.0.0.tgz. Extracting by manifest.
643 silly tarball no local data for raw-body@https://registry.npmjs.org/raw-body/-/raw-body-3.0.2.tgz. Extracting by manifest.
644 silly tarball no local data for type-is@https://registry.npmjs.org/type-is/-/type-is-2.0.1.tgz. Extracting by manifest.
645 silly tarball no local data for statuses@https://registry.npmjs.org/statuses/-/statuses-2.0.2.tgz. Extracting by manifest.
646 silly tarball no local data for serve-static@https://registry.npmjs.org/serve-static/-/serve-static-2.2.0.tgz. Extracting by manifest.
647 silly tarball no local data for send@https://registry.npmjs.org/send/-/send-1.2.0.tgz. Extracting by manifest.
648 silly tarball no local data for router@https://registry.npmjs.org/router/-/router-2.2.0.tgz. Extracting by manifest.
649 silly tarball no local data for range-parser@https://registry.npmjs.org/range-parser/-/range-parser-1.2.1.tgz. Extracting by manifest.
650 silly tarball no local data for proxy-addr@https://registry.npmjs.org/proxy-addr/-/proxy-addr-2.0.7.tgz. Extracting by manifest.
651 silly tarball no local data for qs@https://registry.npmjs.org/qs/-/qs-6.14.0.tgz. Extracting by manifest.
652 silly tarball no local data for parseurl@https://registry.npmjs.org/parseurl/-/parseurl-1.3.3.tgz. Extracting by manifest.
653 silly tarball no local data for once@https://registry.npmjs.org/once/-/once-1.4.0.tgz. Extracting by manifest.
654 silly tarball no local data for on-finished@https://registry.npmjs.org/on-finished/-/on-finished-2.4.1.tgz. Extracting by manifest.
655 silly tarball no local data for mime-types@https://registry.npmjs.org/mime-types/-/mime-types-3.0.2.tgz. Extracting by manifest.
656 silly tarball no local data for merge-descriptors@https://registry.npmjs.org/merge-descriptors/-/merge-descriptors-2.0.0.tgz. Extracting by manifest.
657 silly tarball no local data for iconv-lite@https://registry.npmjs.org/iconv-lite/-/iconv-lite-0.6.3.tgz. Extracting by manifest.
658 silly tarball no local data for finalhandler@https://registry.npmjs.org/finalhandler/-/finalhandler-2.1.0.tgz. Extracting by manifest.
659 silly tarball no local data for etag@https://registry.npmjs.org/etag/-/etag-1.8.1.tgz. Extracting by manifest.
660 silly tarball no local data for http-errors@https://registry.npmjs.org/http-errors/-/http-errors-2.0.1.tgz. Extracting by manifest.
661 silly tarball no local data for escape-html@https://registry.npmjs.org/escape-html/-/escape-html-1.0.3.tgz. Extracting by manifest.
662 silly tarball no local data for encodeurl@https://registry.npmjs.org/encodeurl/-/encodeurl-2.0.0.tgz. Extracting by manifest.
663 silly tarball no local data for debug@https://registry.npmjs.org/debug/-/debug-4.4.3.tgz. Extracting by manifest.
664 silly tarball no local data for cookie-signature@https://registry.npmjs.org/cookie-signature/-/cookie-signature-1.2.2.tgz. Extracting by manifest.
665 silly tarball no local data for cookie@https://registry.npmjs.org/cookie/-/cookie-0.7.2.tgz. Extracting by manifest.
666 silly tarball no local data for content-type@https://registry.npmjs.org/content-type/-/content-type-1.0.5.tgz. Extracting by manifest.
667 silly tarball no local data for content-disposition@https://registry.npmjs.org/content-disposition/-/content-disposition-1.0.1.tgz. Extracting by manifest.
668 silly tarball no local data for body-parser@https://registry.npmjs.org/body-parser/-/body-parser-2.2.0.tgz. Extracting by manifest.
669 silly tarball no local data for accepts@https://registry.npmjs.org/accepts/-/accepts-2.0.0.tgz. Extracting by manifest.
670 silly tarball no local data for object-assign@https://registry.npmjs.org/object-assign/-/object-assign-4.1.1.tgz. Extracting by manifest.
671 silly tarball no local data for mongoose@https://registry.npmjs.org/mongoose/-/mongoose-9.0.0.tgz. Extracting by manifest.
672 silly tarball no local data for fresh@https://registry.npmjs.org/fresh/-/fresh-2.0.0.tgz. Extracting by manifest.
673 silly tarball no local data for vary@https://registry.npmjs.org/vary/-/vary-1.1.2.tgz. Extracting by manifest.
674 silly tarball no local data for express@https://registry.npmjs.org/express/-/express-5.1.0.tgz. Extracting by manifest.
675 silly tarball no local data for dotenv@https://registry.npmjs.org/dotenv/-/dotenv-17.2.3.tgz. Extracting by manifest.
676 silly tarball no local data for cors@https://registry.npmjs.org/cors/-/cors-2.8.5.tgz. Extracting by manifest.
677 silly tarball no local data for iconv-lite@https://registry.npmjs.org/iconv-lite/-/iconv-lite-0.7.0.tgz. Extracting by manifest.
678 http fetch GET 200 https://registry.npmjs.org/has-symbols/-/has-symbols-1.1.0.tgz 60ms (cache miss)
679 http fetch GET 200 https://registry.npmjs.org/punycode/-/punycode-2.3.1.tgz 63ms (cache miss)
680 http fetch GET 200 https://registry.npmjs.org/memory-pager/-/memory-pager-1.5.0.tgz 62ms (cache miss)
681 http fetch GET 200 https://registry.npmjs.org/media-typer/-/media-typer-1.1.0.tgz 64ms (cache miss)
682 http fetch GET 200 https://registry.npmjs.org/get-intrinsic/-/get-intrinsic-1.3.0.tgz 64ms (cache miss)
683 http fetch GET 200 https://registry.npmjs.org/side-channel-weakmap/-/side-channel-weakmap-1.0.2.tgz 69ms (cache miss)
684 http fetch GET 200 https://registry.npmjs.org/side-channel-map/-/side-channel-map-1.0.1.tgz 73ms (cache miss)
685 http fetch GET 200 https://registry.npmjs.org/call-bound/-/call-bound-1.0.4.tgz 79ms (cache miss)
686 http fetch GET 200 https://registry.npmjs.org/gopd/-/gopd-1.2.0.tgz 82ms (cache miss)
687 http fetch GET 200 https://registry.npmjs.org/dunder-proto/-/dunder-proto-1.0.1.tgz 94ms (cache miss)
688 http fetch GET 200 https://registry.npmjs.org/webidl-conversions/-/webidl-conversions-7.0.0.tgz 96ms (cache miss)
689 http fetch GET 200 https://registry.npmjs.org/side-channel-list/-/side-channel-list-1.0.0.tgz 95ms (cache miss)
690 http fetch GET 200 https://registry.npmjs.org/get-proto/-/get-proto-1.0.1.tgz 96ms (cache miss)
691 http fetch GET 200 https://registry.npmjs.org/function-bind/-/function-bind-1.1.2.tgz 98ms (cache miss)
692 http fetch GET 200 https://registry.npmjs.org/math-intrinsics/-/math-intrinsics-1.1.0.tgz 102ms (cache miss)
693 http fetch GET 200 https://registry.npmjs.org/call-bind-apply-helpers/-/call-bind-apply-helpers-1.0.2.tgz 101ms (cache miss)
694 http fetch GET 200 https://registry.npmjs.org/is-promise/-/is-promise-4.0.0.tgz 102ms (cache miss)
695 http fetch GET 200 https://registry.npmjs.org/es-object-atoms/-/es-object-atoms-1.1.1.tgz 104ms (cache miss)
696 http fetch GET 200 https://registry.npmjs.org/path-to-regexp/-/path-to-regexp-8.3.0.tgz 107ms (cache miss)
697 http fetch GET 200 https://registry.npmjs.org/tr46/-/tr46-5.1.1.tgz 110ms (cache miss)
698 http fetch GET 200 https://registry.npmjs.org/ee-first/-/ee-first-1.1.1.tgz 128ms (cache miss)
699 http fetch GET 200 https://registry.npmjs.org/wrappy/-/wrappy-1.0.2.tgz 128ms (cache miss)
700 http fetch GET 200 https://registry.npmjs.org/side-channel/-/side-channel-1.1.0.tgz 129ms (cache miss)
701 http fetch GET 200 https://registry.npmjs.org/unpipe/-/unpipe-1.0.0.tgz 137ms (cache miss)
702 http fetch GET 200 https://registry.npmjs.org/forwarded/-/forwarded-0.2.0.tgz 137ms (cache miss)
703 http fetch GET 200 https://registry.npmjs.org/es-errors/-/es-errors-1.3.0.tgz 137ms (cache miss)
704 http fetch GET 200 https://registry.npmjs.org/sparse-bitfield/-/sparse-bitfield-3.0.3.tgz 139ms (cache miss)
705 http fetch GET 200 https://registry.npmjs.org/whatwg-url/-/whatwg-url-14.2.0.tgz 147ms (cache miss)
706 http fetch GET 200 https://registry.npmjs.org/mongodb-connection-string-url/-/mongodb-connection-string-url-7.0.0.tgz 147ms (cache miss)
707 http fetch GET 200 https://registry.npmjs.org/mquery/-/mquery-6.0.0.tgz 160ms (cache miss)
708 http fetch GET 200 https://registry.npmjs.org/safer-buffer/-/safer-buffer-2.1.2.tgz 179ms (cache miss)
709 http fetch GET 200 https://registry.npmjs.org/@types/webidl-conversions/-/webidl-conversions-7.0.3.tgz 181ms (cache miss)
710 http fetch GET 200 https://registry.npmjs.org/toidentifier/-/toidentifier-1.0.1.tgz 213ms (cache miss)
711 http fetch GET 200 https://registry.npmjs.org/setprototypeof/-/setprototypeof-1.2.0.tgz 216ms (cache miss)
712 http fetch GET 200 https://registry.npmjs.org/@types/whatwg-url/-/whatwg-url-13.0.0.tgz 224ms (cache miss)
713 http fetch POST 200 https://registry.npmjs.org/-/npm/v1/security/advisories/bulk 251ms
714 silly audit report {}
715 http fetch GET 200 https://registry.npmjs.org/depd/-/depd-2.0.0.tgz 256ms (cache miss)
716 http fetch GET 200 https://registry.npmjs.org/ms/-/ms-2.1.3.tgz 257ms (cache miss)
717 http fetch GET 200 https://registry.npmjs.org/inherits/-/inherits-2.0.4.tgz 257ms (cache miss)
718 http fetch GET 200 https://registry.npmjs.org/bytes/-/bytes-3.1.2.tgz 263ms (cache miss)
719 http fetch GET 200 https://registry.npmjs.org/hasown/-/hasown-2.0.2.tgz 279ms (cache miss)
720 http fetch GET 200 https://registry.npmjs.org/negotiator/-/negotiator-1.0.0.tgz 277ms (cache miss)
721 http fetch GET 200 https://registry.npmjs.org/raw-body/-/raw-body-3.0.2.tgz 286ms (cache miss)
722 http fetch GET 200 https://registry.npmjs.org/type-is/-/type-is-2.0.1.tgz 288ms (cache miss)
723 http fetch GET 200 https://registry.npmjs.org/bson/-/bson-7.0.0.tgz 292ms (cache miss)
724 http fetch GET 200 https://registry.npmjs.org/@mongodb-js/saslprep/-/saslprep-1.3.2.tgz 296ms (cache miss)
725 http fetch GET 200 https://registry.npmjs.org/statuses/-/statuses-2.0.2.tgz 295ms (cache miss)
726 http fetch GET 200 https://registry.npmjs.org/es-define-property/-/es-define-property-1.0.1.tgz 308ms (cache miss)
727 http fetch GET 200 https://registry.npmjs.org/serve-static/-/serve-static-2.2.0.tgz 303ms (cache miss)
728 http fetch GET 200 https://registry.npmjs.org/router/-/router-2.2.0.tgz 389ms (cache miss)
729 http fetch GET 200 https://registry.npmjs.org/range-parser/-/range-parser-1.2.1.tgz 389ms (cache miss)
730 http fetch GET 200 https://registry.npmjs.org/parseurl/-/parseurl-1.3.3.tgz 390ms (cache miss)
731 http fetch GET 200 https://registry.npmjs.org/object-inspect/-/object-inspect-1.13.4.tgz 394ms (cache miss)
732 http fetch GET 200 https://registry.npmjs.org/send/-/send-1.2.0.tgz 390ms (cache miss)
733 http fetch GET 200 https://registry.npmjs.org/merge-descriptors/-/merge-descriptors-2.0.0.tgz 390ms (cache miss)
734 http fetch GET 200 https://registry.npmjs.org/once/-/once-1.4.0.tgz 391ms (cache miss)
735 http fetch GET 200 https://registry.npmjs.org/mime-types/-/mime-types-3.0.2.tgz 391ms (cache miss)
736 http fetch GET 200 https://registry.npmjs.org/on-finished/-/on-finished-2.4.1.tgz 391ms (cache miss)
737 http fetch GET 200 https://registry.npmjs.org/http-errors/-/http-errors-2.0.1.tgz 391ms (cache miss)
738 http fetch GET 200 https://registry.npmjs.org/proxy-addr/-/proxy-addr-2.0.7.tgz 392ms (cache miss)
739 http fetch GET 200 https://registry.npmjs.org/content-disposition/-/content-disposition-1.0.1.tgz 392ms (cache miss)
740 http fetch GET 200 https://registry.npmjs.org/finalhandler/-/finalhandler-2.1.0.tgz 392ms (cache miss)
741 http fetch GET 200 https://registry.npmjs.org/ipaddr.js/-/ipaddr.js-1.9.1.tgz 396ms (cache miss)
742 http fetch GET 200 https://registry.npmjs.org/qs/-/qs-6.14.0.tgz 393ms (cache miss)
743 http fetch GET 200 https://registry.npmjs.org/etag/-/etag-1.8.1.tgz 392ms (cache miss)
744 http fetch GET 200 https://registry.npmjs.org/cookie-signature/-/cookie-signature-1.2.2.tgz 393ms (cache miss)
745 http fetch GET 200 https://registry.npmjs.org/mongodb/-/mongodb-7.0.0.tgz 400ms (cache miss)
746 http fetch GET 200 https://registry.npmjs.org/debug/-/debug-4.4.3.tgz 404ms (cache miss)
747 http fetch GET 200 https://registry.npmjs.org/encodeurl/-/encodeurl-2.0.0.tgz 404ms (cache miss)
748 http fetch GET 200 https://registry.npmjs.org/mpath/-/mpath-0.9.0.tgz 414ms (cache miss)
749 http fetch GET 200 https://registry.npmjs.org/object-assign/-/object-assign-4.1.1.tgz 410ms (cache miss)
750 http fetch GET 200 https://registry.npmjs.org/escape-html/-/escape-html-1.0.3.tgz 412ms (cache miss)
751 http fetch GET 200 https://registry.npmjs.org/accepts/-/accepts-2.0.0.tgz 420ms (cache miss)
752 http fetch GET 200 https://registry.npmjs.org/fresh/-/fresh-2.0.0.tgz 420ms (cache miss)
753 http fetch GET 200 https://registry.npmjs.org/body-parser/-/body-parser-2.2.0.tgz 422ms (cache miss)
754 http fetch GET 200 https://registry.npmjs.org/content-type/-/content-type-1.0.5.tgz 436ms (cache miss)
755 http fetch GET 200 https://registry.npmjs.org/dotenv/-/dotenv-17.2.3.tgz 453ms (cache miss)
756 http fetch GET 200 https://registry.npmjs.org/vary/-/vary-1.1.2.tgz 454ms (cache miss)
757 http fetch GET 200 https://registry.npmjs.org/cookie/-/cookie-0.7.2.tgz 462ms (cache miss)
758 http fetch GET 200 https://registry.npmjs.org/cors/-/cors-2.8.5.tgz 468ms (cache miss)
759 http fetch GET 200 https://registry.npmjs.org/sift/-/sift-17.1.3.tgz 494ms (cache miss)
760 http fetch GET 200 https://registry.npmjs.org/express/-/express-5.1.0.tgz 500ms (cache miss)
761 http fetch GET 200 https://registry.npmjs.org/mongoose/-/mongoose-9.0.0.tgz 501ms (cache miss)
762 http fetch GET 200 https://registry.npmjs.org/mime-db/-/mime-db-1.54.0.tgz 507ms (cache miss)
763 http fetch GET 200 https://registry.npmjs.org/iconv-lite/-/iconv-lite-0.7.0.tgz 506ms (cache miss)
764 http fetch GET 200 https://registry.npmjs.org/iconv-lite/-/iconv-lite-0.6.3.tgz 540ms (cache miss)
765 http fetch GET 200 https://registry.npmjs.org/kareem/-/kareem-3.0.0.tgz 826ms (cache miss)
766 silly ADD node_modules/punycode
767 silly ADD node_modules/webidl-conversions
768 silly ADD node_modules/tr46
769 silly ADD node_modules/media-typer
770 silly ADD node_modules/memory-pager
771 silly ADD node_modules/dunder-proto
772 silly ADD node_modules/math-intrinsics
773 silly ADD node_modules/hasown
774 silly ADD node_modules/has-symbols
775 silly ADD node_modules/gopd
776 silly ADD node_modules/get-proto
777 silly ADD node_modules/es-object-atoms
778 silly ADD node_modules/es-define-property
779 silly ADD node_modules/function-bind
780 silly ADD node_modules/call-bind-apply-helpers
781 silly ADD node_modules/get-intrinsic
782 silly ADD node_modules/call-bound
783 silly ADD node_modules/side-channel-weakmap
784 silly ADD node_modules/side-channel-map
785 silly ADD node_modules/side-channel-list
786 silly ADD node_modules/object-inspect
787 silly ADD node_modules/es-errors
788 silly ADD node_modules/path-to-regexp
789 silly ADD node_modules/is-promise
790 silly ADD node_modules/unpipe
791 silly ADD node_modules/side-channel
792 silly ADD node_modules/ipaddr.js
793 silly ADD node_modules/forwarded
794 silly ADD node_modules/wrappy
795 silly ADD node_modules/ee-first
796 silly ADD node_modules/@types/webidl-conversions
797 silly ADD node_modules/whatwg-url
798 silly ADD node_modules/@types/whatwg-url
799 silly ADD node_modules/sparse-bitfield
800 silly ADD node_modules/mongodb-connection-string-url
801 silly ADD node_modules/bson
802 silly ADD node_modules/@mongodb-js/saslprep
803 silly ADD node_modules/sift
804 silly ADD node_modules/mquery
805 silly ADD node_modules/mpath
806 silly ADD node_modules/mongodb
807 silly ADD node_modules/kareem
808 silly ADD node_modules/mime-db
809 silly ADD node_modules/safer-buffer
810 silly ADD node_modules/toidentifier
811 silly ADD node_modules/setprototypeof
812 silly ADD node_modules/inherits
813 silly ADD node_modules/depd
814 silly ADD node_modules/ms
815 silly ADD node_modules/raw-body
816 silly ADD node_modules/raw-body/node_modules/iconv-lite
817 silly ADD node_modules/iconv-lite
818 silly ADD node_modules/bytes
819 silly ADD node_modules/negotiator
820 silly ADD node_modules/type-is
821 silly ADD node_modules/statuses
822 silly ADD node_modules/serve-static
823 silly ADD node_modules/send
824 silly ADD node_modules/router
825 silly ADD node_modules/range-parser
826 silly ADD node_modules/qs
827 silly ADD node_modules/proxy-addr
828 silly ADD node_modules/parseurl
829 silly ADD node_modules/once
830 silly ADD node_modules/on-finished
831 silly ADD node_modules/mime-types
832 silly ADD node_modules/merge-descriptors
833 silly ADD node_modules/http-errors
834 silly ADD node_modules/fresh
835 silly ADD node_modules/finalhandler
836 silly ADD node_modules/etag
837 silly ADD node_modules/escape-html
838 silly ADD node_modules/encodeurl
839 silly ADD node_modules/debug
840 silly ADD node_modules/cookie-signature
841 silly ADD node_modules/cookie
842 silly ADD node_modules/content-type
843 silly ADD node_modules/content-disposition
844 silly ADD node_modules/body-parser
845 silly ADD node_modules/accepts
846 silly ADD node_modules/vary
847 silly ADD node_modules/object-assign
848 silly ADD node_modules/mongoose
849 silly ADD node_modules/express
850 silly ADD node_modules/dotenv
851 silly ADD node_modules/cors
852 verbose cwd /Users/macbookair/Documents/antigravity/server
853 verbose os Darwin 24.6.0
854 verbose node v22.20.0
855 verbose npm  v10.9.3
856 verbose exit 0
857 info ok
