0 verbose cli /usr/local/bin/node /usr/local/bin/npm
1 info using npm@10.9.3
2 info using node@v22.20.0
3 silly config load:file:/usr/local/lib/node_modules/npm/npmrc
4 silly config load:file:/Users/macbookair/Documents/antigravity/server/.npmrc
5 silly config load:file:/Users/macbookair/.npmrc
6 silly config load:file:/usr/local/etc/npmrc
7 verbose title npm install typescript ts-node @types/node @types/express @types/cors
8 verbose argv "install" "--save-dev" "typescript" "ts-node" "@types/node" "@types/express" "@types/cors"
9 verbose logfile logs-max:10 dir:/Users/macbookair/Documents/antigravity/server/.npm-cache/_logs/2025-11-23T18_24_59_868Z-
10 verbose logfile /Users/macbookair/Documents/antigravity/server/.npm-cache/_logs/2025-11-23T18_24_59_868Z-debug-0.log
11 silly logfile done cleaning log files
12 silly packumentCache heap:2197815296 maxSize:549453824 maxEntrySize:274726912
13 silly idealTree buildDeps
14 silly fetch manifest typescript@*
15 silly packumentCache full:https://registry.npmjs.org/typescript cache-miss
16 http fetch GET 200 https://registry.npmjs.org/typescript 324ms (cache miss)
17 silly packumentCache full:https://registry.npmjs.org/typescript set size:undefined disposed:false
18 silly fetch manifest ts-node@*
19 silly packumentCache full:https://registry.npmjs.org/ts-node cache-miss
20 http fetch GET 200 https://registry.npmjs.org/ts-node 88ms (cache miss)
21 silly packumentCache full:https://registry.npmjs.org/ts-node set size:undefined disposed:false
22 silly fetch manifest @swc/core@>=1.2.50
23 silly packumentCache full:https://registry.npmjs.org/@swc%2fcore cache-miss
24 http fetch GET 200 https://registry.npmjs.org/@swc%2fcore 605ms (cache miss)
25 silly packumentCache full:https://registry.npmjs.org/@swc%2fcore set size:undefined disposed:false
26 silly fetch manifest @swc/helpers@>=0.5.17
27 silly packumentCache full:https://registry.npmjs.org/@swc%2fhelpers cache-miss
28 http fetch GET 200 https://registry.npmjs.org/@swc%2fhelpers 351ms (cache miss)
29 silly packumentCache full:https://registry.npmjs.org/@swc%2fhelpers set size:undefined disposed:false
30 silly fetch manifest @swc/wasm@>=1.2.50
31 silly packumentCache full:https://registry.npmjs.org/@swc%2fwasm cache-miss
32 http fetch GET 200 https://registry.npmjs.org/@swc%2fwasm 823ms (cache miss)
33 silly packumentCache full:https://registry.npmjs.org/@swc%2fwasm set size:undefined disposed:false
34 silly fetch manifest @types/node@*
35 silly packumentCache full:https://registry.npmjs.org/@types%2fnode cache-miss
36 http fetch GET 200 https://registry.npmjs.org/@types%2fnode 254ms (cache miss)
37 silly packumentCache full:https://registry.npmjs.org/@types%2fnode set size:undefined disposed:false
38 silly fetch manifest @types/express@*
39 silly packumentCache full:https://registry.npmjs.org/@types%2fexpress cache-miss
40 http fetch GET 200 https://registry.npmjs.org/@types%2fexpress 50ms (cache miss)
41 silly packumentCache full:https://registry.npmjs.org/@types%2fexpress set size:undefined disposed:false
42 silly fetch manifest @types/cors@*
43 silly packumentCache full:https://registry.npmjs.org/@types%2fcors cache-miss
44 http fetch GET 200 https://registry.npmjs.org/@types%2fcors 37ms (cache miss)
45 silly packumentCache full:https://registry.npmjs.org/@types%2fcors set size:undefined disposed:false
46 silly placeDep ROOT @types/cors@2.8.19 OK for: server@1.0.0 want: *
47 silly placeDep ROOT @types/express@5.0.5 OK for: server@1.0.0 want: *
48 silly placeDep ROOT @types/node@24.10.1 OK for: server@1.0.0 want: *
49 silly placeDep ROOT ts-node@10.9.2 OK for: server@1.0.0 want: *
50 silly placeDep ROOT typescript@5.9.3 OK for: ts-node@10.9.2 want: >=2.7
51 silly placeDep ROOT typescript@5.9.3 REPLACE for: server@1.0.0 want: *
52 silly fetch manifest @types/body-parser@*
53 silly packumentCache full:https://registry.npmjs.org/@types%2fbody-parser cache-miss
54 silly fetch manifest @types/serve-static@^1
55 silly packumentCache full:https://registry.npmjs.org/@types%2fserve-static cache-miss
56 silly fetch manifest @types/express-serve-static-core@^5.0.0
57 silly packumentCache full:https://registry.npmjs.org/@types%2fexpress-serve-static-core cache-miss
58 silly fetch manifest undici-types@~7.16.0
59 silly packumentCache full:https://registry.npmjs.org/undici-types cache-miss
60 silly fetch manifest yn@3.1.1
61 silly packumentCache full:https://registry.npmjs.org/yn cache-miss
62 silly fetch manifest arg@^4.1.0
63 silly packumentCache full:https://registry.npmjs.org/arg cache-miss
64 silly fetch manifest diff@^4.0.1
65 silly packumentCache full:https://registry.npmjs.org/diff cache-miss
66 http fetch GET 200 https://registry.npmjs.org/@types%2fbody-parser 200ms (cache miss)
67 silly packumentCache full:https://registry.npmjs.org/@types%2fbody-parser set size:undefined disposed:false
68 silly fetch manifest acorn@^8.4.1
69 silly packumentCache full:https://registry.npmjs.org/acorn cache-miss
70 http fetch GET 200 https://registry.npmjs.org/acorn 32ms (cache miss)
71 silly packumentCache full:https://registry.npmjs.org/acorn set size:undefined disposed:false
72 silly fetch manifest acorn-walk@^8.1.1
73 silly packumentCache full:https://registry.npmjs.org/acorn-walk cache-miss
74 http fetch GET 200 https://registry.npmjs.org/@types%2fexpress-serve-static-core 269ms (cache miss)
75 silly packumentCache full:https://registry.npmjs.org/@types%2fexpress-serve-static-core set size:undefined disposed:false
76 silly fetch manifest make-error@^1.1.1
77 silly packumentCache full:https://registry.npmjs.org/make-error cache-miss
78 http fetch GET 200 https://registry.npmjs.org/arg 302ms (cache miss)
79 silly packumentCache full:https://registry.npmjs.org/arg set size:undefined disposed:false
80 silly fetch manifest create-require@^1.1.0
81 silly packumentCache full:https://registry.npmjs.org/create-require cache-miss
82 http fetch GET 200 https://registry.npmjs.org/undici-types 316ms (cache miss)
83 silly packumentCache full:https://registry.npmjs.org/undici-types set size:undefined disposed:false
84 silly fetch manifest @tsconfig/node10@^1.0.7
85 silly packumentCache full:https://registry.npmjs.org/@tsconfig%2fnode10 cache-miss
86 http fetch GET 200 https://registry.npmjs.org/acorn-walk 120ms (cache miss)
87 silly packumentCache full:https://registry.npmjs.org/acorn-walk set size:undefined disposed:false
88 silly fetch manifest @tsconfig/node12@^1.0.7
89 silly packumentCache full:https://registry.npmjs.org/@tsconfig%2fnode12 cache-miss
90 http fetch GET 200 https://registry.npmjs.org/yn 419ms (cache miss)
91 silly packumentCache full:https://registry.npmjs.org/yn set size:undefined disposed:false
92 silly fetch manifest @tsconfig/node14@^1.0.0
93 silly packumentCache full:https://registry.npmjs.org/@tsconfig%2fnode14 cache-miss
94 http fetch GET 200 https://registry.npmjs.org/@types%2fserve-static 421ms (cache miss)
95 silly packumentCache full:https://registry.npmjs.org/@types%2fserve-static set size:undefined disposed:false
96 silly fetch manifest @tsconfig/node16@^1.0.2
97 silly packumentCache full:https://registry.npmjs.org/@tsconfig%2fnode16 cache-miss
98 http fetch GET 200 https://registry.npmjs.org/create-require 126ms (cache miss)
99 silly packumentCache full:https://registry.npmjs.org/create-require set size:undefined disposed:false
100 silly fetch manifest v8-compile-cache-lib@^3.0.1
101 silly packumentCache full:https://registry.npmjs.org/v8-compile-cache-lib cache-miss
102 http fetch GET 200 https://registry.npmjs.org/diff 461ms (cache miss)
103 silly packumentCache full:https://registry.npmjs.org/diff set size:undefined disposed:false
104 silly fetch manifest @cspotcode/source-map-support@^0.8.0
105 silly packumentCache full:https://registry.npmjs.org/@cspotcode%2fsource-map-support cache-miss
106 http fetch GET 200 https://registry.npmjs.org/make-error 431ms (cache miss)
107 silly packumentCache full:https://registry.npmjs.org/make-error set size:undefined disposed:false
108 http fetch GET 200 https://registry.npmjs.org/@tsconfig%2fnode10 426ms (cache miss)
109 silly packumentCache full:https://registry.npmjs.org/@tsconfig%2fnode10 set size:undefined disposed:false
110 http fetch GET 200 https://registry.npmjs.org/@cspotcode%2fsource-map-support 435ms (cache miss)
111 silly packumentCache full:https://registry.npmjs.org/@cspotcode%2fsource-map-support set size:undefined disposed:false
112 http fetch GET 200 https://registry.npmjs.org/@tsconfig%2fnode16 515ms (cache miss)
113 silly packumentCache full:https://registry.npmjs.org/@tsconfig%2fnode16 set size:undefined disposed:false
114 http fetch GET 200 https://registry.npmjs.org/@tsconfig%2fnode12 810ms (cache miss)
115 silly packumentCache full:https://registry.npmjs.org/@tsconfig%2fnode12 set size:undefined disposed:false
116 http fetch GET 200 https://registry.npmjs.org/v8-compile-cache-lib 861ms (cache miss)
117 silly packumentCache full:https://registry.npmjs.org/v8-compile-cache-lib set size:undefined disposed:false
118 http fetch GET 200 https://registry.npmjs.org/@tsconfig%2fnode14 1673ms (cache miss)
119 silly packumentCache full:https://registry.npmjs.org/@tsconfig%2fnode14 set size:undefined disposed:false
120 silly placeDep ROOT @types/body-parser@1.19.6 OK for: @types/express@5.0.5 want: *
121 silly placeDep ROOT @types/express-serve-static-core@5.1.0 OK for: @types/express@5.0.5 want: ^5.0.0
122 silly placeDep ROOT @types/serve-static@1.15.10 OK for: @types/express@5.0.5 want: ^1
123 silly fetch manifest @types/connect@*
124 silly packumentCache full:https://registry.npmjs.org/@types%2fconnect cache-miss
125 silly fetch manifest @types/qs@*
126 silly packumentCache full:https://registry.npmjs.org/@types%2fqs cache-miss
127 silly fetch manifest @types/send@*
128 silly packumentCache full:https://registry.npmjs.org/@types%2fsend cache-miss
129 silly fetch manifest @types/range-parser@*
130 silly packumentCache full:https://registry.npmjs.org/@types%2frange-parser cache-miss
131 silly fetch manifest @types/send@<1
132 silly packumentCache full:https://registry.npmjs.org/@types%2fsend cache-miss
133 silly fetch manifest @types/http-errors@*
134 silly packumentCache full:https://registry.npmjs.org/@types%2fhttp-errors cache-miss
135 http fetch GET 200 https://registry.npmjs.org/@types%2fsend 156ms (cache miss)
136 silly packumentCache full:https://registry.npmjs.org/@types%2fsend set size:undefined disposed:false
137 http fetch GET 200 https://registry.npmjs.org/@types%2fhttp-errors 168ms (cache miss)
138 silly packumentCache full:https://registry.npmjs.org/@types%2fhttp-errors set size:undefined disposed:false
139 http fetch GET 200 https://registry.npmjs.org/@types%2fsend 170ms (cache miss)
140 silly packumentCache full:https://registry.npmjs.org/@types%2fsend set size:undefined disposed:false
141 http fetch GET 200 https://registry.npmjs.org/@types%2fqs 184ms (cache miss)
142 silly packumentCache full:https://registry.npmjs.org/@types%2fqs set size:undefined disposed:false
143 http fetch GET 200 https://registry.npmjs.org/@types%2fconnect 193ms (cache miss)
144 silly packumentCache full:https://registry.npmjs.org/@types%2fconnect set size:undefined disposed:false
145 http fetch GET 200 https://registry.npmjs.org/@types%2frange-parser 225ms (cache miss)
146 silly packumentCache full:https://registry.npmjs.org/@types%2frange-parser set size:undefined disposed:false
147 silly placeDep ROOT @types/connect@3.4.38 OK for: @types/body-parser@1.19.6 want: *
148 silly placeDep ROOT @types/qs@6.14.0 OK for: @types/express-serve-static-core@5.1.0 want: *
149 silly placeDep ROOT @types/range-parser@1.2.7 OK for: @types/express-serve-static-core@5.1.0 want: *
150 silly placeDep ROOT @types/send@1.2.1 OK for: @types/express-serve-static-core@5.1.0 want: *
151 silly placeDep ROOT undici-types@7.16.0 OK for: @types/node@24.10.1 want: ~7.16.0
152 silly placeDep ROOT @types/http-errors@2.0.5 OK for: @types/serve-static@1.15.10 want: *
153 silly placeDep node_modules/@types/serve-static @types/send@0.17.6 OK for: @types/serve-static@1.15.10 want: <1
154 silly fetch manifest @types/mime@^1
155 silly packumentCache full:https://registry.npmjs.org/@types%2fmime cache-miss
156 http fetch GET 200 https://registry.npmjs.org/@types%2fmime 190ms (cache miss)
157 silly packumentCache full:https://registry.npmjs.org/@types%2fmime set size:undefined disposed:false
158 silly placeDep ROOT @cspotcode/source-map-support@0.8.1 OK for: ts-node@10.9.2 want: ^0.8.0
159 silly placeDep ROOT @tsconfig/node10@1.0.12 OK for: ts-node@10.9.2 want: ^1.0.7
160 silly placeDep ROOT @tsconfig/node12@1.0.11 OK for: ts-node@10.9.2 want: ^1.0.7
161 silly placeDep ROOT @tsconfig/node14@1.0.3 OK for: ts-node@10.9.2 want: ^1.0.0
162 silly placeDep ROOT @tsconfig/node16@1.0.4 OK for: ts-node@10.9.2 want: ^1.0.2
163 silly placeDep ROOT acorn@8.15.0 OK for: ts-node@10.9.2 want: ^8.4.1
164 silly placeDep ROOT acorn-walk@8.3.4 OK for: ts-node@10.9.2 want: ^8.1.1
165 silly placeDep ROOT arg@4.1.3 OK for: ts-node@10.9.2 want: ^4.1.0
166 silly placeDep ROOT create-require@1.1.1 OK for: ts-node@10.9.2 want: ^1.1.0
167 silly placeDep ROOT diff@4.0.2 OK for: ts-node@10.9.2 want: ^4.0.1
168 silly placeDep ROOT make-error@1.3.6 OK for: ts-node@10.9.2 want: ^1.1.1
169 silly placeDep ROOT v8-compile-cache-lib@3.0.1 OK for: ts-node@10.9.2 want: ^3.0.1
170 silly placeDep ROOT yn@3.1.1 OK for: ts-node@10.9.2 want: 3.1.1
171 silly fetch manifest @jridgewell/trace-mapping@0.3.9
172 silly packumentCache full:https://registry.npmjs.org/@jridgewell%2ftrace-mapping cache-miss
173 http fetch GET 200 https://registry.npmjs.org/@jridgewell%2ftrace-mapping 79ms (cache miss)
174 silly packumentCache full:https://registry.npmjs.org/@jridgewell%2ftrace-mapping set size:undefined disposed:false
175 silly placeDep ROOT @jridgewell/trace-mapping@0.3.9 OK for: @cspotcode/source-map-support@0.8.1 want: 0.3.9
176 silly fetch manifest @jridgewell/resolve-uri@^3.0.3
177 silly packumentCache full:https://registry.npmjs.org/@jridgewell%2fresolve-uri cache-miss
178 silly fetch manifest @jridgewell/sourcemap-codec@^1.4.10
179 silly packumentCache full:https://registry.npmjs.org/@jridgewell%2fsourcemap-codec cache-miss
180 http fetch GET 200 https://registry.npmjs.org/@jridgewell%2fsourcemap-codec 51ms (cache miss)
181 silly packumentCache full:https://registry.npmjs.org/@jridgewell%2fsourcemap-codec set size:undefined disposed:false
182 http fetch GET 200 https://registry.npmjs.org/@jridgewell%2fresolve-uri 52ms (cache miss)
183 silly packumentCache full:https://registry.npmjs.org/@jridgewell%2fresolve-uri set size:undefined disposed:false
184 silly placeDep ROOT @jridgewell/resolve-uri@3.1.2 OK for: @jridgewell/trace-mapping@0.3.9 want: ^3.0.3
185 silly placeDep ROOT @jridgewell/sourcemap-codec@1.5.5 OK for: @jridgewell/trace-mapping@0.3.9 want: ^1.4.10
186 silly placeDep ROOT @types/mime@1.3.5 OK for: @types/send@0.17.6 want: ^1
187 silly reify moves {}
188 silly audit bulk request {
188 silly audit   '@mongodb-js/saslprep': [ '1.3.2' ],
188 silly audit   '@types/webidl-conversions': [ '7.0.3' ],
188 silly audit   '@types/whatwg-url': [ '13.0.0' ],
188 silly audit   accepts: [ '2.0.0' ],
188 silly audit   'body-parser': [ '2.2.0' ],
188 silly audit   bson: [ '7.0.0' ],
188 silly audit   bytes: [ '3.1.2' ],
188 silly audit   'call-bind-apply-helpers': [ '1.0.2' ],
188 silly audit   'call-bound': [ '1.0.4' ],
188 silly audit   'content-disposition': [ '1.0.1' ],
188 silly audit   'content-type': [ '1.0.5' ],
188 silly audit   cookie: [ '0.7.2' ],
188 silly audit   'cookie-signature': [ '1.2.2' ],
188 silly audit   cors: [ '2.8.5' ],
188 silly audit   debug: [ '4.4.3' ],
188 silly audit   depd: [ '2.0.0' ],
188 silly audit   dotenv: [ '17.2.3' ],
188 silly audit   'dunder-proto': [ '1.0.1' ],
188 silly audit   'ee-first': [ '1.1.1' ],
188 silly audit   encodeurl: [ '2.0.0' ],
188 silly audit   'es-define-property': [ '1.0.1' ],
188 silly audit   'es-errors': [ '1.3.0' ],
188 silly audit   'es-object-atoms': [ '1.1.1' ],
188 silly audit   'escape-html': [ '1.0.3' ],
188 silly audit   etag: [ '1.8.1' ],
188 silly audit   express: [ '5.1.0' ],
188 silly audit   finalhandler: [ '2.1.0' ],
188 silly audit   forwarded: [ '0.2.0' ],
188 silly audit   fresh: [ '2.0.0' ],
188 silly audit   'function-bind': [ '1.1.2' ],
188 silly audit   'get-intrinsic': [ '1.3.0' ],
188 silly audit   'get-proto': [ '1.0.1' ],
188 silly audit   gopd: [ '1.2.0' ],
188 silly audit   'has-symbols': [ '1.1.0' ],
188 silly audit   hasown: [ '2.0.2' ],
188 silly audit   'http-errors': [ '2.0.1' ],
188 silly audit   'iconv-lite': [ '0.6.3', '0.7.0' ],
188 silly audit   inherits: [ '2.0.4' ],
188 silly audit   'ipaddr.js': [ '1.9.1' ],
188 silly audit   'is-promise': [ '4.0.0' ],
188 silly audit   kareem: [ '3.0.0' ],
188 silly audit   'math-intrinsics': [ '1.1.0' ],
188 silly audit   'media-typer': [ '1.1.0' ],
188 silly audit   'memory-pager': [ '1.5.0' ],
188 silly audit   'merge-descriptors': [ '2.0.0' ],
188 silly audit   'mime-db': [ '1.54.0' ],
188 silly audit   'mime-types': [ '3.0.2' ],
188 silly audit   mongodb: [ '7.0.0' ],
188 silly audit   'mongodb-connection-string-url': [ '7.0.0' ],
188 silly audit   mongoose: [ '9.0.0' ],
188 silly audit   mpath: [ '0.9.0' ],
188 silly audit   mquery: [ '6.0.0' ],
188 silly audit   ms: [ '2.1.3' ],
188 silly audit   negotiator: [ '1.0.0' ],
188 silly audit   'object-assign': [ '4.1.1' ],
188 silly audit   'object-inspect': [ '1.13.4' ],
188 silly audit   'on-finished': [ '2.4.1' ],
188 silly audit   once: [ '1.4.0' ],
188 silly audit   parseurl: [ '1.3.3' ],
188 silly audit   'path-to-regexp': [ '8.3.0' ],
188 silly audit   'proxy-addr': [ '2.0.7' ],
188 silly audit   punycode: [ '2.3.1' ],
188 silly audit   qs: [ '6.14.0' ],
188 silly audit   'range-parser': [ '1.2.1' ],
188 silly audit   'raw-body': [ '3.0.2' ],
188 silly audit   router: [ '2.2.0' ],
188 silly audit   'safer-buffer': [ '2.1.2' ],
188 silly audit   send: [ '1.2.0' ],
188 silly audit   'serve-static': [ '2.2.0' ],
188 silly audit   setprototypeof: [ '1.2.0' ],
188 silly audit   'side-channel': [ '1.1.0' ],
188 silly audit   'side-channel-list': [ '1.0.0' ],
188 silly audit   'side-channel-map': [ '1.0.1' ],
188 silly audit   'side-channel-weakmap': [ '1.0.2' ],
188 silly audit   sift: [ '17.1.3' ],
188 silly audit   'sparse-bitfield': [ '3.0.3' ],
188 silly audit   statuses: [ '2.0.2' ],
188 silly audit   toidentifier: [ '1.0.1' ],
188 silly audit   tr46: [ '5.1.1' ],
188 silly audit   'type-is': [ '2.0.1' ],
188 silly audit   unpipe: [ '1.0.0' ],
188 silly audit   vary: [ '1.1.2' ],
188 silly audit   'webidl-conversions': [ '7.0.0' ],
188 silly audit   'whatwg-url': [ '14.2.0' ],
188 silly audit   wrappy: [ '1.0.2' ],
188 silly audit   '@types/cors': [ '2.8.19' ],
188 silly audit   '@types/express': [ '5.0.5' ],
188 silly audit   '@types/node': [ '24.10.1' ],
188 silly audit   'ts-node': [ '10.9.2' ],
188 silly audit   typescript: [ '5.9.3' ],
188 silly audit   '@types/body-parser': [ '1.19.6' ],
188 silly audit   '@types/express-serve-static-core': [ '5.1.0' ],
188 silly audit   '@types/serve-static': [ '1.15.10' ],
188 silly audit   '@types/connect': [ '3.4.38' ],
188 silly audit   '@types/qs': [ '6.14.0' ],
188 silly audit   '@types/range-parser': [ '1.2.7' ],
188 silly audit   '@types/send': [ '1.2.1', '0.17.6' ],
188 silly audit   'undici-types': [ '7.16.0' ],
188 silly audit   '@types/http-errors': [ '2.0.5' ],
188 silly audit   '@cspotcode/source-map-support': [ '0.8.1' ],
188 silly audit   '@tsconfig/node10': [ '1.0.12' ],
188 silly audit   '@tsconfig/node12': [ '1.0.11' ],
188 silly audit   '@tsconfig/node14': [ '1.0.3' ],
188 silly audit   '@tsconfig/node16': [ '1.0.4' ],
188 silly audit   acorn: [ '8.15.0' ],
188 silly audit   'acorn-walk': [ '8.3.4' ],
188 silly audit   arg: [ '4.1.3' ],
188 silly audit   'create-require': [ '1.1.1' ],
188 silly audit   diff: [ '4.0.2' ],
188 silly audit   'make-error': [ '1.3.6' ],
188 silly audit   'v8-compile-cache-lib': [ '3.0.1' ],
188 silly audit   yn: [ '3.1.1' ],
188 silly audit   '@jridgewell/trace-mapping': [ '0.3.9' ],
188 silly audit   '@jridgewell/resolve-uri': [ '3.1.2' ],
188 silly audit   '@jridgewell/sourcemap-codec': [ '1.5.5' ],
188 silly audit   '@types/mime': [ '1.3.5' ]
188 silly audit }
189 http cache @types/mime@https://registry.npmjs.org/@types/mime/-/mime-1.3.5.tgz 0ms (cache hit)
190 http cache @jridgewell/trace-mapping@https://registry.npmjs.org/@jridgewell/trace-mapping/-/trace-mapping-0.3.9.tgz 0ms (cache hit)
191 http cache @jridgewell/sourcemap-codec@https://registry.npmjs.org/@jridgewell/sourcemap-codec/-/sourcemap-codec-1.5.5.tgz 0ms (cache hit)
192 http cache @jridgewell/resolve-uri@https://registry.npmjs.org/@jridgewell/resolve-uri/-/resolve-uri-3.1.2.tgz 0ms (cache hit)
193 http cache v8-compile-cache-lib@https://registry.npmjs.org/v8-compile-cache-lib/-/v8-compile-cache-lib-3.0.1.tgz 0ms (cache hit)
194 http cache diff@https://registry.npmjs.org/diff/-/diff-4.0.2.tgz 0ms (cache hit)
195 http cache create-require@https://registry.npmjs.org/create-require/-/create-require-1.1.1.tgz 0ms (cache hit)
196 http cache arg@https://registry.npmjs.org/arg/-/arg-4.1.3.tgz 0ms (cache hit)
197 http cache @tsconfig/node16@https://registry.npmjs.org/@tsconfig/node16/-/node16-1.0.4.tgz 0ms (cache hit)
198 http cache acorn-walk@https://registry.npmjs.org/acorn-walk/-/acorn-walk-8.3.4.tgz 0ms (cache hit)
199 http cache acorn@https://registry.npmjs.org/acorn/-/acorn-8.15.0.tgz 0ms (cache hit)
200 http cache @tsconfig/node12@https://registry.npmjs.org/@tsconfig/node12/-/node12-1.0.11.tgz 0ms (cache hit)
201 http cache @cspotcode/source-map-support@https://registry.npmjs.org/@cspotcode/source-map-support/-/source-map-support-0.8.1.tgz 0ms (cache hit)
202 http cache yn@https://registry.npmjs.org/yn/-/yn-3.1.1.tgz 0ms (cache hit)
203 http cache undici-types@https://registry.npmjs.org/undici-types/-/undici-types-7.16.0.tgz 0ms (cache hit)
204 http cache make-error@https://registry.npmjs.org/make-error/-/make-error-1.3.6.tgz 0ms (cache hit)
205 http cache @types/qs@https://registry.npmjs.org/@types/qs/-/qs-6.14.0.tgz 0ms (cache hit)
206 http cache @tsconfig/node14@https://registry.npmjs.org/@tsconfig/node14/-/node14-1.0.3.tgz 0ms (cache hit)
207 http cache @types/range-parser@https://registry.npmjs.org/@types/range-parser/-/range-parser-1.2.7.tgz 0ms (cache hit)
208 http cache @types/send@https://registry.npmjs.org/@types/send/-/send-1.2.1.tgz 0ms (cache hit)
209 http cache @tsconfig/node10@https://registry.npmjs.org/@tsconfig/node10/-/node10-1.0.12.tgz 0ms (cache hit)
210 http cache @types/http-errors@https://registry.npmjs.org/@types/http-errors/-/http-errors-2.0.5.tgz 0ms (cache hit)
211 http cache @types/serve-static@https://registry.npmjs.org/@types/serve-static/-/serve-static-1.15.10.tgz 0ms (cache hit)
212 http cache @types/body-parser@https://registry.npmjs.org/@types/body-parser/-/body-parser-1.19.6.tgz 0ms (cache hit)
213 http cache ts-node@https://registry.npmjs.org/ts-node/-/ts-node-10.9.2.tgz 0ms (cache hit)
214 http cache @types/express@https://registry.npmjs.org/@types/express/-/express-5.0.5.tgz 0ms (cache hit)
215 http cache @types/cors@https://registry.npmjs.org/@types/cors/-/cors-2.8.19.tgz 0ms (cache hit)
216 http cache @types/send@https://registry.npmjs.org/@types/send/-/send-0.17.6.tgz 0ms (cache hit)
217 http cache typescript@https://registry.npmjs.org/typescript/-/typescript-5.9.3.tgz 0ms (cache hit)
218 http cache @types/express-serve-static-core@https://registry.npmjs.org/@types/express-serve-static-core/-/express-serve-static-core-5.1.0.tgz 0ms (cache hit)
219 http cache @types/connect@https://registry.npmjs.org/@types/connect/-/connect-3.4.38.tgz 0ms (cache hit)
220 silly tarball no local data for @types/mime@https://registry.npmjs.org/@types/mime/-/mime-1.3.5.tgz. Extracting by manifest.
221 http cache @types/node@https://registry.npmjs.org/@types/node/-/node-24.10.1.tgz 0ms (cache hit)
222 silly tarball no local data for @jridgewell/trace-mapping@https://registry.npmjs.org/@jridgewell/trace-mapping/-/trace-mapping-0.3.9.tgz. Extracting by manifest.
223 silly tarball no local data for @jridgewell/sourcemap-codec@https://registry.npmjs.org/@jridgewell/sourcemap-codec/-/sourcemap-codec-1.5.5.tgz. Extracting by manifest.
224 silly tarball no local data for @jridgewell/resolve-uri@https://registry.npmjs.org/@jridgewell/resolve-uri/-/resolve-uri-3.1.2.tgz. Extracting by manifest.
225 silly tarball no local data for v8-compile-cache-lib@https://registry.npmjs.org/v8-compile-cache-lib/-/v8-compile-cache-lib-3.0.1.tgz. Extracting by manifest.
226 silly tarball no local data for diff@https://registry.npmjs.org/diff/-/diff-4.0.2.tgz. Extracting by manifest.
227 silly tarball no local data for create-require@https://registry.npmjs.org/create-require/-/create-require-1.1.1.tgz. Extracting by manifest.
228 silly tarball no local data for arg@https://registry.npmjs.org/arg/-/arg-4.1.3.tgz. Extracting by manifest.
229 silly tarball no local data for @tsconfig/node16@https://registry.npmjs.org/@tsconfig/node16/-/node16-1.0.4.tgz. Extracting by manifest.
230 silly tarball no local data for acorn-walk@https://registry.npmjs.org/acorn-walk/-/acorn-walk-8.3.4.tgz. Extracting by manifest.
231 silly tarball no local data for acorn@https://registry.npmjs.org/acorn/-/acorn-8.15.0.tgz. Extracting by manifest.
232 silly tarball no local data for @tsconfig/node12@https://registry.npmjs.org/@tsconfig/node12/-/node12-1.0.11.tgz. Extracting by manifest.
233 silly tarball no local data for @cspotcode/source-map-support@https://registry.npmjs.org/@cspotcode/source-map-support/-/source-map-support-0.8.1.tgz. Extracting by manifest.
234 silly tarball no local data for yn@https://registry.npmjs.org/yn/-/yn-3.1.1.tgz. Extracting by manifest.
235 silly tarball no local data for undici-types@https://registry.npmjs.org/undici-types/-/undici-types-7.16.0.tgz. Extracting by manifest.
236 silly tarball no local data for make-error@https://registry.npmjs.org/make-error/-/make-error-1.3.6.tgz. Extracting by manifest.
237 silly tarball no local data for @types/qs@https://registry.npmjs.org/@types/qs/-/qs-6.14.0.tgz. Extracting by manifest.
238 silly tarball no local data for @tsconfig/node14@https://registry.npmjs.org/@tsconfig/node14/-/node14-1.0.3.tgz. Extracting by manifest.
239 silly tarball no local data for @types/range-parser@https://registry.npmjs.org/@types/range-parser/-/range-parser-1.2.7.tgz. Extracting by manifest.
240 silly tarball no local data for @types/send@https://registry.npmjs.org/@types/send/-/send-1.2.1.tgz. Extracting by manifest.
241 silly tarball no local data for @tsconfig/node10@https://registry.npmjs.org/@tsconfig/node10/-/node10-1.0.12.tgz. Extracting by manifest.
242 silly tarball no local data for @types/http-errors@https://registry.npmjs.org/@types/http-errors/-/http-errors-2.0.5.tgz. Extracting by manifest.
243 silly tarball no local data for @types/serve-static@https://registry.npmjs.org/@types/serve-static/-/serve-static-1.15.10.tgz. Extracting by manifest.
244 silly tarball no local data for @types/body-parser@https://registry.npmjs.org/@types/body-parser/-/body-parser-1.19.6.tgz. Extracting by manifest.
245 silly tarball no local data for ts-node@https://registry.npmjs.org/ts-node/-/ts-node-10.9.2.tgz. Extracting by manifest.
246 silly tarball no local data for @types/express@https://registry.npmjs.org/@types/express/-/express-5.0.5.tgz. Extracting by manifest.
247 silly tarball no local data for @types/cors@https://registry.npmjs.org/@types/cors/-/cors-2.8.19.tgz. Extracting by manifest.
248 silly tarball no local data for @types/send@https://registry.npmjs.org/@types/send/-/send-0.17.6.tgz. Extracting by manifest.
249 silly tarball no local data for typescript@https://registry.npmjs.org/typescript/-/typescript-5.9.3.tgz. Extracting by manifest.
250 silly tarball no local data for @types/express-serve-static-core@https://registry.npmjs.org/@types/express-serve-static-core/-/express-serve-static-core-5.1.0.tgz. Extracting by manifest.
251 silly tarball no local data for @types/connect@https://registry.npmjs.org/@types/connect/-/connect-3.4.38.tgz. Extracting by manifest.
252 silly tarball no local data for @types/node@https://registry.npmjs.org/@types/node/-/node-24.10.1.tgz. Extracting by manifest.
253 http fetch GET 200 https://registry.npmjs.org/v8-compile-cache-lib/-/v8-compile-cache-lib-3.0.1.tgz 40ms (cache miss)
254 http fetch GET 200 https://registry.npmjs.org/@jridgewell/resolve-uri/-/resolve-uri-3.1.2.tgz 55ms (cache miss)
255 http fetch GET 200 https://registry.npmjs.org/diff/-/diff-4.0.2.tgz 56ms (cache miss)
256 http fetch GET 200 https://registry.npmjs.org/undici-types/-/undici-types-7.16.0.tgz 65ms (cache miss)
257 http fetch GET 200 https://registry.npmjs.org/@jridgewell/sourcemap-codec/-/sourcemap-codec-1.5.5.tgz 78ms (cache miss)
258 http fetch GET 200 https://registry.npmjs.org/@types/mime/-/mime-1.3.5.tgz 108ms (cache miss)
259 http fetch GET 200 https://registry.npmjs.org/make-error/-/make-error-1.3.6.tgz 107ms (cache miss)
260 http fetch GET 200 https://registry.npmjs.org/yn/-/yn-3.1.1.tgz 107ms (cache miss)
261 http fetch GET 200 https://registry.npmjs.org/arg/-/arg-4.1.3.tgz 109ms (cache miss)
262 http fetch GET 200 https://registry.npmjs.org/acorn/-/acorn-8.15.0.tgz 109ms (cache miss)
263 http fetch GET 200 https://registry.npmjs.org/acorn-walk/-/acorn-walk-8.3.4.tgz 110ms (cache miss)
264 http fetch GET 200 https://registry.npmjs.org/@jridgewell/trace-mapping/-/trace-mapping-0.3.9.tgz 113ms (cache miss)
265 http fetch GET 200 https://registry.npmjs.org/@tsconfig/node14/-/node14-1.0.3.tgz 154ms (cache miss)
266 http fetch GET 200 https://registry.npmjs.org/@tsconfig/node16/-/node16-1.0.4.tgz 155ms (cache miss)
267 http fetch GET 200 https://registry.npmjs.org/@tsconfig/node12/-/node12-1.0.11.tgz 157ms (cache miss)
268 http fetch GET 200 https://registry.npmjs.org/@types/serve-static/-/serve-static-1.15.10.tgz 179ms (cache miss)
269 http fetch GET 200 https://registry.npmjs.org/@cspotcode/source-map-support/-/source-map-support-0.8.1.tgz 180ms (cache miss)
270 http fetch GET 200 https://registry.npmjs.org/ts-node/-/ts-node-10.9.2.tgz 181ms (cache miss)
271 http fetch GET 200 https://registry.npmjs.org/@types/range-parser/-/range-parser-1.2.7.tgz 189ms (cache miss)
272 http fetch GET 200 https://registry.npmjs.org/@tsconfig/node10/-/node10-1.0.12.tgz 189ms (cache miss)
273 http fetch GET 200 https://registry.npmjs.org/@types/qs/-/qs-6.14.0.tgz 189ms (cache miss)
274 http fetch GET 200 https://registry.npmjs.org/@types/cors/-/cors-2.8.19.tgz 249ms (cache miss)
275 http fetch GET 200 https://registry.npmjs.org/@types/send/-/send-0.17.6.tgz 250ms (cache miss)
276 http fetch POST 200 https://registry.npmjs.org/-/npm/v1/security/advisories/bulk 266ms
277 silly audit report {}
278 http fetch GET 200 https://registry.npmjs.org/@types/body-parser/-/body-parser-1.19.6.tgz 260ms (cache miss)
279 http fetch GET 200 https://registry.npmjs.org/@types/express/-/express-5.0.5.tgz 262ms (cache miss)
280 http fetch GET 200 https://registry.npmjs.org/create-require/-/create-require-1.1.1.tgz 320ms (cache miss)
281 http fetch GET 200 https://registry.npmjs.org/@types/express-serve-static-core/-/express-serve-static-core-5.1.0.tgz 332ms (cache miss)
282 http fetch GET 200 https://registry.npmjs.org/@types/connect/-/connect-3.4.38.tgz 355ms (cache miss)
283 http fetch GET 200 https://registry.npmjs.org/@types/node/-/node-24.10.1.tgz 369ms (cache miss)
284 http fetch GET 200 https://registry.npmjs.org/@types/send/-/send-1.2.1.tgz 555ms (cache miss)
285 http fetch GET 200 https://registry.npmjs.org/typescript/-/typescript-5.9.3.tgz 805ms (cache miss)
286 http fetch GET 200 https://registry.npmjs.org/@types/http-errors/-/http-errors-2.0.5.tgz 1205ms (cache miss)
287 silly ADD node_modules/@types/mime
288 silly ADD node_modules/@jridgewell/sourcemap-codec
289 silly ADD node_modules/@jridgewell/resolve-uri
290 silly ADD node_modules/@jridgewell/trace-mapping
291 silly ADD node_modules/yn
292 silly ADD node_modules/v8-compile-cache-lib
293 silly ADD node_modules/make-error
294 silly ADD node_modules/diff
295 silly ADD node_modules/create-require
296 silly ADD node_modules/arg
297 silly ADD node_modules/acorn-walk
298 silly ADD node_modules/acorn
299 silly ADD node_modules/@tsconfig/node16
300 silly ADD node_modules/@tsconfig/node14
301 silly ADD node_modules/@tsconfig/node12
302 silly ADD node_modules/@tsconfig/node10
303 silly ADD node_modules/@cspotcode/source-map-support
304 silly ADD node_modules/@types/http-errors
305 silly ADD node_modules/undici-types
306 silly ADD node_modules/@types/send
307 silly ADD node_modules/@types/range-parser
308 silly ADD node_modules/@types/qs
309 silly ADD node_modules/@types/connect
310 silly ADD node_modules/@types/serve-static
311 silly ADD node_modules/@types/serve-static/node_modules/@types/send
312 silly ADD node_modules/@types/express-serve-static-core
313 silly ADD node_modules/@types/body-parser
314 silly ADD node_modules/typescript
315 silly ADD node_modules/ts-node
316 silly ADD node_modules/@types/node
317 silly ADD node_modules/@types/express
318 silly ADD node_modules/@types/cors
319 verbose cwd /Users/macbookair/Documents/antigravity/server
320 verbose os Darwin 24.6.0
321 verbose node v22.20.0
322 verbose npm  v10.9.3
323 verbose exit 0
324 info ok
