0 verbose cli C:\Program Files\nodejs\node.exe C:\Program Files\nodejs\node_modules\npm\bin\npm-cli.js
1 info using npm@11.6.2
2 info using node@v25.2.1
3 silly config load:file:C:\Program Files\nodejs\node_modules\npm\npmrc
4 silly config load:file:C:\Users\BiploB\Desktop\libery\libery-server\.npmrc
5 silly config load:file:C:\Users\BiploB\.npmrc
6 silly config load:file:C:\Users\BiploB\AppData\Roaming\npm\etc\npmrc
7 verbose title npm i
8 verbose argv "i"
9 verbose logfile logs-max:10 dir:C:\Users\BiploB\Desktop\libery\libery-server\.npm-cache\_logs\2025-12-04T16_41_11_106Z-
10 verbose logfile C:\Users\BiploB\Desktop\libery\libery-server\.npm-cache\_logs\2025-12-04T16_41_11_106Z-debug-0.log
11 silly logfile done cleaning log files
12 silly packumentCache heap:2348810240 maxSize:587202560 maxEntrySize:293601280
13 silly idealTree buildDeps
14 silly reify moves {}
15 silly audit bulk request {
15 silly audit   '@cspotcode/source-map-support': [ '0.8.1' ],
15 silly audit   '@epic-web/invariant': [ '1.0.0' ],
15 silly audit   '@jridgewell/resolve-uri': [ '3.1.2' ],
15 silly audit   '@jridgewell/sourcemap-codec': [ '1.5.5' ],
15 silly audit   '@jridgewell/trace-mapping': [ '0.3.9' ],
15 silly audit   '@mongodb-js/saslprep': [ '1.3.2' ],
15 silly audit   '@phc/format': [ '1.0.0' ],
15 silly audit   '@tsconfig/node10': [ '1.0.12' ],
15 silly audit   '@tsconfig/node12': [ '1.0.11' ],
15 silly audit   '@tsconfig/node14': [ '1.0.3' ],
15 silly audit   '@tsconfig/node16': [ '1.0.4' ],
15 silly audit   '@types/body-parser': [ '1.19.6' ],
15 silly audit   '@types/connect': [ '3.4.38' ],
15 silly audit   '@types/cors': [ '2.8.19' ],
15 silly audit   '@types/express': [ '5.0.5' ],
15 silly audit   '@types/express-serve-static-core': [ '5.1.0' ],
15 silly audit   '@types/http-errors': [ '2.0.5' ],
15 silly audit   '@types/jsonwebtoken': [ '9.0.10' ],
15 silly audit   '@types/mime': [ '1.3.5' ],
15 silly audit   '@types/ms': [ '2.1.0' ],
15 silly audit   '@types/node': [ '24.10.1' ],
15 silly audit   '@types/qs': [ '6.14.0' ],
15 silly audit   '@types/range-parser': [ '1.2.7' ],
15 silly audit   '@types/send': [ '1.2.1', '0.17.6' ],
15 silly audit   '@types/serve-static': [ '1.15.10' ],
15 silly audit   '@types/webidl-conversions': [ '7.0.3' ],
15 silly audit   '@types/whatwg-url': [ '13.0.0' ],
15 silly audit   accepts: [ '2.0.0' ],
15 silly audit   acorn: [ '8.15.0' ],
15 silly audit   'acorn-walk': [ '8.3.4' ],
15 silly audit   anymatch: [ '3.1.3' ],
15 silly audit   arg: [ '4.1.3' ],
15 silly audit   argon2: [ '0.44.0' ],
15 silly audit   'balanced-match': [ '1.0.2' ],
15 silly audit   'binary-extensions': [ '2.3.0' ],
15 silly audit   'body-parser': [ '2.2.0' ],
15 silly audit   'brace-expansion': [ '1.1.12' ],
15 silly audit   braces: [ '3.0.3' ],
15 silly audit   bson: [ '7.0.0' ],
15 silly audit   'buffer-equal-constant-time': [ '1.0.1' ],
15 silly audit   bytes: [ '3.1.2' ],
15 silly audit   'call-bind-apply-helpers': [ '1.0.2' ],
15 silly audit   'call-bound': [ '1.0.4' ],
15 silly audit   chokidar: [ '3.6.0' ],
15 silly audit   'concat-map': [ '0.0.1' ],
15 silly audit   'content-disposition': [ '1.0.1' ],
15 silly audit   'content-type': [ '1.0.5' ],
15 silly audit   cookie: [ '0.7.2' ],
15 silly audit   'cookie-signature': [ '1.2.2' ],
15 silly audit   cors: [ '2.8.5' ],
15 silly audit   'create-require': [ '1.1.1' ],
15 silly audit   'cross-env': [ '10.1.0' ],
15 silly audit   'cross-spawn': [ '7.0.6' ],
15 silly audit   debug: [ '4.4.3' ],
15 silly audit   depd: [ '2.0.0' ],
15 silly audit   diff: [ '4.0.2' ],
15 silly audit   dotenv: [ '17.2.3' ],
15 silly audit   'dunder-proto': [ '1.0.1' ],
15 silly audit   'ecdsa-sig-formatter': [ '1.0.11' ],
15 silly audit   'ee-first': [ '1.1.1' ],
15 silly audit   encodeurl: [ '2.0.0' ],
15 silly audit   'es-define-property': [ '1.0.1' ],
15 silly audit   'es-errors': [ '1.3.0' ],
15 silly audit   'es-object-atoms': [ '1.1.1' ],
15 silly audit   'escape-html': [ '1.0.3' ],
15 silly audit   etag: [ '1.8.1' ],
15 silly audit   express: [ '5.1.0' ],
15 silly audit   'fill-range': [ '7.1.1' ],
15 silly audit   finalhandler: [ '2.1.0' ],
15 silly audit   forwarded: [ '0.2.0' ],
15 silly audit   fresh: [ '2.0.0' ],
15 silly audit   fsevents: [ '2.3.3' ],
15 silly audit   'function-bind': [ '1.1.2' ],
15 silly audit   'get-intrinsic': [ '1.3.0' ],
15 silly audit   'get-proto': [ '1.0.1' ],
15 silly audit   'glob-parent': [ '5.1.2' ],
15 silly audit   gopd: [ '1.2.0' ],
15 silly audit   'has-flag': [ '3.0.0' ],
15 silly audit   'has-symbols': [ '1.1.0' ],
15 silly audit   hasown: [ '2.0.2' ],
15 silly audit   'http-errors': [ '2.0.1' ],
15 silly audit   'iconv-lite': [ '0.6.3', '0.7.0' ],
15 silly audit   'ignore-by-default': [ '1.0.1' ],
15 silly audit   inherits: [ '2.0.4' ],
15 silly audit   'ipaddr.js': [ '1.9.1' ],
15 silly audit   'is-binary-path': [ '2.1.0' ],
15 silly audit   'is-extglob': [ '2.1.1' ],
15 silly audit   'is-glob': [ '4.0.3' ],
15 silly audit   'is-number': [ '7.0.0' ],
15 silly audit   'is-promise': [ '4.0.0' ],
15 silly audit   isexe: [ '2.0.0' ],
15 silly audit   jsonwebtoken: [ '9.0.2' ],
15 silly audit   jwa: [ '1.4.2' ],
15 silly audit   jws: [ '3.2.2' ],
15 silly audit   kareem: [ '3.0.0' ],
15 silly audit   'lodash.includes': [ '4.3.0' ],
15 silly audit   'lodash.isboolean': [ '3.0.3' ],
15 silly audit   'lodash.isinteger': [ '4.0.4' ],
15 silly audit   'lodash.isnumber': [ '3.0.3' ],
15 silly audit   'lodash.isplainobject': [ '4.0.6' ],
15 silly audit   'lodash.isstring': [ '4.0.1' ],
15 silly audit   'lodash.once': [ '4.1.1' ],
15 silly audit   'make-error': [ '1.3.6' ],
15 silly audit   'math-intrinsics': [ '1.1.0' ],
15 silly audit   'media-typer': [ '1.1.0' ],
15 silly audit   'memory-pager': [ '1.5.0' ],
15 silly audit   'merge-descriptors': [ '2.0.0' ],
15 silly audit   'mime-db': [ '1.54.0' ],
15 silly audit   'mime-types': [ '3.0.2' ],
15 silly audit   minimatch: [ '3.1.2' ],
15 silly audit   mongodb: [ '7.0.0' ],
15 silly audit   'mongodb-connection-string-url': [ '7.0.0' ],
15 silly audit   mongoose: [ '9.0.0' ],
15 silly audit   mpath: [ '0.9.0' ],
15 silly audit   mquery: [ '6.0.0' ],
15 silly audit   ms: [ '2.1.3' ],
15 silly audit   negotiator: [ '1.0.0' ],
15 silly audit   'node-addon-api': [ '8.5.0' ],
15 silly audit   'node-gyp-build': [ '4.8.4' ],
15 silly audit   nodemon: [ '3.1.11' ],
15 silly audit   'normalize-path': [ '3.0.0' ],
15 silly audit   'object-assign': [ '4.1.1' ],
15 silly audit   'object-inspect': [ '1.13.4' ],
15 silly audit   'on-finished': [ '2.4.1' ],
15 silly audit   once: [ '1.4.0' ],
15 silly audit   parseurl: [ '1.3.3' ],
15 silly audit   'path-key': [ '3.1.1' ],
15 silly audit   'path-to-regexp': [ '8.3.0' ],
15 silly audit   picomatch: [ '2.3.1' ],
15 silly audit   'proxy-addr': [ '2.0.7' ],
15 silly audit   'pstree.remy': [ '1.1.8' ],
15 silly audit   punycode: [ '2.3.1' ],
15 silly audit   qs: [ '6.14.0' ],
15 silly audit   'range-parser': [ '1.2.1' ],
15 silly audit   'raw-body': [ '3.0.2' ],
15 silly audit   readdirp: [ '3.6.0' ],
15 silly audit   router: [ '2.2.0' ],
15 silly audit   'safe-buffer': [ '5.2.1' ],
15 silly audit   'safer-buffer': [ '2.1.2' ],
15 silly audit   semver: [ '7.7.3' ],
15 silly audit   send: [ '1.2.0' ],
15 silly audit   'serve-static': [ '2.2.0' ],
15 silly audit   setprototypeof: [ '1.2.0' ],
15 silly audit   'shebang-command': [ '2.0.0' ],
15 silly audit   'shebang-regex': [ '3.0.0' ],
15 silly audit   'side-channel': [ '1.1.0' ],
15 silly audit   'side-channel-list': [ '1.0.0' ],
15 silly audit   'side-channel-map': [ '1.0.1' ],
15 silly audit   'side-channel-weakmap': [ '1.0.2' ],
15 silly audit   sift: [ '17.1.3' ],
15 silly audit   'simple-update-notifier': [ '2.0.0' ],
15 silly audit   'sparse-bitfield': [ '3.0.3' ],
15 silly audit   statuses: [ '2.0.2' ],
15 silly audit   'supports-color': [ '5.5.0' ],
15 silly audit   'to-regex-range': [ '5.0.1' ],
15 silly audit   toidentifier: [ '1.0.1' ],
15 silly audit   touch: [ '3.1.1' ],
15 silly audit   tr46: [ '5.1.1' ],
15 silly audit   'ts-node': [ '10.9.2' ],
15 silly audit   'type-is': [ '2.0.1' ],
15 silly audit   typescript: [ '5.9.3' ],
15 silly audit   undefsafe: [ '2.0.5' ],
15 silly audit   'undici-types': [ '7.16.0' ],
15 silly audit   unpipe: [ '1.0.0' ],
15 silly audit   'v8-compile-cache-lib': [ '3.0.1' ],
15 silly audit   vary: [ '1.1.2' ],
15 silly audit   'webidl-conversions': [ '7.0.0' ],
15 silly audit   'whatwg-url': [ '14.2.0' ],
15 silly audit   which: [ '2.0.2' ],
15 silly audit   wrappy: [ '1.0.2' ],
15 silly audit   yn: [ '3.1.1' ]
15 silly audit }
16 http fetch POST 200 https://registry.npmjs.org/-/npm/v1/security/advisories/bulk 397ms
17 silly audit report {
17 silly audit report   'body-parser': [
17 silly audit report     {
17 silly audit report       id: 1110858,
17 silly audit report       url: 'https://github.com/advisories/GHSA-wqch-xfxh-vrr4',
17 silly audit report       title: 'body-parser is vulnerable to denial of service when url encoding is used',
17 silly audit report       severity: 'moderate',
17 silly audit report       vulnerable_versions: '>=2.2.0 <2.2.1',
17 silly audit report       cwe: [Array],
17 silly audit report       cvss: [Object]
17 silly audit report     }
17 silly audit report   ]
17 silly audit report }
18 silly packumentCache corgi:https://registry.npmjs.org/body-parser cache-miss
19 http cache https://registry.npmjs.org/body-parser 12ms (cache hit)
20 silly packumentCache corgi:https://registry.npmjs.org/body-parser set size:76685 disposed:false
21 silly packumentCache corgi:https://registry.npmjs.org/express cache-miss
22 http cache https://registry.npmjs.org/express 6ms (cache hit)
23 silly packumentCache corgi:https://registry.npmjs.org/express set size:337735 disposed:false
24 verbose cwd C:\Users\BiploB\Desktop\libery\libery-server
25 verbose os Windows_NT 10.0.19045
26 verbose node v25.2.1
27 verbose npm  v11.6.2
28 verbose exit 0
29 info ok
