0 verbose cli /usr/local/bin/node /usr/local/bin/npm
1 info using npm@10.9.3
2 info using node@v22.20.0
3 silly config load:file:/usr/local/lib/node_modules/npm/npmrc
4 silly config load:file:/Users/macbookair/Documents/antigravity/server/.npmrc
5 silly config load:file:/Users/macbookair/.npmrc
6 silly config load:file:/usr/local/etc/npmrc
7 verbose title npm install argon2 jsonwebtoken @types/jsonwebtoken
8 verbose argv "install" "argon2" "jsonwebtoken" "@types/jsonwebtoken"
9 verbose logfile logs-max:10 dir:/Users/macbookair/Documents/antigravity/server/.npm-cache/_logs/2025-11-23T18_29_52_228Z-
10 verbose logfile /Users/macbookair/Documents/antigravity/server/.npm-cache/_logs/2025-11-23T18_29_52_228Z-debug-0.log
11 silly logfile done cleaning log files
12 silly packumentCache heap:2197815296 maxSize:549453824 maxEntrySize:274726912
13 silly idealTree buildDeps
14 silly fetch manifest argon2@*
15 silly packumentCache full:https://registry.npmjs.org/argon2 cache-miss
16 http fetch GET 200 https://registry.npmjs.org/argon2 116ms (cache miss)
17 silly packumentCache full:https://registry.npmjs.org/argon2 set size:undefined disposed:false
18 silly fetch manifest jsonwebtoken@*
19 silly packumentCache full:https://registry.npmjs.org/jsonwebtoken cache-miss
20 http fetch GET 200 https://registry.npmjs.org/jsonwebtoken 40ms (cache miss)
21 silly packumentCache full:https://registry.npmjs.org/jsonwebtoken set size:undefined disposed:false
22 silly fetch manifest @types/jsonwebtoken@*
23 silly packumentCache full:https://registry.npmjs.org/@types%2fjsonwebtoken cache-miss
24 http fetch GET 200 https://registry.npmjs.org/@types%2fjsonwebtoken 183ms (cache miss)
25 silly packumentCache full:https://registry.npmjs.org/@types%2fjsonwebtoken set size:undefined disposed:false
26 silly placeDep ROOT @types/jsonwebtoken@9.0.10 OK for: server@1.0.0 want: *
27 silly placeDep ROOT argon2@0.44.0 OK for: server@1.0.0 want: *
28 silly placeDep ROOT jsonwebtoken@9.0.2 OK for: server@1.0.0 want: *
29 silly fetch manifest @types/ms@*
30 silly packumentCache full:https://registry.npmjs.org/@types%2fms cache-miss
31 silly fetch manifest @phc/format@^1.0.0
32 silly packumentCache full:https://registry.npmjs.org/@phc%2fformat cache-miss
33 silly fetch manifest cross-env@^10.0.0
34 silly packumentCache full:https://registry.npmjs.org/cross-env cache-miss
35 silly fetch manifest node-addon-api@^8.5.0
36 silly packumentCache full:https://registry.npmjs.org/node-addon-api cache-miss
37 silly fetch manifest node-gyp-build@^4.8.4
38 silly packumentCache full:https://registry.npmjs.org/node-gyp-build cache-miss
39 silly fetch manifest jws@^3.2.2
40 silly packumentCache full:https://registry.npmjs.org/jws cache-miss
41 silly fetch manifest semver@^7.5.4
42 silly packumentCache full:https://registry.npmjs.org/semver cache-miss
43 http fetch GET 200 https://registry.npmjs.org/node-addon-api 63ms (cache miss)
44 silly packumentCache full:https://registry.npmjs.org/node-addon-api set size:undefined disposed:false
45 silly fetch manifest lodash.once@^4.0.0
46 silly packumentCache full:https://registry.npmjs.org/lodash.once cache-miss
47 http fetch GET 200 https://registry.npmjs.org/node-gyp-build 68ms (cache miss)
48 silly packumentCache full:https://registry.npmjs.org/node-gyp-build set size:undefined disposed:false
49 silly fetch manifest lodash.includes@^4.3.0
50 silly packumentCache full:https://registry.npmjs.org/lodash.includes cache-miss
51 http fetch GET 200 https://registry.npmjs.org/cross-env 71ms (cache miss)
52 silly packumentCache full:https://registry.npmjs.org/cross-env set size:undefined disposed:false
53 silly fetch manifest lodash.isnumber@^3.0.3
54 silly packumentCache full:https://registry.npmjs.org/lodash.isnumber cache-miss
55 http fetch GET 200 https://registry.npmjs.org/semver 73ms (cache miss)
56 silly packumentCache full:https://registry.npmjs.org/semver set size:undefined disposed:false
57 silly fetch manifest lodash.isstring@^4.0.1
58 silly packumentCache full:https://registry.npmjs.org/lodash.isstring cache-miss
59 http fetch GET 200 https://registry.npmjs.org/jws 75ms (cache miss)
60 silly packumentCache full:https://registry.npmjs.org/jws set size:undefined disposed:false
61 silly fetch manifest lodash.isboolean@^3.0.3
62 silly packumentCache full:https://registry.npmjs.org/lodash.isboolean cache-miss
63 http fetch GET 200 https://registry.npmjs.org/lodash.includes 29ms (cache miss)
64 silly packumentCache full:https://registry.npmjs.org/lodash.includes set size:undefined disposed:false
65 silly fetch manifest lodash.isinteger@^4.0.4
66 silly packumentCache full:https://registry.npmjs.org/lodash.isinteger cache-miss
67 http fetch GET 200 https://registry.npmjs.org/lodash.isboolean 26ms (cache miss)
68 silly packumentCache full:https://registry.npmjs.org/lodash.isboolean set size:undefined disposed:false
69 silly fetch manifest lodash.isplainobject@^4.0.6
70 silly packumentCache full:https://registry.npmjs.org/lodash.isplainobject cache-miss
71 http fetch GET 200 https://registry.npmjs.org/lodash.isstring 29ms (cache miss)
72 silly packumentCache full:https://registry.npmjs.org/lodash.isstring set size:undefined disposed:false
73 http fetch GET 200 https://registry.npmjs.org/lodash.isnumber 31ms (cache miss)
74 silly packumentCache full:https://registry.npmjs.org/lodash.isnumber set size:undefined disposed:false
75 http fetch GET 200 https://registry.npmjs.org/@types%2fms 123ms (cache miss)
76 silly packumentCache full:https://registry.npmjs.org/@types%2fms set size:undefined disposed:false
77 http fetch GET 200 https://registry.npmjs.org/lodash.isinteger 25ms (cache miss)
78 silly packumentCache full:https://registry.npmjs.org/lodash.isinteger set size:undefined disposed:false
79 http fetch GET 200 https://registry.npmjs.org/lodash.isplainobject 29ms (cache miss)
80 silly packumentCache full:https://registry.npmjs.org/lodash.isplainobject set size:undefined disposed:false
81 http fetch GET 200 https://registry.npmjs.org/lodash.once 126ms (cache miss)
82 silly packumentCache full:https://registry.npmjs.org/lodash.once set size:undefined disposed:false
83 http fetch GET 200 https://registry.npmjs.org/@phc%2fformat 325ms (cache miss)
84 silly packumentCache full:https://registry.npmjs.org/@phc%2fformat set size:undefined disposed:false
85 silly placeDep ROOT @types/ms@2.1.0 OK for: @types/jsonwebtoken@9.0.10 want: *
86 silly placeDep ROOT @phc/format@1.0.0 OK for: argon2@0.44.0 want: ^1.0.0
87 silly placeDep ROOT cross-env@10.1.0 OK for: argon2@0.44.0 want: ^10.0.0
88 silly placeDep ROOT node-addon-api@8.5.0 OK for: argon2@0.44.0 want: ^8.5.0
89 silly placeDep ROOT node-gyp-build@4.8.4 OK for: argon2@0.44.0 want: ^4.8.4
90 silly fetch manifest @epic-web/invariant@^1.0.0
91 silly packumentCache full:https://registry.npmjs.org/@epic-web%2finvariant cache-miss
92 silly fetch manifest cross-spawn@^7.0.6
93 silly packumentCache full:https://registry.npmjs.org/cross-spawn cache-miss
94 http fetch GET 200 https://registry.npmjs.org/cross-spawn 36ms (cache miss)
95 silly packumentCache full:https://registry.npmjs.org/cross-spawn set size:undefined disposed:false
96 http fetch GET 200 https://registry.npmjs.org/@epic-web%2finvariant 572ms (cache miss)
97 silly packumentCache full:https://registry.npmjs.org/@epic-web%2finvariant set size:undefined disposed:false
98 silly placeDep ROOT @epic-web/invariant@1.0.0 OK for: cross-env@10.1.0 want: ^1.0.0
99 silly placeDep ROOT cross-spawn@7.0.6 OK for: cross-env@10.1.0 want: ^7.0.6
100 silly fetch manifest which@^2.0.1
101 silly packumentCache full:https://registry.npmjs.org/which cache-miss
102 silly fetch manifest path-key@^3.1.0
103 silly packumentCache full:https://registry.npmjs.org/path-key cache-miss
104 silly fetch manifest shebang-command@^2.0.0
105 silly packumentCache full:https://registry.npmjs.org/shebang-command cache-miss
106 http fetch GET 200 https://registry.npmjs.org/which 25ms (cache miss)
107 silly packumentCache full:https://registry.npmjs.org/which set size:undefined disposed:false
108 http fetch GET 200 https://registry.npmjs.org/path-key 30ms (cache miss)
109 silly packumentCache full:https://registry.npmjs.org/path-key set size:undefined disposed:false
110 http fetch GET 200 https://registry.npmjs.org/shebang-command 42ms (cache miss)
111 silly packumentCache full:https://registry.npmjs.org/shebang-command set size:undefined disposed:false
112 silly placeDep ROOT path-key@3.1.1 OK for: cross-spawn@7.0.6 want: ^3.1.0
113 silly placeDep ROOT shebang-command@2.0.0 OK for: cross-spawn@7.0.6 want: ^2.0.0
114 silly placeDep ROOT which@2.0.2 OK for: cross-spawn@7.0.6 want: ^2.0.1
115 silly fetch manifest shebang-regex@^3.0.0
116 silly packumentCache full:https://registry.npmjs.org/shebang-regex cache-miss
117 silly fetch manifest isexe@^2.0.0
118 silly packumentCache full:https://registry.npmjs.org/isexe cache-miss
119 http fetch GET 200 https://registry.npmjs.org/isexe 33ms (cache miss)
120 silly packumentCache full:https://registry.npmjs.org/isexe set size:undefined disposed:false
121 http fetch GET 200 https://registry.npmjs.org/shebang-regex 36ms (cache miss)
122 silly packumentCache full:https://registry.npmjs.org/shebang-regex set size:undefined disposed:false
123 silly placeDep ROOT jws@3.2.2 OK for: jsonwebtoken@9.0.2 want: ^3.2.2
124 silly placeDep ROOT lodash.includes@4.3.0 OK for: jsonwebtoken@9.0.2 want: ^4.3.0
125 silly placeDep ROOT lodash.isboolean@3.0.3 OK for: jsonwebtoken@9.0.2 want: ^3.0.3
126 silly placeDep ROOT lodash.isinteger@4.0.4 OK for: jsonwebtoken@9.0.2 want: ^4.0.4
127 silly placeDep ROOT lodash.isnumber@3.0.3 OK for: jsonwebtoken@9.0.2 want: ^3.0.3
128 silly placeDep ROOT lodash.isplainobject@4.0.6 OK for: jsonwebtoken@9.0.2 want: ^4.0.6
129 silly placeDep ROOT lodash.isstring@4.0.1 OK for: jsonwebtoken@9.0.2 want: ^4.0.1
130 silly placeDep ROOT lodash.once@4.1.1 OK for: jsonwebtoken@9.0.2 want: ^4.0.0
131 silly placeDep ROOT semver@7.7.3 OK for: jsonwebtoken@9.0.2 want: ^7.5.4
132 silly fetch manifest jwa@^1.4.1
133 silly packumentCache full:https://registry.npmjs.org/jwa cache-miss
134 silly fetch manifest safe-buffer@^5.0.1
135 silly packumentCache full:https://registry.npmjs.org/safe-buffer cache-miss
136 http fetch GET 200 https://registry.npmjs.org/jwa 34ms (cache miss)
137 silly packumentCache full:https://registry.npmjs.org/jwa set size:undefined disposed:false
138 http fetch GET 200 https://registry.npmjs.org/safe-buffer 149ms (cache miss)
139 silly packumentCache full:https://registry.npmjs.org/safe-buffer set size:undefined disposed:false
140 silly placeDep ROOT jwa@1.4.2 OK for: jws@3.2.2 want: ^1.4.1
141 silly placeDep ROOT safe-buffer@5.2.1 OK for: jws@3.2.2 want: ^5.0.1
142 silly fetch manifest ecdsa-sig-formatter@1.0.11
143 silly packumentCache full:https://registry.npmjs.org/ecdsa-sig-formatter cache-miss
144 silly fetch manifest buffer-equal-constant-time@^1.0.1
145 silly packumentCache full:https://registry.npmjs.org/buffer-equal-constant-time cache-miss
146 http fetch GET 200 https://registry.npmjs.org/buffer-equal-constant-time 28ms (cache miss)
147 silly packumentCache full:https://registry.npmjs.org/buffer-equal-constant-time set size:undefined disposed:false
148 http fetch GET 200 https://registry.npmjs.org/ecdsa-sig-formatter 29ms (cache miss)
149 silly packumentCache full:https://registry.npmjs.org/ecdsa-sig-formatter set size:undefined disposed:false
150 silly placeDep ROOT buffer-equal-constant-time@1.0.1 OK for: jwa@1.4.2 want: ^1.0.1
151 silly placeDep ROOT ecdsa-sig-formatter@1.0.11 OK for: jwa@1.4.2 want: 1.0.11
152 silly placeDep ROOT shebang-regex@3.0.0 OK for: shebang-command@2.0.0 want: ^3.0.0
153 silly placeDep ROOT isexe@2.0.0 OK for: which@2.0.2 want: ^2.0.0
154 silly reify moves {}
155 silly audit bulk request {
155 silly audit   '@cspotcode/source-map-support': [ '0.8.1' ],
155 silly audit   '@jridgewell/resolve-uri': [ '3.1.2' ],
155 silly audit   '@jridgewell/sourcemap-codec': [ '1.5.5' ],
155 silly audit   '@jridgewell/trace-mapping': [ '0.3.9' ],
155 silly audit   '@mongodb-js/saslprep': [ '1.3.2' ],
155 silly audit   '@tsconfig/node10': [ '1.0.12' ],
155 silly audit   '@tsconfig/node12': [ '1.0.11' ],
155 silly audit   '@tsconfig/node14': [ '1.0.3' ],
155 silly audit   '@tsconfig/node16': [ '1.0.4' ],
155 silly audit   '@types/body-parser': [ '1.19.6' ],
155 silly audit   '@types/connect': [ '3.4.38' ],
155 silly audit   '@types/cors': [ '2.8.19' ],
155 silly audit   '@types/express': [ '5.0.5' ],
155 silly audit   '@types/express-serve-static-core': [ '5.1.0' ],
155 silly audit   '@types/http-errors': [ '2.0.5' ],
155 silly audit   '@types/mime': [ '1.3.5' ],
155 silly audit   '@types/node': [ '24.10.1' ],
155 silly audit   '@types/qs': [ '6.14.0' ],
155 silly audit   '@types/range-parser': [ '1.2.7' ],
155 silly audit   '@types/send': [ '1.2.1', '0.17.6' ],
155 silly audit   '@types/serve-static': [ '1.15.10' ],
155 silly audit   '@types/webidl-conversions': [ '7.0.3' ],
155 silly audit   '@types/whatwg-url': [ '13.0.0' ],
155 silly audit   accepts: [ '2.0.0' ],
155 silly audit   acorn: [ '8.15.0' ],
155 silly audit   'acorn-walk': [ '8.3.4' ],
155 silly audit   arg: [ '4.1.3' ],
155 silly audit   'body-parser': [ '2.2.0' ],
155 silly audit   bson: [ '7.0.0' ],
155 silly audit   bytes: [ '3.1.2' ],
155 silly audit   'call-bind-apply-helpers': [ '1.0.2' ],
155 silly audit   'call-bound': [ '1.0.4' ],
155 silly audit   'content-disposition': [ '1.0.1' ],
155 silly audit   'content-type': [ '1.0.5' ],
155 silly audit   cookie: [ '0.7.2' ],
155 silly audit   'cookie-signature': [ '1.2.2' ],
155 silly audit   cors: [ '2.8.5' ],
155 silly audit   'create-require': [ '1.1.1' ],
155 silly audit   debug: [ '4.4.3' ],
155 silly audit   depd: [ '2.0.0' ],
155 silly audit   diff: [ '4.0.2' ],
155 silly audit   dotenv: [ '17.2.3' ],
155 silly audit   'dunder-proto': [ '1.0.1' ],
155 silly audit   'ee-first': [ '1.1.1' ],
155 silly audit   encodeurl: [ '2.0.0' ],
155 silly audit   'es-define-property': [ '1.0.1' ],
155 silly audit   'es-errors': [ '1.3.0' ],
155 silly audit   'es-object-atoms': [ '1.1.1' ],
155 silly audit   'escape-html': [ '1.0.3' ],
155 silly audit   etag: [ '1.8.1' ],
155 silly audit   express: [ '5.1.0' ],
155 silly audit   finalhandler: [ '2.1.0' ],
155 silly audit   forwarded: [ '0.2.0' ],
155 silly audit   fresh: [ '2.0.0' ],
155 silly audit   'function-bind': [ '1.1.2' ],
155 silly audit   'get-intrinsic': [ '1.3.0' ],
155 silly audit   'get-proto': [ '1.0.1' ],
155 silly audit   gopd: [ '1.2.0' ],
155 silly audit   'has-symbols': [ '1.1.0' ],
155 silly audit   hasown: [ '2.0.2' ],
155 silly audit   'http-errors': [ '2.0.1' ],
155 silly audit   'iconv-lite': [ '0.6.3', '0.7.0' ],
155 silly audit   inherits: [ '2.0.4' ],
155 silly audit   'ipaddr.js': [ '1.9.1' ],
155 silly audit   'is-promise': [ '4.0.0' ],
155 silly audit   kareem: [ '3.0.0' ],
155 silly audit   'make-error': [ '1.3.6' ],
155 silly audit   'math-intrinsics': [ '1.1.0' ],
155 silly audit   'media-typer': [ '1.1.0' ],
155 silly audit   'memory-pager': [ '1.5.0' ],
155 silly audit   'merge-descriptors': [ '2.0.0' ],
155 silly audit   'mime-db': [ '1.54.0' ],
155 silly audit   'mime-types': [ '3.0.2' ],
155 silly audit   mongodb: [ '7.0.0' ],
155 silly audit   'mongodb-connection-string-url': [ '7.0.0' ],
155 silly audit   mongoose: [ '9.0.0' ],
155 silly audit   mpath: [ '0.9.0' ],
155 silly audit   mquery: [ '6.0.0' ],
155 silly audit   ms: [ '2.1.3' ],
155 silly audit   negotiator: [ '1.0.0' ],
155 silly audit   'object-assign': [ '4.1.1' ],
155 silly audit   'object-inspect': [ '1.13.4' ],
155 silly audit   'on-finished': [ '2.4.1' ],
155 silly audit   once: [ '1.4.0' ],
155 silly audit   parseurl: [ '1.3.3' ],
155 silly audit   'path-to-regexp': [ '8.3.0' ],
155 silly audit   'proxy-addr': [ '2.0.7' ],
155 silly audit   punycode: [ '2.3.1' ],
155 silly audit   qs: [ '6.14.0' ],
155 silly audit   'range-parser': [ '1.2.1' ],
155 silly audit   'raw-body': [ '3.0.2' ],
155 silly audit   router: [ '2.2.0' ],
155 silly audit   'safer-buffer': [ '2.1.2' ],
155 silly audit   send: [ '1.2.0' ],
155 silly audit   'serve-static': [ '2.2.0' ],
155 silly audit   setprototypeof: [ '1.2.0' ],
155 silly audit   'side-channel': [ '1.1.0' ],
155 silly audit   'side-channel-list': [ '1.0.0' ],
155 silly audit   'side-channel-map': [ '1.0.1' ],
155 silly audit   'side-channel-weakmap': [ '1.0.2' ],
155 silly audit   sift: [ '17.1.3' ],
155 silly audit   'sparse-bitfield': [ '3.0.3' ],
155 silly audit   statuses: [ '2.0.2' ],
155 silly audit   toidentifier: [ '1.0.1' ],
155 silly audit   tr46: [ '5.1.1' ],
155 silly audit   'ts-node': [ '10.9.2' ],
155 silly audit   'type-is': [ '2.0.1' ],
155 silly audit   typescript: [ '5.9.3' ],
155 silly audit   'undici-types': [ '7.16.0' ],
155 silly audit   unpipe: [ '1.0.0' ],
155 silly audit   'v8-compile-cache-lib': [ '3.0.1' ],
155 silly audit   vary: [ '1.1.2' ],
155 silly audit   'webidl-conversions': [ '7.0.0' ],
155 silly audit   'whatwg-url': [ '14.2.0' ],
155 silly audit   wrappy: [ '1.0.2' ],
155 silly audit   yn: [ '3.1.1' ],
155 silly audit   '@types/jsonwebtoken': [ '9.0.10' ],
155 silly audit   argon2: [ '0.44.0' ],
155 silly audit   jsonwebtoken: [ '9.0.2' ],
155 silly audit   '@types/ms': [ '2.1.0' ],
155 silly audit   '@phc/format': [ '1.0.0' ],
155 silly audit   'cross-env': [ '10.1.0' ],
155 silly audit   'node-addon-api': [ '8.5.0' ],
155 silly audit   'node-gyp-build': [ '4.8.4' ],
155 silly audit   '@epic-web/invariant': [ '1.0.0' ],
155 silly audit   'cross-spawn': [ '7.0.6' ],
155 silly audit   'path-key': [ '3.1.1' ],
155 silly audit   'shebang-command': [ '2.0.0' ],
155 silly audit   which: [ '2.0.2' ],
155 silly audit   jws: [ '3.2.2' ],
155 silly audit   'lodash.includes': [ '4.3.0' ],
155 silly audit   'lodash.isboolean': [ '3.0.3' ],
155 silly audit   'lodash.isinteger': [ '4.0.4' ],
155 silly audit   'lodash.isnumber': [ '3.0.3' ],
155 silly audit   'lodash.isplainobject': [ '4.0.6' ],
155 silly audit   'lodash.isstring': [ '4.0.1' ],
155 silly audit   'lodash.once': [ '4.1.1' ],
155 silly audit   semver: [ '7.7.3' ],
155 silly audit   jwa: [ '1.4.2' ],
155 silly audit   'safe-buffer': [ '5.2.1' ],
155 silly audit   'buffer-equal-constant-time': [ '1.0.1' ],
155 silly audit   'ecdsa-sig-formatter': [ '1.0.11' ],
155 silly audit   'shebang-regex': [ '3.0.0' ],
155 silly audit   isexe: [ '2.0.0' ]
155 silly audit }
156 http cache ecdsa-sig-formatter@https://registry.npmjs.org/ecdsa-sig-formatter/-/ecdsa-sig-formatter-1.0.11.tgz 1ms (cache hit)
157 http cache shebang-regex@https://registry.npmjs.org/shebang-regex/-/shebang-regex-3.0.0.tgz 0ms (cache hit)
158 http cache buffer-equal-constant-time@https://registry.npmjs.org/buffer-equal-constant-time/-/buffer-equal-constant-time-1.0.1.tgz 0ms (cache hit)
159 http cache safe-buffer@https://registry.npmjs.org/safe-buffer/-/safe-buffer-5.2.1.tgz 0ms (cache hit)
160 http cache jwa@https://registry.npmjs.org/jwa/-/jwa-1.4.2.tgz 0ms (cache hit)
161 http cache lodash.once@https://registry.npmjs.org/lodash.once/-/lodash.once-4.1.1.tgz 0ms (cache hit)
162 http cache isexe@https://registry.npmjs.org/isexe/-/isexe-2.0.0.tgz 0ms (cache hit)
163 http cache lodash.isstring@https://registry.npmjs.org/lodash.isstring/-/lodash.isstring-4.0.1.tgz 0ms (cache hit)
164 http cache lodash.isplainobject@https://registry.npmjs.org/lodash.isplainobject/-/lodash.isplainobject-4.0.6.tgz 0ms (cache hit)
165 http cache semver@https://registry.npmjs.org/semver/-/semver-7.7.3.tgz 0ms (cache hit)
166 http cache lodash.isnumber@https://registry.npmjs.org/lodash.isnumber/-/lodash.isnumber-3.0.3.tgz 0ms (cache hit)
167 http cache lodash.isinteger@https://registry.npmjs.org/lodash.isinteger/-/lodash.isinteger-4.0.4.tgz 0ms (cache hit)
168 http cache lodash.includes@https://registry.npmjs.org/lodash.includes/-/lodash.includes-4.3.0.tgz 0ms (cache hit)
169 http cache lodash.isboolean@https://registry.npmjs.org/lodash.isboolean/-/lodash.isboolean-3.0.3.tgz 0ms (cache hit)
170 http cache jws@https://registry.npmjs.org/jws/-/jws-3.2.2.tgz 0ms (cache hit)
171 http cache which@https://registry.npmjs.org/which/-/which-2.0.2.tgz 0ms (cache hit)
172 http cache shebang-command@https://registry.npmjs.org/shebang-command/-/shebang-command-2.0.0.tgz 0ms (cache hit)
173 http cache path-key@https://registry.npmjs.org/path-key/-/path-key-3.1.1.tgz 0ms (cache hit)
174 http cache cross-spawn@https://registry.npmjs.org/cross-spawn/-/cross-spawn-7.0.6.tgz 0ms (cache hit)
175 http cache @epic-web/invariant@https://registry.npmjs.org/@epic-web/invariant/-/invariant-1.0.0.tgz 0ms (cache hit)
176 http cache node-gyp-build@https://registry.npmjs.org/node-gyp-build/-/node-gyp-build-4.8.4.tgz 0ms (cache hit)
177 http cache @phc/format@https://registry.npmjs.org/@phc/format/-/format-1.0.0.tgz 0ms (cache hit)
178 http cache @types/ms@https://registry.npmjs.org/@types/ms/-/ms-2.1.0.tgz 0ms (cache hit)
179 http cache node-addon-api@https://registry.npmjs.org/node-addon-api/-/node-addon-api-8.5.0.tgz 0ms (cache hit)
180 http cache cross-env@https://registry.npmjs.org/cross-env/-/cross-env-10.1.0.tgz 0ms (cache hit)
181 http cache jsonwebtoken@https://registry.npmjs.org/jsonwebtoken/-/jsonwebtoken-9.0.2.tgz 0ms (cache hit)
182 http cache argon2@https://registry.npmjs.org/argon2/-/argon2-0.44.0.tgz 0ms (cache hit)
183 http cache @types/jsonwebtoken@https://registry.npmjs.org/@types/jsonwebtoken/-/jsonwebtoken-9.0.10.tgz 0ms (cache hit)
184 silly tarball no local data for ecdsa-sig-formatter@https://registry.npmjs.org/ecdsa-sig-formatter/-/ecdsa-sig-formatter-1.0.11.tgz. Extracting by manifest.
185 silly tarball no local data for shebang-regex@https://registry.npmjs.org/shebang-regex/-/shebang-regex-3.0.0.tgz. Extracting by manifest.
186 silly tarball no local data for buffer-equal-constant-time@https://registry.npmjs.org/buffer-equal-constant-time/-/buffer-equal-constant-time-1.0.1.tgz. Extracting by manifest.
187 silly tarball no local data for safe-buffer@https://registry.npmjs.org/safe-buffer/-/safe-buffer-5.2.1.tgz. Extracting by manifest.
188 silly tarball no local data for jwa@https://registry.npmjs.org/jwa/-/jwa-1.4.2.tgz. Extracting by manifest.
189 silly tarball no local data for lodash.once@https://registry.npmjs.org/lodash.once/-/lodash.once-4.1.1.tgz. Extracting by manifest.
190 silly tarball no local data for isexe@https://registry.npmjs.org/isexe/-/isexe-2.0.0.tgz. Extracting by manifest.
191 silly tarball no local data for lodash.isstring@https://registry.npmjs.org/lodash.isstring/-/lodash.isstring-4.0.1.tgz. Extracting by manifest.
192 silly tarball no local data for lodash.isplainobject@https://registry.npmjs.org/lodash.isplainobject/-/lodash.isplainobject-4.0.6.tgz. Extracting by manifest.
193 silly tarball no local data for semver@https://registry.npmjs.org/semver/-/semver-7.7.3.tgz. Extracting by manifest.
194 silly tarball no local data for lodash.isinteger@https://registry.npmjs.org/lodash.isinteger/-/lodash.isinteger-4.0.4.tgz. Extracting by manifest.
195 silly tarball no local data for lodash.isnumber@https://registry.npmjs.org/lodash.isnumber/-/lodash.isnumber-3.0.3.tgz. Extracting by manifest.
196 silly tarball no local data for lodash.includes@https://registry.npmjs.org/lodash.includes/-/lodash.includes-4.3.0.tgz. Extracting by manifest.
197 silly tarball no local data for jws@https://registry.npmjs.org/jws/-/jws-3.2.2.tgz. Extracting by manifest.
198 silly tarball no local data for lodash.isboolean@https://registry.npmjs.org/lodash.isboolean/-/lodash.isboolean-3.0.3.tgz. Extracting by manifest.
199 silly tarball no local data for path-key@https://registry.npmjs.org/path-key/-/path-key-3.1.1.tgz. Extracting by manifest.
200 silly tarball no local data for @epic-web/invariant@https://registry.npmjs.org/@epic-web/invariant/-/invariant-1.0.0.tgz. Extracting by manifest.
201 silly tarball no local data for node-gyp-build@https://registry.npmjs.org/node-gyp-build/-/node-gyp-build-4.8.4.tgz. Extracting by manifest.
202 silly tarball no local data for which@https://registry.npmjs.org/which/-/which-2.0.2.tgz. Extracting by manifest.
203 silly tarball no local data for shebang-command@https://registry.npmjs.org/shebang-command/-/shebang-command-2.0.0.tgz. Extracting by manifest.
204 silly tarball no local data for @types/ms@https://registry.npmjs.org/@types/ms/-/ms-2.1.0.tgz. Extracting by manifest.
205 silly tarball no local data for cross-spawn@https://registry.npmjs.org/cross-spawn/-/cross-spawn-7.0.6.tgz. Extracting by manifest.
206 silly tarball no local data for node-addon-api@https://registry.npmjs.org/node-addon-api/-/node-addon-api-8.5.0.tgz. Extracting by manifest.
207 silly tarball no local data for @phc/format@https://registry.npmjs.org/@phc/format/-/format-1.0.0.tgz. Extracting by manifest.
208 silly tarball no local data for cross-env@https://registry.npmjs.org/cross-env/-/cross-env-10.1.0.tgz. Extracting by manifest.
209 silly tarball no local data for argon2@https://registry.npmjs.org/argon2/-/argon2-0.44.0.tgz. Extracting by manifest.
210 silly tarball no local data for @types/jsonwebtoken@https://registry.npmjs.org/@types/jsonwebtoken/-/jsonwebtoken-9.0.10.tgz. Extracting by manifest.
211 silly tarball no local data for jsonwebtoken@https://registry.npmjs.org/jsonwebtoken/-/jsonwebtoken-9.0.2.tgz. Extracting by manifest.
212 http fetch GET 200 https://registry.npmjs.org/shebang-regex/-/shebang-regex-3.0.0.tgz 79ms (cache miss)
213 http fetch GET 200 https://registry.npmjs.org/jwa/-/jwa-1.4.2.tgz 81ms (cache miss)
214 http fetch GET 200 https://registry.npmjs.org/buffer-equal-constant-time/-/buffer-equal-constant-time-1.0.1.tgz 81ms (cache miss)
215 http fetch GET 200 https://registry.npmjs.org/lodash.once/-/lodash.once-4.1.1.tgz 85ms (cache miss)
216 http fetch GET 200 https://registry.npmjs.org/ecdsa-sig-formatter/-/ecdsa-sig-formatter-1.0.11.tgz 88ms (cache miss)
217 http fetch GET 200 https://registry.npmjs.org/safe-buffer/-/safe-buffer-5.2.1.tgz 88ms (cache miss)
218 http fetch GET 200 https://registry.npmjs.org/lodash.isboolean/-/lodash.isboolean-3.0.3.tgz 88ms (cache miss)
219 http fetch GET 200 https://registry.npmjs.org/path-key/-/path-key-3.1.1.tgz 97ms (cache miss)
220 http fetch GET 200 https://registry.npmjs.org/shebang-command/-/shebang-command-2.0.0.tgz 99ms (cache miss)
221 http fetch GET 200 https://registry.npmjs.org/which/-/which-2.0.2.tgz 99ms (cache miss)
222 http fetch GET 200 https://registry.npmjs.org/isexe/-/isexe-2.0.0.tgz 103ms (cache miss)
223 http fetch GET 200 https://registry.npmjs.org/node-gyp-build/-/node-gyp-build-4.8.4.tgz 101ms (cache miss)
224 http fetch GET 200 https://registry.npmjs.org/lodash.isinteger/-/lodash.isinteger-4.0.4.tgz 103ms (cache miss)
225 http fetch GET 200 https://registry.npmjs.org/lodash.isplainobject/-/lodash.isplainobject-4.0.6.tgz 103ms (cache miss)
226 http fetch GET 200 https://registry.npmjs.org/jws/-/jws-3.2.2.tgz 103ms (cache miss)
227 http fetch GET 200 https://registry.npmjs.org/lodash.includes/-/lodash.includes-4.3.0.tgz 104ms (cache miss)
228 http fetch GET 200 https://registry.npmjs.org/lodash.isstring/-/lodash.isstring-4.0.1.tgz 105ms (cache miss)
229 http fetch GET 200 https://registry.npmjs.org/@types/ms/-/ms-2.1.0.tgz 105ms (cache miss)
230 http fetch GET 200 https://registry.npmjs.org/lodash.isnumber/-/lodash.isnumber-3.0.3.tgz 108ms (cache miss)
231 http fetch GET 200 https://registry.npmjs.org/cross-spawn/-/cross-spawn-7.0.6.tgz 109ms (cache miss)
232 http fetch GET 200 https://registry.npmjs.org/cross-env/-/cross-env-10.1.0.tgz 110ms (cache miss)
233 http fetch GET 200 https://registry.npmjs.org/node-addon-api/-/node-addon-api-8.5.0.tgz 114ms (cache miss)
234 http fetch GET 200 https://registry.npmjs.org/semver/-/semver-7.7.3.tgz 119ms (cache miss)
235 http fetch GET 200 https://registry.npmjs.org/@types/jsonwebtoken/-/jsonwebtoken-9.0.10.tgz 121ms (cache miss)
236 http fetch GET 200 https://registry.npmjs.org/jsonwebtoken/-/jsonwebtoken-9.0.2.tgz 121ms (cache miss)
237 http fetch GET 200 https://registry.npmjs.org/argon2/-/argon2-0.44.0.tgz 160ms (cache miss)
238 http fetch POST 200 https://registry.npmjs.org/-/npm/v1/security/advisories/bulk 249ms
239 silly audit report {}
240 http fetch GET 200 https://registry.npmjs.org/@epic-web/invariant/-/invariant-1.0.0.tgz 940ms (cache miss)
241 http fetch GET 200 https://registry.npmjs.org/@phc/format/-/format-1.0.0.tgz 964ms (cache miss)
242 info run argon2@0.44.0 install node_modules/argon2 cross-env ZERO_AR_DATE=1 node-gyp-build
243 info run argon2@0.44.0 install { code: 0, signal: null }
244 silly ADD node_modules/isexe
245 silly ADD node_modules/shebang-regex
246 silly ADD node_modules/ecdsa-sig-formatter
247 silly ADD node_modules/buffer-equal-constant-time
248 silly ADD node_modules/safe-buffer
249 silly ADD node_modules/jwa
250 silly ADD node_modules/semver
251 silly ADD node_modules/lodash.once
252 silly ADD node_modules/lodash.isstring
253 silly ADD node_modules/lodash.isplainobject
254 silly ADD node_modules/lodash.isnumber
255 silly ADD node_modules/lodash.isinteger
256 silly ADD node_modules/lodash.isboolean
257 silly ADD node_modules/lodash.includes
258 silly ADD node_modules/jws
259 silly ADD node_modules/which
260 silly ADD node_modules/shebang-command
261 silly ADD node_modules/path-key
262 silly ADD node_modules/cross-spawn
263 silly ADD node_modules/@epic-web/invariant
264 silly ADD node_modules/node-gyp-build
265 silly ADD node_modules/node-addon-api
266 silly ADD node_modules/cross-env
267 silly ADD node_modules/@phc/format
268 silly ADD node_modules/@types/ms
269 silly ADD node_modules/jsonwebtoken
270 silly ADD node_modules/argon2
271 silly ADD node_modules/@types/jsonwebtoken
272 verbose cwd /Users/macbookair/Documents/antigravity/server
273 verbose os Darwin 24.6.0
274 verbose node v22.20.0
275 verbose npm  v10.9.3
276 verbose exit 0
277 info ok
