0 verbose cli C:\Program Files\nodejs\node.exe C:\Program Files\nodejs\node_modules\npm\bin\npm-cli.js
1 info using npm@11.6.2
2 info using node@v25.2.1
3 silly config load:file:C:\Program Files\nodejs\node_modules\npm\npmrc
4 silly config load:file:c:\Users\BiploB\Desktop\libery\libery-server\.npmrc
5 silly config load:file:C:\Users\BiploB\.npmrc
6 silly config load:file:C:\Users\BiploB\AppData\Roaming\npm\etc\npmrc
7 verbose title npm view typescript description dist-tags.latest homepage version time
8 verbose argv "view" "--json" "--" "typescript" "description" "dist-tags.latest" "homepage" "version" "time"
9 verbose logfile logs-max:10 dir:c:\Users\BiploB\Desktop\libery\libery-server\.npm-cache\_logs\2025-12-04T17_58_47_694Z-
10 verbose logfile c:\Users\BiploB\Desktop\libery\libery-server\.npm-cache\_logs\2025-12-04T17_58_47_694Z-debug-0.log
11 silly logfile start cleaning logs, removing 1 files
12 silly logfile done cleaning log files
13 http fetch GET 200 https://registry.npmjs.org/typescript 399ms (cache updated)
14 verbose cwd c:\Users\BiploB\Desktop\libery\libery-server
15 verbose os Windows_NT 10.0.19045
16 verbose node v25.2.1
17 verbose npm  v11.6.2
18 verbose exit 0
19 info ok
